{
  "stats": {
    "suites": 1,
    "tests": 1,
    "passes": 1,
    "pending": 0,
    "failures": 0,
    "start": "2022-03-01T07:49:31.880Z",
    "end": "2022-03-01T07:49:45.307Z",
    "duration": 13427,
    "testsRegistered": 1,
    "passPercent": 100,
    "pendingPercent": 0,
    "other": 0,
    "hasOther": false,
    "skipped": 0,
    "hasSkipped": false
  },
  "results": [
    {
      "uuid": "64d20c4f-9d2f-4369-ad77-d485d0b7af45",
      "title": "",
      "fullFile": "cypress/integration/02-devportal/000-general/02-logout-from-devportal.spec.js",
      "file": "cypress/integration/02-devportal/000-general/02-logout-from-devportal.spec.js",
      "beforeHooks": [],
      "afterHooks": [],
      "tests": [],
      "suites": [
        {
          "uuid": "9371793d-4b08-41c2-87fe-22557b118115",
          "title": "Login logout from devportal",
          "fullFile": "",
          "file": "",
          "beforeHooks": [],
          "afterHooks": [],
          "tests": [
            {
              "title": "Login logout from devportal",
              "fullTitle": "Login logout from devportal Login logout from devportal",
              "timedOut": null,
              "duration": 11923,
              "state": "passed",
              "speed": "slow",
              "pass": true,
              "fail": false,
              "pending": false,
              "context": null,
              "code": "cy.loginToDevportal(developer, password);\ncy.logoutFromDevportal();",
              "err": {},
              "uuid": "08cdb24e-6a58-4eb3-a146-5752e9860b37",
              "parentUUID": "9371793d-4b08-41c2-87fe-22557b118115",
              "isHook": false,
              "skipped": false
            }
          ],
          "suites": [],
          "passes": [
            "08cdb24e-6a58-4eb3-a146-5752e9860b37"
          ],
          "failures": [],
          "pending": [],
          "skipped": [],
          "duration": 11923,
          "root": false,
          "rootEmpty": false,
          "_timeout": 2000
        }
      ],
      "passes": [],
      "failures": [],
      "pending": [],
      "skipped": [],
      "duration": 0,
      "root": true,
      "rootEmpty": true,
      "_timeout": 2000
    }
  ],
  "meta": {
    "mocha": {
      "version": "7.0.1"
    },
    "mochawesome": {
      "options": {
        "quiet": false,
        "reportFilename": "mochawesome",
        "saveHtml": false,
        "saveJson": true,
        "consoleReporter": "spec",
        "useInlineDiffs": false,
        "code": true
      },
      "version": "6.2.2"
    },
    "marge": {
      "options": {
        "id": "default",
        "charts": true,
        "reportPageTitle": "custom-title",
        "overwrite": false,
        "html": false,
        "json": true,
        "reportDir": "cypress/reports/html/.jsons"
      },
      "version": "5.2.0"
    }
  }
}