{
  "stats": {
    "suites": 1,
    "tests": 1,
    "passes": 1,
    "pending": 0,
    "failures": 0,
    "start": "2022-03-01T07:38:14.380Z",
    "end": "2022-03-01T07:38:33.512Z",
    "duration": 19132,
    "testsRegistered": 1,
    "passPercent": 100,
    "pendingPercent": 0,
    "other": 0,
    "hasOther": false,
    "skipped": 0,
    "hasSkipped": false
  },
  "results": [
    {
      "uuid": "42efcb28-b903-474e-ae0d-aee764fc5e5b",
      "title": "",
      "fullFile": "cypress/integration/01-publisher/003-run-time-configs/06-oauth2-and-api-key-security.spec.js",
      "file": "cypress/integration/01-publisher/003-run-time-configs/06-oauth2-and-api-key-security.spec.js",
      "beforeHooks": [],
      "afterHooks": [],
      "tests": [],
      "suites": [
        {
          "uuid": "098815c9-7a78-40c7-9e56-8f5998cca3f6",
          "title": "Runtime configuration",
          "fullFile": "",
          "file": "",
          "beforeHooks": [],
          "afterHooks": [],
          "tests": [
            {
              "title": "OAuth2 and api key security spec",
              "fullTitle": "Runtime configuration OAuth2 and api key security spec",
              "timedOut": null,
              "duration": 15450,
              "state": "passed",
              "speed": "slow",
              "pass": true,
              "fail": false,
              "pending": false,
              "context": null,
              "code": "cy.createAPIByRestAPIDesign(apiName, apiVersion);\ncy.get('[data-testid=\"left-menu-itemRuntimeConfigurations\"]').click();\ncy.get('[data-testid=\"application-level-security-head\"]').click(); // Checking the two options\ncy.get('[data-testid=\"api-security-basic-auth-checkbox\"]').click();\ncy.get('[data-testid=\"api-security-api-key-checkbox\"]').click();\ncy.get('[data-testid=\"save-runtime-configurations\"]').click();\ncy.get('[data-testid=\"save-runtime-configurations\"]').then(() => {\n  cy.get('[data-testid=\"application-level-security-head\"]').click();\n  cy.get('[data-testid=\"api-security-basic-auth-checkbox\"] input').should('be.checked');\n  cy.get('[data-testid=\"api-security-api-key-checkbox\"] input').should('be.checked');\n});",
              "err": {},
              "uuid": "8b470e95-bf67-4f9f-8d57-722215dc8644",
              "parentUUID": "098815c9-7a78-40c7-9e56-8f5998cca3f6",
              "isHook": false,
              "skipped": false
            }
          ],
          "suites": [],
          "passes": [
            "8b470e95-bf67-4f9f-8d57-722215dc8644"
          ],
          "failures": [],
          "pending": [],
          "skipped": [],
          "duration": 15450,
          "root": false,
          "rootEmpty": false,
          "_timeout": 2000
        }
      ],
      "passes": [],
      "failures": [],
      "pending": [],
      "skipped": [],
      "duration": 0,
      "root": true,
      "rootEmpty": true,
      "_timeout": 2000
    }
  ],
  "meta": {
    "mocha": {
      "version": "7.0.1"
    },
    "mochawesome": {
      "options": {
        "quiet": false,
        "reportFilename": "mochawesome",
        "saveHtml": false,
        "saveJson": true,
        "consoleReporter": "spec",
        "useInlineDiffs": false,
        "code": true
      },
      "version": "6.2.2"
    },
    "marge": {
      "options": {
        "id": "default",
        "charts": true,
        "reportPageTitle": "custom-title",
        "overwrite": false,
        "html": false,
        "json": true,
        "reportDir": "cypress/reports/html/.jsons"
      },
      "version": "5.2.0"
    }
  }
}