{
  "stats": {
    "suites": 1,
    "tests": 1,
    "passes": 1,
    "pending": 0,
    "failures": 0,
    "start": "2022-03-01T07:41:32.865Z",
    "end": "2022-03-01T07:41:52.145Z",
    "duration": 19280,
    "testsRegistered": 1,
    "passPercent": 100,
    "pendingPercent": 0,
    "other": 0,
    "hasOther": false,
    "skipped": 0,
    "hasSkipped": false
  },
  "results": [
    {
      "uuid": "30d24cf2-4ec1-4f9a-8bf4-771337e4739d",
      "title": "",
      "fullFile": "cypress/integration/01-publisher/005-design-config/00-add-thumbnail-image.spec.js",
      "file": "cypress/integration/01-publisher/005-design-config/00-add-thumbnail-image.spec.js",
      "beforeHooks": [],
      "afterHooks": [],
      "tests": [],
      "suites": [
        {
          "uuid": "3297735e-5d42-4882-80c0-0325730f28a1",
          "title": "Upload thumbnail",
          "fullFile": "",
          "file": "",
          "beforeHooks": [],
          "afterHooks": [],
          "tests": [
            {
              "title": "Upload thumbnail",
              "fullTitle": "Upload thumbnail Upload thumbnail",
              "timedOut": null,
              "duration": 15304,
              "state": "passed",
              "speed": "slow",
              "pass": true,
              "fail": false,
              "pending": false,
              "context": null,
              "code": "cy.createAPIByRestAPIDesign(apiName, apiVersion);\ncy.get('[data-testid=\"left-menu-itemDesignConfigurations\"]').click();\ncy.get('[data-testid=\"edit-api-thumbnail-btn\"]').click();\ncy.get('[data-testid=\"edit-api-thumbnail-upload\"]').click(); // upload the image\nconst filepath = 'api_artifacts/api-pic.jpg';\ncy.get('input[type=\"file\"]').attachFile(filepath); // Save\ncy.get('[data-testid=\"edit-api-thumbnail-save-btn\"]').click(); // Validate\ncy.get('[alt=\"API Thumbnail\"]').should('be.visible').and($img => {\n  // \"naturalWidth\" and \"naturalHeight\" are set when the image loads\n  expect($img[0].naturalWidth).to.be.greaterThan(0);\n});",
              "err": {},
              "uuid": "cc6ab697-8815-483a-91ca-93cfe1cd68e8",
              "parentUUID": "3297735e-5d42-4882-80c0-0325730f28a1",
              "isHook": false,
              "skipped": false
            }
          ],
          "suites": [],
          "passes": [
            "cc6ab697-8815-483a-91ca-93cfe1cd68e8"
          ],
          "failures": [],
          "pending": [],
          "skipped": [],
          "duration": 15304,
          "root": false,
          "rootEmpty": false,
          "_timeout": 2000
        }
      ],
      "passes": [],
      "failures": [],
      "pending": [],
      "skipped": [],
      "duration": 0,
      "root": true,
      "rootEmpty": true,
      "_timeout": 2000
    }
  ],
  "meta": {
    "mocha": {
      "version": "7.0.1"
    },
    "mochawesome": {
      "options": {
        "quiet": false,
        "reportFilename": "mochawesome",
        "saveHtml": false,
        "saveJson": true,
        "consoleReporter": "spec",
        "useInlineDiffs": false,
        "code": true
      },
      "version": "6.2.2"
    },
    "marge": {
      "options": {
        "id": "default",
        "charts": true,
        "reportPageTitle": "custom-title",
        "overwrite": false,
        "html": false,
        "json": true,
        "reportDir": "cypress/reports/html/.jsons"
      },
      "version": "5.2.0"
    }
  }
}