{
  "stats": {
    "suites": 1,
    "tests": 1,
    "passes": 1,
    "pending": 0,
    "failures": 0,
    "start": "2022-03-01T07:57:03.452Z",
    "end": "2022-03-01T07:57:12.106Z",
    "duration": 8654,
    "testsRegistered": 1,
    "passPercent": 100,
    "pendingPercent": 0,
    "other": 0,
    "hasOther": false,
    "skipped": 0,
    "hasSkipped": false
  },
  "results": [
    {
      "uuid": "e570218f-9123-4e7a-835e-ad4ff0926d91",
      "title": "",
      "fullFile": "cypress/integration/03-admin/05-add-custom-throttle-policies.spec.js",
      "file": "cypress/integration/03-admin/05-add-custom-throttle-policies.spec.js",
      "beforeHooks": [],
      "afterHooks": [],
      "tests": [],
      "suites": [
        {
          "uuid": "16fe1286-bca9-4e8e-bc83-f6f061f5559d",
          "title": "Add custom throttle policies",
          "fullFile": "",
          "file": "",
          "beforeHooks": [],
          "afterHooks": [],
          "tests": [
            {
              "title": "Add custom throttle policies",
              "fullTitle": "Add custom throttle policies Add custom throttle policies",
              "timedOut": null,
              "duration": 8607,
              "state": "passed",
              "speed": "medium",
              "pass": true,
              "fail": false,
              "pending": false,
              "context": null,
              "code": "const policyName = '5reqPerMin';\nconst secondDesc = 'For an Admin users allow 5 requests per minute';\ncy.get('[data-testid=\"Custom Policies-child-link\"]').click();\ncy.get('.MuiButton-label').contains('Define Policy').click();\ncy.get('input[name=\"policyName\"]').type(policyName);\ncy.get('input[name=\"description\"]').type('Allow 5 requests per minute for an Admin user');\ncy.get('input[name=\"keyTemplate\"]').type('$userId');\ncy.get('button.MuiButton-containedPrimary > span').contains('Add').click();\ncy.get('[data-testid=\"MuiDataTableBodyCell-0-0\"] a').contains(policyName).should('exist'); // editing\ncy.get('[data-testid=\"MuiDataTableBodyCell-0-0\"] a').contains(policyName).click();\ncy.get('input[name=\"description\"]').invoke('val').should('not.be.empty');\ncy.get('input[name=\"description\"]').clear().type(secondDesc);\ncy.intercept('GET', '**/throttling/policies/custom').as('getCustomPolicies');\ncy.get('button.MuiButton-containedPrimary > span').contains('Add').click();\ncy.wait('@getCustomPolicies');\ncy.get('[data-testid=\"MuiDataTableBodyCell-1-0\"]').contains(secondDesc).should('exist'); // delete\ncy.get(`[data-testid=\"MuiDataTableBodyCell-4-0\"] > div > span:nth-child(2)`).click();\ncy.get('button > span').contains('Delete').click(); // cy.get('#client-snackbar').contains('API Category deleted successfully').should('exist');",
              "err": {},
              "uuid": "3d841085-12a5-4768-8d84-01e683ed5631",
              "parentUUID": "16fe1286-bca9-4e8e-bc83-f6f061f5559d",
              "isHook": false,
              "skipped": false
            }
          ],
          "suites": [],
          "passes": [
            "3d841085-12a5-4768-8d84-01e683ed5631"
          ],
          "failures": [],
          "pending": [],
          "skipped": [],
          "duration": 8607,
          "root": false,
          "rootEmpty": false,
          "_timeout": 2000
        }
      ],
      "passes": [],
      "failures": [],
      "pending": [],
      "skipped": [],
      "duration": 0,
      "root": true,
      "rootEmpty": true,
      "_timeout": 2000
    }
  ],
  "meta": {
    "mocha": {
      "version": "7.0.1"
    },
    "mochawesome": {
      "options": {
        "quiet": false,
        "reportFilename": "mochawesome",
        "saveHtml": false,
        "saveJson": true,
        "consoleReporter": "spec",
        "useInlineDiffs": false,
        "code": true
      },
      "version": "6.2.2"
    },
    "marge": {
      "options": {
        "id": "default",
        "charts": true,
        "reportPageTitle": "custom-title",
        "overwrite": false,
        "html": false,
        "json": true,
        "reportDir": "cypress/reports/html/.jsons"
      },
      "version": "5.2.0"
    }
  }
}