{
  "stats": {
    "suites": 1,
    "tests": 1,
    "passes": 1,
    "pending": 0,
    "failures": 0,
    "start": "2022-03-01T07:51:54.639Z",
    "end": "2022-03-01T07:52:47.146Z",
    "duration": 52507,
    "testsRegistered": 1,
    "passPercent": 100,
    "pendingPercent": 0,
    "other": 0,
    "hasOther": false,
    "skipped": 0,
    "hasSkipped": false
  },
  "results": [
    {
      "uuid": "9f3b1e0c-ac2f-493a-8f50-28a068bdc382",
      "title": "",
      "fullFile": "cypress/integration/02-devportal/002-subscriptions/01-subscribe-unsubscribe-to-app-from-app.spec.js",
      "file": "cypress/integration/02-devportal/002-subscriptions/01-subscribe-unsubscribe-to-app-from-app.spec.js",
      "beforeHooks": [],
      "afterHooks": [],
      "tests": [],
      "suites": [
        {
          "uuid": "43053a70-61ce-4c39-a0c5-f74c544d3e84",
          "title": "Anonymous view apis",
          "fullFile": "",
          "file": "",
          "beforeHooks": [],
          "afterHooks": [],
          "tests": [
            {
              "title": "Subscribe unsubscribe to app from application view",
              "fullTitle": "Anonymous view apis Subscribe unsubscribe to app from application view",
              "timedOut": null,
              "duration": 36387,
              "state": "passed",
              "speed": "slow",
              "pass": true,
              "fail": false,
              "pending": false,
              "context": null,
              "code": "cy.loginToPublisher(publisher, password);\ncy.createAndPublishAPIByRestAPIDesign(apiName, apiVersion, apiContext);\ncy.logoutFromPublisher();\ncy.loginToDevportal(developer, password);\ncy.createApp(appName, appDescription);\ncy.visit('/devportal/applications?tenant=carbon.super');\ncy.get(`[data-testid=\"application-listing-table\"] td a`).contains(appName).click(); // Go to application subscription page\ncy.get('[data-testid=\"left-menu-subscriptions\"]').click();\ncy.get('[data-testid=\"subscribe-api-btn\"]').click();\ncy.get('[data-testid=\"subscribe-to-api-table\"] td button span').contains('Subscribe').click();\ncy.get('[data-testid=\"close-btn\"]').click(); // check if the subscription exists\ncy.get(`[data-testid=\"subscriptions-table\"] td a`).contains(`${apiName} - ${apiVersion}`).should('exist'); // Unsubscribe\ncy.get(`[data-testid=\"delete-api-subscription-${apiName}\"]`).click();\ncy.get('[data-testid=\"delete-api-subscription-confirm-btn\"]').click(); // Check if unsubscribed successfully\ncy.get(`[data-testid=\"delete-api-subscription-${apiName}\"]`).should('not.exist'); // Editing application\ncy.get('[data-testid=\"edit-application\"]').click();\ncy.get('#application-name').click();\ncy.get('#application-name').type(2);\ncy.get('[data-testid=\"application-save-btn\"]').click(); // Checking the app name exists in the overview page.\ncy.url().should('contain', '/overview');\ncy.get('[data-testid=\"application-title\"]').contains(appName + '2').should('exist');",
              "err": {},
              "uuid": "99a729f5-79bb-463a-8b90-36fd60357bf9",
              "parentUUID": "43053a70-61ce-4c39-a0c5-f74c544d3e84",
              "isHook": false,
              "skipped": false
            }
          ],
          "suites": [],
          "passes": [
            "99a729f5-79bb-463a-8b90-36fd60357bf9"
          ],
          "failures": [],
          "pending": [],
          "skipped": [],
          "duration": 36387,
          "root": false,
          "rootEmpty": false,
          "_timeout": 2000
        }
      ],
      "passes": [],
      "failures": [],
      "pending": [],
      "skipped": [],
      "duration": 0,
      "root": true,
      "rootEmpty": true,
      "_timeout": 2000
    }
  ],
  "meta": {
    "mocha": {
      "version": "7.0.1"
    },
    "mochawesome": {
      "options": {
        "quiet": false,
        "reportFilename": "mochawesome",
        "saveHtml": false,
        "saveJson": true,
        "consoleReporter": "spec",
        "useInlineDiffs": false,
        "code": true
      },
      "version": "6.2.2"
    },
    "marge": {
      "options": {
        "id": "default",
        "charts": true,
        "reportPageTitle": "custom-title",
        "overwrite": false,
        "html": false,
        "json": true,
        "reportDir": "cypress/reports/html/.jsons"
      },
      "version": "5.2.0"
    }
  }
}