{
  "stats": {
    "suites": 1,
    "tests": 1,
    "passes": 1,
    "pending": 0,
    "failures": 0,
    "start": "2022-03-01T07:37:31.171Z",
    "end": "2022-03-01T07:37:50.414Z",
    "duration": 19243,
    "testsRegistered": 1,
    "passPercent": 100,
    "pendingPercent": 0,
    "other": 0,
    "hasOther": false,
    "skipped": 0,
    "hasSkipped": false
  },
  "results": [
    {
      "uuid": "bacc8603-e102-4a8e-871f-b9b4e9a413f7",
      "title": "",
      "fullFile": "cypress/integration/01-publisher/003-run-time-configs/04-enable-schema-validation.spec.js",
      "file": "cypress/integration/01-publisher/003-run-time-configs/04-enable-schema-validation.spec.js",
      "beforeHooks": [],
      "afterHooks": [],
      "tests": [],
      "suites": [
        {
          "uuid": "ee1694e3-a6b2-4f03-a9c2-e509abe266d8",
          "title": "Runtime configuration",
          "fullFile": "",
          "file": "",
          "beforeHooks": [],
          "afterHooks": [],
          "tests": [
            {
              "title": "Add Authorization Header for the api",
              "fullTitle": "Runtime configuration Add Authorization Header for the api",
              "timedOut": null,
              "duration": 14871,
              "state": "passed",
              "speed": "slow",
              "pass": true,
              "fail": false,
              "pending": false,
              "context": null,
              "code": "cy.createAPIByRestAPIDesign(apiName, apiVersion);\ncy.get('[data-testid=\"left-menu-itemRuntimeConfigurations\"]').click();\ncy.get('[data-testid=\"schema-validation-switch\"]').click();\ncy.get('[data-testid=\"schema-validation-yes-btn\"]').click();\ncy.get('[data-testid=\"save-runtime-configurations\"]').click();\ncy.get('[data-testid=\"schema-validation-switch\"]').should('have.class', 'Mui-checked');",
              "err": {},
              "uuid": "ce93c560-02bc-47db-bf94-0e3ae5fcfbbd",
              "parentUUID": "ee1694e3-a6b2-4f03-a9c2-e509abe266d8",
              "isHook": false,
              "skipped": false
            }
          ],
          "suites": [],
          "passes": [
            "ce93c560-02bc-47db-bf94-0e3ae5fcfbbd"
          ],
          "failures": [],
          "pending": [],
          "skipped": [],
          "duration": 14871,
          "root": false,
          "rootEmpty": false,
          "_timeout": 2000
        }
      ],
      "passes": [],
      "failures": [],
      "pending": [],
      "skipped": [],
      "duration": 0,
      "root": true,
      "rootEmpty": true,
      "_timeout": 2000
    }
  ],
  "meta": {
    "mocha": {
      "version": "7.0.1"
    },
    "mochawesome": {
      "options": {
        "quiet": false,
        "reportFilename": "mochawesome",
        "saveHtml": false,
        "saveJson": true,
        "consoleReporter": "spec",
        "useInlineDiffs": false,
        "code": true
      },
      "version": "6.2.2"
    },
    "marge": {
      "options": {
        "id": "default",
        "charts": true,
        "reportPageTitle": "custom-title",
        "overwrite": false,
        "html": false,
        "json": true,
        "reportDir": "cypress/reports/html/.jsons"
      },
      "version": "5.2.0"
    }
  }
}