{
  "stats": {
    "suites": 1,
    "tests": 1,
    "passes": 1,
    "pending": 0,
    "failures": 0,
    "start": "2022-03-01T07:47:40.170Z",
    "end": "2022-03-01T07:47:57.802Z",
    "duration": 17632,
    "testsRegistered": 1,
    "passPercent": 100,
    "pendingPercent": 0,
    "other": 0,
    "hasOther": false,
    "skipped": 0,
    "hasSkipped": false
  },
  "results": [
    {
      "uuid": "9775004c-01b0-40fa-95b8-f1fb19986775",
      "title": "",
      "fullFile": "cypress/integration/01-publisher/012-documents/00-add-edit-inline-document.spec.js",
      "file": "cypress/integration/01-publisher/012-documents/00-add-edit-inline-document.spec.js",
      "beforeHooks": [],
      "afterHooks": [],
      "tests": [],
      "suites": [
        {
          "uuid": "e90c2c94-979f-44f6-8e06-589dd45a5980",
          "title": "creating document",
          "fullFile": "",
          "file": "",
          "beforeHooks": [],
          "afterHooks": [],
          "tests": [
            {
              "title": "Creating inline document",
              "fullTitle": "creating document Creating inline document",
              "timedOut": null,
              "duration": 15727,
              "state": "passed",
              "speed": "slow",
              "pass": true,
              "fail": false,
              "pending": false,
              "context": null,
              "code": "const documentName = 'api document';\nconst documentSummery = 'api document summery';\ncy.createAPIWithoutEndpoint();\ncy.get('[data-testid=\"left-menu-itemDocumentation\"]').click();\ncy.get('[data-testid=\"add-new-document-btn\"]').click();\ncy.get('[data-testid=\"doc-name-textbox\"]').type(documentName);\ncy.get('[data-testid=\"doc-summery-textbox\"]').click();\ncy.get('[data-testid=\"doc-summery-textbox\"]').type(documentSummery);\ncy.get('[data-testid=\"add-document-btn\"]').click();\ncy.get('[data-testid=\"add-content-back-to-listing-btn\"]').click(); // Checking it's existence\ncy.get('table a').contains(documentName).should('be.visible');",
              "err": {},
              "uuid": "63d79dd2-daf0-4d36-af44-edeae5d0e2ab",
              "parentUUID": "e90c2c94-979f-44f6-8e06-589dd45a5980",
              "isHook": false,
              "skipped": false
            }
          ],
          "suites": [],
          "passes": [
            "63d79dd2-daf0-4d36-af44-edeae5d0e2ab"
          ],
          "failures": [],
          "pending": [],
          "skipped": [],
          "duration": 15727,
          "root": false,
          "rootEmpty": false,
          "_timeout": 2000
        }
      ],
      "passes": [],
      "failures": [],
      "pending": [],
      "skipped": [],
      "duration": 0,
      "root": true,
      "rootEmpty": true,
      "_timeout": 2000
    }
  ],
  "meta": {
    "mocha": {
      "version": "7.0.1"
    },
    "mochawesome": {
      "options": {
        "quiet": false,
        "reportFilename": "mochawesome",
        "saveHtml": false,
        "saveJson": true,
        "consoleReporter": "spec",
        "useInlineDiffs": false,
        "code": true
      },
      "version": "6.2.2"
    },
    "marge": {
      "options": {
        "id": "default",
        "charts": true,
        "reportPageTitle": "custom-title",
        "overwrite": false,
        "html": false,
        "json": true,
        "reportDir": "cypress/reports/html/.jsons"
      },
      "version": "5.2.0"
    }
  }
}