{
  "stats": {
    "suites": 1,
    "tests": 1,
    "passes": 1,
    "pending": 0,
    "failures": 0,
    "start": "2022-03-01T07:40:23.447Z",
    "end": "2022-03-01T07:40:43.209Z",
    "duration": 19762,
    "testsRegistered": 1,
    "passPercent": 100,
    "pendingPercent": 0,
    "other": 0,
    "hasOther": false,
    "skipped": 0,
    "hasSkipped": false
  },
  "results": [
    {
      "uuid": "4002a244-c2e6-400d-9f92-defd746fde4a",
      "title": "",
      "fullFile": "cypress/integration/01-publisher/004-endpoints/05-add-security.spec.js",
      "file": "cypress/integration/01-publisher/004-endpoints/05-add-security.spec.js",
      "beforeHooks": [],
      "afterHooks": [],
      "tests": [],
      "suites": [
        {
          "uuid": "ed31b7b2-21f1-4369-ad1a-59b5bf1df9ff",
          "title": "Add security to the endpoint",
          "fullFile": "",
          "file": "",
          "beforeHooks": [],
          "afterHooks": [],
          "tests": [
            {
              "title": "Add security to the endpoint",
              "fullTitle": "Add security to the endpoint Add security to the endpoint",
              "timedOut": null,
              "duration": 17653,
              "state": "passed",
              "speed": "slow",
              "pass": true,
              "fail": false,
              "pending": false,
              "context": null,
              "code": "const endpoint = 'https://petstore.swagger.io/v2/store/inventory';\nconst usernameLocal = 'admin';\nconst passwordLocal = 'admin';\ncy.createAPIWithoutEndpoint();\ncy.get('[data-testid=\"left-menu-itemendpoints\"]').click();\ncy.get('[data-testid=\"http__rest_endpoint-start\"]').click(); // Add the prod and sandbox endpoints\ncy.get('[data-testid=\"production-endpoint-checkbox\"]').click();\ncy.get('#primaryEndpoint').focus().type(endpoint);\ncy.get('[data-testid=\"primaryEndpoint-endpoint-security-icon-btn\"] .material-icons').trigger('click'); // cy.get('body').click();\ncy.get('[data-testid=\"auth-type-select\"]').click();\ncy.get('[data-testid=\"auth-type-BASIC\"]').click();\ncy.get('#auth-userName').click();\ncy.get('#auth-userName').type(usernameLocal);\ncy.get('#auth-password').click();\ncy.get('#auth-password').type(passwordLocal); // Save the security form\ncy.get('[data-testid=\"endpoint-security-submit-btn\"]').click(); // Save the endpoint\ncy.get('[data-testid=\"endpoint-save-btn\"]').click(); // Check the values\ncy.get('[data-testid=\"primaryEndpoint-endpoint-security-icon-btn\"] .material-icons').trigger('click');\ncy.get('#auth-userName').should('have.value', usernameLocal);\ncy.get('#auth-password').should('have.value', passwordLocal);",
              "err": {},
              "uuid": "3c286d62-85f9-4af2-b2e6-5ea6d1aeb9f5",
              "parentUUID": "ed31b7b2-21f1-4369-ad1a-59b5bf1df9ff",
              "isHook": false,
              "skipped": false
            }
          ],
          "suites": [],
          "passes": [
            "3c286d62-85f9-4af2-b2e6-5ea6d1aeb9f5"
          ],
          "failures": [],
          "pending": [],
          "skipped": [],
          "duration": 17653,
          "root": false,
          "rootEmpty": false,
          "_timeout": 2000
        }
      ],
      "passes": [],
      "failures": [],
      "pending": [],
      "skipped": [],
      "duration": 0,
      "root": true,
      "rootEmpty": true,
      "_timeout": 2000
    }
  ],
  "meta": {
    "mocha": {
      "version": "7.0.1"
    },
    "mochawesome": {
      "options": {
        "quiet": false,
        "reportFilename": "mochawesome",
        "saveHtml": false,
        "saveJson": true,
        "consoleReporter": "spec",
        "useInlineDiffs": false,
        "code": true
      },
      "version": "6.2.2"
    },
    "marge": {
      "options": {
        "id": "default",
        "charts": true,
        "reportPageTitle": "custom-title",
        "overwrite": false,
        "html": false,
        "json": true,
        "reportDir": "cypress/reports/html/.jsons"
      },
      "version": "5.2.0"
    }
  }
}