{
  "stats": {
    "suites": 1,
    "tests": 1,
    "passes": 1,
    "pending": 0,
    "failures": 0,
    "start": "2022-06-10T10:46:15.206Z",
    "end": "2022-06-10T10:46:33.136Z",
    "duration": 17930,
    "testsRegistered": 1,
    "passPercent": 100,
    "pendingPercent": 0,
    "other": 0,
    "hasOther": false,
    "skipped": 0,
    "hasSkipped": false
  },
  "results": [
    {
      "uuid": "9a8be305-bada-40c8-9a84-4ea65e9e613c",
      "title": "",
      "fullFile": "cypress/integration/admin/03-add-edit-delete-subscription-throttle-policies.spec.js",
      "file": "cypress/integration/admin/03-add-edit-delete-subscription-throttle-policies.spec.js",
      "beforeHooks": [],
      "afterHooks": [],
      "tests": [],
      "suites": [
        {
          "uuid": "9452629b-8ae1-404e-a974-d43eac3f24cf",
          "title": "Add Edit Delete subscription throttle policies",
          "fullFile": "",
          "file": "",
          "beforeHooks": [],
          "afterHooks": [],
          "tests": [
            {
              "title": "Add Edit Delete subscription throttle policies",
              "fullTitle": "Add Edit Delete subscription throttle policies Add Edit Delete subscription throttle policies",
              "timedOut": null,
              "duration": 17906,
              "state": "passed",
              "speed": "slow",
              "pass": true,
              "fail": false,
              "pending": false,
              "context": null,
              "code": "var policyName = 'Platinum';\ncy.get('[data-testid=\"Subscription Policies-child-link\"]').click();\ncy.get('.MuiButton-label').contains('Add Policy').click();\ncy.get('input[name=\"policyName\"]').type(policyName);\ncy.get('textarea[name=\"description\"]').type('Allows 10k requests per minute');\ncy.get('input[name=\"requestCount\"]').type('10000');\ncy.get('input[name=\"unitTime\"]').type('1');\ncy.get('button.MuiButton-containedPrimary > span').contains('Save').click();\ncy.get('[data-testid=\"pagination-next\"]').click();\ncy.get(\"[data-testid=\\\"\".concat(policyName, \"-actions\\\"]\")).should('exist'); // editing\ncy.intercept('**/throttling/policies/subscription/*').as('getPolicy');\ncy.get(\"[data-testid=\\\"\".concat(policyName, \"-actions\\\"] > a\")).click();\ncy.wait('@getPolicy', {\n  timeout: 3000\n}).then(function () {\n  cy.get('input[name=\"requestCount\"]').clear().type('10001');\n});\ncy.intercept('GET', '**/throttling/policies/subscription').as('getPolicies');\ncy.get('button.MuiButton-containedPrimary > span').contains('Save').click();\ncy.wait('@getPolicies', {\n  timeout: 3000\n}); // delete\ncy.get('[data-testid=\"pagination-next\"]').click();\ncy.get(\"[data-testid=\\\"\".concat(policyName, \"-actions\\\"] > span:nth-child(2)\")).click();\ncy.get('button > span').contains('Delete').click();\ncy.get('div[role=\"status\"]').should('have.text', 'Subscription Rate Limiting Policy successfully deleted.');",
              "err": {},
              "uuid": "5fe5633a-6604-4a7a-ab59-a4f37acbf12b",
              "parentUUID": "9452629b-8ae1-404e-a974-d43eac3f24cf",
              "isHook": false,
              "skipped": false
            }
          ],
          "suites": [],
          "passes": [
            "5fe5633a-6604-4a7a-ab59-a4f37acbf12b"
          ],
          "failures": [],
          "pending": [],
          "skipped": [],
          "duration": 17906,
          "root": false,
          "rootEmpty": false,
          "_timeout": 2000
        }
      ],
      "passes": [],
      "failures": [],
      "pending": [],
      "skipped": [],
      "duration": 0,
      "root": true,
      "rootEmpty": true,
      "_timeout": 2000
    }
  ],
  "meta": {
    "mocha": {
      "version": "7.0.1"
    },
    "mochawesome": {
      "options": {
        "quiet": false,
        "reportFilename": "mochawesome",
        "saveHtml": false,
        "saveJson": true,
        "consoleReporter": "spec",
        "useInlineDiffs": false,
        "code": true
      },
      "version": "6.3.1"
    },
    "marge": {
      "options": {
        "id": "default",
        "charts": true,
        "reportPageTitle": "custom-title",
        "overwrite": false,
        "html": false,
        "json": true,
        "reportDir": "cypress/reports/html/.jsons"
      },
      "version": "5.2.0"
    }
  }
}