{
  "stats": {
    "suites": 1,
    "tests": 1,
    "passes": 1,
    "pending": 0,
    "failures": 0,
    "start": "2022-03-01T07:36:42.563Z",
    "end": "2022-03-01T07:37:01.105Z",
    "duration": 18542,
    "testsRegistered": 1,
    "passPercent": 100,
    "pendingPercent": 0,
    "other": 0,
    "hasOther": false,
    "skipped": 0,
    "hasSkipped": false
  },
  "results": [
    {
      "uuid": "9d5cb55c-bbee-4942-9972-d016c973d04b",
      "title": "",
      "fullFile": "cypress/integration/01-publisher/003-run-time-configs/02-enable-response-caching.spec.js",
      "file": "cypress/integration/01-publisher/003-run-time-configs/02-enable-response-caching.spec.js",
      "beforeHooks": [],
      "afterHooks": [],
      "tests": [],
      "suites": [
        {
          "uuid": "e5edf5e0-98e2-4f27-800b-8253d3a12086",
          "title": "Runtime configuration",
          "fullFile": "",
          "file": "",
          "beforeHooks": [],
          "afterHooks": [],
          "tests": [
            {
              "title": "Add Authorization Header for the api",
              "fullTitle": "Runtime configuration Add Authorization Header for the api",
              "timedOut": null,
              "duration": 14324,
              "state": "passed",
              "speed": "slow",
              "pass": true,
              "fail": false,
              "pending": false,
              "context": null,
              "code": "const customAuthHeader = '-custom';\ncy.createAPIByRestAPIDesign(apiName, apiVersion);\ncy.get('[data-testid=\"left-menu-itemRuntimeConfigurations\"]').click();\ncy.get('[data-testid=\"response-caching-switch\"]').click();\ncy.get('[data-testid=\"save-runtime-configurations\"]').click();\ncy.get('[data-testid=\"response-caching-switch\"]').should('have.class', 'Mui-checked');",
              "err": {},
              "uuid": "53620759-6770-4d63-9c9d-54e4ab1ac8b5",
              "parentUUID": "e5edf5e0-98e2-4f27-800b-8253d3a12086",
              "isHook": false,
              "skipped": false
            }
          ],
          "suites": [],
          "passes": [
            "53620759-6770-4d63-9c9d-54e4ab1ac8b5"
          ],
          "failures": [],
          "pending": [],
          "skipped": [],
          "duration": 14324,
          "root": false,
          "rootEmpty": false,
          "_timeout": 2000
        }
      ],
      "passes": [],
      "failures": [],
      "pending": [],
      "skipped": [],
      "duration": 0,
      "root": true,
      "rootEmpty": true,
      "_timeout": 2000
    }
  ],
  "meta": {
    "mocha": {
      "version": "7.0.1"
    },
    "mochawesome": {
      "options": {
        "quiet": false,
        "reportFilename": "mochawesome",
        "saveHtml": false,
        "saveJson": true,
        "consoleReporter": "spec",
        "useInlineDiffs": false,
        "code": true
      },
      "version": "6.2.2"
    },
    "marge": {
      "options": {
        "id": "default",
        "charts": true,
        "reportPageTitle": "custom-title",
        "overwrite": false,
        "html": false,
        "json": true,
        "reportDir": "cypress/reports/html/.jsons"
      },
      "version": "5.2.0"
    }
  }
}