{
  "stats": {
    "suites": 1,
    "tests": 1,
    "passes": 0,
    "pending": 0,
    "failures": 1,
    "start": "2022-03-01T07:30:26.518Z",
    "end": "2022-03-01T07:30:50.077Z",
    "duration": 23559,
    "testsRegistered": 1,
    "passPercent": 0,
    "pendingPercent": 0,
    "other": 1,
    "hasOther": true,
    "skipped": 0,
    "hasSkipped": false
  },
  "results": [
    {
      "uuid": "5651259f-fcbf-4ff8-9fc5-9ac1f0e78c13",
      "title": "",
      "fullFile": "cypress/integration/01-publisher/000-general/00-deploy-sample-api.spec.js",
      "file": "cypress/integration/01-publisher/000-general/00-deploy-sample-api.spec.js",
      "beforeHooks": [],
      "afterHooks": [],
      "tests": [],
      "suites": [
        {
          "uuid": "78037722-6bdf-4bbc-97e4-eb4f7e602214",
          "title": "Deploy sample api",
          "fullFile": "",
          "file": "",
          "beforeHooks": [],
          "afterHooks": [],
          "tests": [
            {
              "title": "Deploy sample api",
              "fullTitle": "Deploy sample api Deploy sample api",
              "timedOut": null,
              "duration": 1578,
              "state": "failed",
              "speed": null,
              "pass": false,
              "fail": true,
              "pending": false,
              "context": "[\n  {\n    \"title\": \"Failed screenshot\",\n    \"value\": \"screenshots/01-publisher/000-general/00-deploy-sample-api.spec.js/Deploy sample api -- Deploy sample api (failed).png\"\n  },\n  {\n    \"title\": \"Failed screenshot\",\n    \"value\": \"screenshots/01-publisher/000-general/00-deploy-sample-api.spec.js/Deploy sample api -- Deploy sample api -- after all hook (failed).png\"\n  }\n]",
              "code": "cy.deploySampleAPI();",
              "err": {
                "message": "CypressError: `cy.click()` failed because it requires a DOM element.\n\nThe subject received was:\n\n  > `undefined`\n\nThe previous command that ran was:\n\n  > `cy.get()`\n\nBecause this error occurred during a `after all` hook we are skipping the remaining tests in the current suite: `Deploy sample api`",
                "estack": "CypressError: `cy.click()` failed because it requires a DOM element.\n\nThe subject received was:\n\n  > `undefined`\n\nThe previous command that ran was:\n\n  > `cy.get()`\n\nBecause this error occurred during a `after all` hook we are skipping the remaining tests in the current suite: `Deploy sample api`\n    at ensureElement (https://localhost:9443/__cypress/runner/cypress_runner.js:162678:76)\n    at validateType (https://localhost:9443/__cypress/runner/cypress_runner.js:162501:16)\n    at $Cy.ensureSubjectByType (https://localhost:9443/__cypress/runner/cypress_runner.js:162537:9)\n    at pushSubjectAndValidate (https://localhost:9443/__cypress/runner/cypress_runner.js:171827:12)\n    at Context.<anonymous> (https://localhost:9443/__cypress/runner/cypress_runner.js:172102:20)\nFrom Your Spec Code:\n    at Context.eval (https://localhost:9443/__cypress/tests?p=cypress/support/index.js:285:52)",
                "diff": null
              },
              "uuid": "3ee2fb81-31e0-40c7-9a62-6758d90e8126",
              "parentUUID": "78037722-6bdf-4bbc-97e4-eb4f7e602214",
              "isHook": false,
              "skipped": false
            }
          ],
          "suites": [],
          "passes": [],
          "failures": [
            "3ee2fb81-31e0-40c7-9a62-6758d90e8126"
          ],
          "pending": [],
          "skipped": [],
          "duration": 1578,
          "root": false,
          "rootEmpty": false,
          "_timeout": 2000
        }
      ],
      "passes": [],
      "failures": [],
      "pending": [],
      "skipped": [],
      "duration": 0,
      "root": true,
      "rootEmpty": true,
      "_timeout": 2000
    }
  ],
  "meta": {
    "mocha": {
      "version": "7.0.1"
    },
    "mochawesome": {
      "options": {
        "quiet": false,
        "reportFilename": "mochawesome",
        "saveHtml": false,
        "saveJson": true,
        "consoleReporter": "spec",
        "useInlineDiffs": false,
        "code": true
      },
      "version": "6.2.2"
    },
    "marge": {
      "options": {
        "id": "default",
        "charts": true,
        "reportPageTitle": "custom-title",
        "overwrite": false,
        "html": false,
        "json": true,
        "reportDir": "cypress/reports/html/.jsons"
      },
      "version": "5.2.0"
    }
  }
}