{
  "stats": {
    "suites": 1,
    "tests": 1,
    "passes": 1,
    "pending": 0,
    "failures": 0,
    "start": "2022-06-10T10:46:53.525Z",
    "end": "2022-06-10T10:47:10.771Z",
    "duration": 17246,
    "testsRegistered": 1,
    "passPercent": 100,
    "pendingPercent": 0,
    "other": 0,
    "hasOther": false,
    "skipped": 0,
    "hasSkipped": false
  },
  "results": [
    {
      "uuid": "61682a07-384f-4178-aff0-9d3e9c72bc85",
      "title": "",
      "fullFile": "cypress/integration/admin/05-add-custom-throttle-policies.spec.js",
      "file": "cypress/integration/admin/05-add-custom-throttle-policies.spec.js",
      "beforeHooks": [],
      "afterHooks": [],
      "tests": [],
      "suites": [
        {
          "uuid": "708107f8-650a-4b02-b5a6-abafd3c328db",
          "title": "Add custom throttle policies",
          "fullFile": "",
          "file": "",
          "beforeHooks": [],
          "afterHooks": [],
          "tests": [
            {
              "title": "Add custom throttle policies",
              "fullTitle": "Add custom throttle policies Add custom throttle policies",
              "timedOut": null,
              "duration": 17194,
              "state": "passed",
              "speed": "slow",
              "pass": true,
              "fail": false,
              "pending": false,
              "context": null,
              "code": "var policyName = '5reqPerMin';\nvar secondDesc = 'For an Admin users allow 5 requests per minute';\ncy.get('[data-testid=\"Custom Policies-child-link\"]').click();\ncy.get('.MuiButton-label').contains('Define Policy').click();\ncy.get('input[name=\"policyName\"]').type(policyName);\ncy.get('input[name=\"description\"]').type('Allow 5 requests per minute for an Admin user');\ncy.get('input[name=\"keyTemplate\"]').type('$userId');\ncy.get('button.MuiButton-containedPrimary > span').contains('Add').click();\ncy.get(\"[data-testid=\\\"\".concat(policyName, \"-actions\\\"]\")).should('exist'); // editing\ncy.get(\"[data-testid=\\\"\".concat(policyName, \"-actions\\\"] > a > span:first-child\")).click();\ncy.get('input[name=\"description\"]').invoke('val').should('not.be.empty');\ncy.get('input[name=\"description\"]').clear().type(secondDesc);\ncy.intercept('GET', '**/throttling/policies/custom').as('getCustomPolicies');\ncy.get('button.MuiButton-containedPrimary > span').contains('Edit').click();\ncy.wait('@getCustomPolicies', {\n  timeout: 3000\n}).then(function () {\n  cy.get('td').contains(secondDesc).should('exist');\n}); // delete\ncy.get(\"[data-testid=\\\"\".concat(policyName, \"-actions\\\"] > span:nth-child(2)\")).click();\ncy.get('button > span').contains('Delete').click();\ncy.get('div[role=\"status\"]').should('have.text', 'Custom Policy successfully deleted.');",
              "err": {},
              "uuid": "b4aa6806-38d2-440d-b484-9533886e02f4",
              "parentUUID": "708107f8-650a-4b02-b5a6-abafd3c328db",
              "isHook": false,
              "skipped": false
            }
          ],
          "suites": [],
          "passes": [
            "b4aa6806-38d2-440d-b484-9533886e02f4"
          ],
          "failures": [],
          "pending": [],
          "skipped": [],
          "duration": 17194,
          "root": false,
          "rootEmpty": false,
          "_timeout": 2000
        }
      ],
      "passes": [],
      "failures": [],
      "pending": [],
      "skipped": [],
      "duration": 0,
      "root": true,
      "rootEmpty": true,
      "_timeout": 2000
    }
  ],
  "meta": {
    "mocha": {
      "version": "7.0.1"
    },
    "mochawesome": {
      "options": {
        "quiet": false,
        "reportFilename": "mochawesome",
        "saveHtml": false,
        "saveJson": true,
        "consoleReporter": "spec",
        "useInlineDiffs": false,
        "code": true
      },
      "version": "6.3.1"
    },
    "marge": {
      "options": {
        "id": "default",
        "charts": true,
        "reportPageTitle": "custom-title",
        "overwrite": false,
        "html": false,
        "json": true,
        "reportDir": "cypress/reports/html/.jsons"
      },
      "version": "5.2.0"
    }
  }
}