{
  "stats": {
    "suites": 1,
    "tests": 1,
    "passes": 1,
    "pending": 0,
    "failures": 0,
    "start": "2022-03-01T07:57:45.305Z",
    "end": "2022-03-01T07:57:59.058Z",
    "duration": 13753,
    "testsRegistered": 1,
    "passPercent": 100,
    "pendingPercent": 0,
    "other": 0,
    "hasOther": false,
    "skipped": 0,
    "hasSkipped": false
  },
  "results": [
    {
      "uuid": "c9ca3946-d3c4-459f-8470-dca15f67d374",
      "title": "",
      "fullFile": "cypress/integration/03-admin/09-add-km.spec.js",
      "file": "cypress/integration/03-admin/09-add-km.spec.js",
      "beforeHooks": [],
      "afterHooks": [],
      "tests": [],
      "suites": [
        {
          "uuid": "c25ef1e5-788a-4632-9fb3-d10d3d2b64e7",
          "title": "Add key manager",
          "fullFile": "",
          "file": "",
          "beforeHooks": [],
          "afterHooks": [],
          "tests": [
            {
              "title": "Add key manager",
              "fullTitle": "Add key manager Add key manager",
              "timedOut": null,
              "duration": 13691,
              "state": "passed",
              "speed": "slow",
              "pass": true,
              "fail": false,
              "pending": false,
              "context": null,
              "code": "const km = 'myAuth0';\nconst wellKnowUrl = 'https://my-tenant.us.auth0.com/.well-known/openid-configuration';\nconst clientId = 'test';\nconst clientSecret = 'test';\nconst audience = 'test';\nconst introspectionEp = 'https://my-tenant.auth0.com/oauth/token';\ncy.get('[data-testid=\"Key Managers-link\"]').click();\ncy.get('.MuiButton-label').contains('Add Key Manager').click();\ncy.get('input[name=\"name\"]').type(km);\ncy.get('input[name=\"displayName\"]').type(km);\ncy.get('[data-testid=\"key-manager-type-select\"]').click();\ncy.get('li[data-value=\"Auth0\"]').click();\ncy.get('input[name=\"wellKnownEndpoint\"]').type(wellKnowUrl); // importing config'\ncy.intercept('**/key-managers/discover').as('importConfig');\ncy.get('button span.MuiButton-label').contains('Import').click();\ncy.wait('@importConfig'); // filing the tokens\ncy.get('input[name=\"introspectionEndpoint\"]').clear().type(introspectionEp);\ncy.get('input[name=\"client_id\"]').type(clientId);\ncy.get('input[name=\"client_secret\"]').type(clientSecret);\ncy.get('input[name=\"audience\"]').type(audience);\ncy.get('button.MuiButton-containedPrimary span').contains('Add').click(); // validating\ncy.get('td > a').contains(km).should('exist'); // delete\ncy.get(`[data-testid=\"${km}-actions\"] > span:first-child svg`).click();\ncy.get('button > span').contains('Delete').click();\ncy.get('td > a').contains(km).should('not.exist');",
              "err": {},
              "uuid": "f10ca8b9-0e4f-4a57-891d-6ca4f803dcbc",
              "parentUUID": "c25ef1e5-788a-4632-9fb3-d10d3d2b64e7",
              "isHook": false,
              "skipped": false
            }
          ],
          "suites": [],
          "passes": [
            "f10ca8b9-0e4f-4a57-891d-6ca4f803dcbc"
          ],
          "failures": [],
          "pending": [],
          "skipped": [],
          "duration": 13691,
          "root": false,
          "rootEmpty": false,
          "_timeout": 2000
        }
      ],
      "passes": [],
      "failures": [],
      "pending": [],
      "skipped": [],
      "duration": 0,
      "root": true,
      "rootEmpty": true,
      "_timeout": 2000
    }
  ],
  "meta": {
    "mocha": {
      "version": "7.0.1"
    },
    "mochawesome": {
      "options": {
        "quiet": false,
        "reportFilename": "mochawesome",
        "saveHtml": false,
        "saveJson": true,
        "consoleReporter": "spec",
        "useInlineDiffs": false,
        "code": true
      },
      "version": "6.2.2"
    },
    "marge": {
      "options": {
        "id": "default",
        "charts": true,
        "reportPageTitle": "custom-title",
        "overwrite": false,
        "html": false,
        "json": true,
        "reportDir": "cypress/reports/html/.jsons"
      },
      "version": "5.2.0"
    }
  }
}