{
  "stats": {
    "suites": 1,
    "tests": 1,
    "passes": 1,
    "pending": 0,
    "failures": 0,
    "start": "2022-06-10T10:49:08.980Z",
    "end": "2022-06-10T10:49:20.989Z",
    "duration": 12009,
    "testsRegistered": 1,
    "passPercent": 100,
    "pendingPercent": 0,
    "other": 0,
    "hasOther": false,
    "skipped": 0,
    "hasSkipped": false
  },
  "results": [
    {
      "uuid": "6b926770-f610-4623-917e-4f00fb28e47f",
      "title": "",
      "fullFile": "cypress/integration/admin/foo.spec.js",
      "file": "cypress/integration/admin/foo.spec.js",
      "beforeHooks": [],
      "afterHooks": [],
      "tests": [],
      "suites": [
        {
          "uuid": "c4e01cd9-556b-422f-aff8-05cb5b9d55e6",
          "title": "Deploy sample api",
          "fullFile": "",
          "file": "",
          "beforeHooks": [],
          "afterHooks": [],
          "tests": [
            {
              "title": "Deploy sample api",
              "fullTitle": "Deploy sample api Deploy sample api",
              "timedOut": null,
              "duration": 11867,
              "state": "passed",
              "speed": "slow",
              "pass": true,
              "fail": false,
              "pending": false,
              "context": null,
              "code": "_utils[\"default\"].addAPI({}).then(function (apiId) {\n  console.log('We call and got the api id' + apiId);\n  cy.visit(\"\".concat(_utils[\"default\"].getAppOrigin(), \"/publisher/apis/\").concat(apiId, \"/overview\"));\n});",
              "err": {},
              "uuid": "c0bd2ee6-157c-430e-9752-f0f8a2dcdc9c",
              "parentUUID": "c4e01cd9-556b-422f-aff8-05cb5b9d55e6",
              "isHook": false,
              "skipped": false
            }
          ],
          "suites": [],
          "passes": [
            "c0bd2ee6-157c-430e-9752-f0f8a2dcdc9c"
          ],
          "failures": [],
          "pending": [],
          "skipped": [],
          "duration": 11867,
          "root": false,
          "rootEmpty": false,
          "_timeout": 2000
        }
      ],
      "passes": [],
      "failures": [],
      "pending": [],
      "skipped": [],
      "duration": 0,
      "root": true,
      "rootEmpty": true,
      "_timeout": 2000
    }
  ],
  "meta": {
    "mocha": {
      "version": "7.0.1"
    },
    "mochawesome": {
      "options": {
        "quiet": false,
        "reportFilename": "mochawesome",
        "saveHtml": false,
        "saveJson": true,
        "consoleReporter": "spec",
        "useInlineDiffs": false,
        "code": true
      },
      "version": "6.3.1"
    },
    "marge": {
      "options": {
        "id": "default",
        "charts": true,
        "reportPageTitle": "custom-title",
        "overwrite": false,
        "html": false,
        "json": true,
        "reportDir": "cypress/reports/html/.jsons"
      },
      "version": "5.2.0"
    }
  }
}