{
  "stats": {
    "suites": 1,
    "tests": 1,
    "passes": 1,
    "pending": 0,
    "failures": 0,
    "start": "2022-06-10T10:45:59.214Z",
    "end": "2022-06-10T10:46:11.806Z",
    "duration": 12592,
    "testsRegistered": 1,
    "passPercent": 100,
    "pendingPercent": 0,
    "other": 0,
    "hasOther": false,
    "skipped": 0,
    "hasSkipped": false
  },
  "results": [
    {
      "uuid": "37258f28-f4c6-41ad-9381-4f935ecfd522",
      "title": "",
      "fullFile": "cypress/integration/admin/02-add-edit-delete-application-throttle-policies.spec.js",
      "file": "cypress/integration/admin/02-add-edit-delete-application-throttle-policies.spec.js",
      "beforeHooks": [],
      "afterHooks": [],
      "tests": [],
      "suites": [
        {
          "uuid": "13f5bb50-aa2c-4136-805d-9c0a5d5ec5d9",
          "title": "Add Edit Delete application throttle policies",
          "fullFile": "",
          "file": "",
          "beforeHooks": [],
          "afterHooks": [],
          "tests": [
            {
              "title": "Add Edit Delete application throttle policies",
              "fullTitle": "Add Edit Delete application throttle policies Add Edit Delete application throttle policies",
              "timedOut": null,
              "duration": 12461,
              "state": "passed",
              "speed": "slow",
              "pass": true,
              "fail": false,
              "pending": false,
              "context": null,
              "code": "var policyName = '80PerMin';\ncy.get('[data-testid=\"Application Policies-child-link\"]').click();\ncy.get('.MuiButton-label').contains('Add Policy').click();\ncy.get('input[name=\"policyName\"]').type(policyName);\ncy.get('input[name=\"description\"]').type('allow 30 requests per minute');\ncy.get('input[name=\"requestCount\"]').type('80');\ncy.get('input[name=\"unitTime\"]').type('1');\ncy.get('button.MuiButton-containedPrimary > span').contains('Save').click();\ncy.get(\"[data-testid=\\\"\".concat(policyName, \"-actions\\\"]\")).should('exist'); // editing\ncy.intercept('**/throttling/policies/application/*').as('getPolicy');\ncy.get(\"[data-testid=\\\"\".concat(policyName, \"-actions\\\"] > span:first-child\")).click();\ncy.wait('@getPolicy', {\n  timeout: 3000\n}).then(function () {\n  cy.get('input[name=\"requestCount\"]').clear().type('81');\n});\ncy.intercept('GET', '**/throttling/policies/application').as('getPolicies');\ncy.get('button.MuiButton-containedPrimary > span').contains('Save').click();\ncy.wait('@getPolicies', {\n  timeout: 3000\n}); // delete\ncy.get(\"[data-testid=\\\"\".concat(policyName, \"-actions\\\"] > span:nth-child(2)\")).click();\ncy.get('button > span').contains('Delete').click();\ncy.get(\"[data-testid=\\\"\".concat(policyName, \"-actions\\\"]\")).should('not.exist');",
              "err": {},
              "uuid": "bc6e0ac1-1e10-4402-a8e9-5812779ae40b",
              "parentUUID": "13f5bb50-aa2c-4136-805d-9c0a5d5ec5d9",
              "isHook": false,
              "skipped": false
            }
          ],
          "suites": [],
          "passes": [
            "bc6e0ac1-1e10-4402-a8e9-5812779ae40b"
          ],
          "failures": [],
          "pending": [],
          "skipped": [],
          "duration": 12461,
          "root": false,
          "rootEmpty": false,
          "_timeout": 2000
        }
      ],
      "passes": [],
      "failures": [],
      "pending": [],
      "skipped": [],
      "duration": 0,
      "root": true,
      "rootEmpty": true,
      "_timeout": 2000
    }
  ],
  "meta": {
    "mocha": {
      "version": "7.0.1"
    },
    "mochawesome": {
      "options": {
        "quiet": false,
        "reportFilename": "mochawesome",
        "saveHtml": false,
        "saveJson": true,
        "consoleReporter": "spec",
        "useInlineDiffs": false,
        "code": true
      },
      "version": "6.3.1"
    },
    "marge": {
      "options": {
        "id": "default",
        "charts": true,
        "reportPageTitle": "custom-title",
        "overwrite": false,
        "html": false,
        "json": true,
        "reportDir": "cypress/reports/html/.jsons"
      },
      "version": "5.2.0"
    }
  }
}