{
  "stats": {
    "suites": 1,
    "tests": 1,
    "passes": 1,
    "pending": 0,
    "failures": 0,
    "start": "2022-03-01T07:35:41.203Z",
    "end": "2022-03-01T07:36:01.353Z",
    "duration": 20150,
    "testsRegistered": 1,
    "passPercent": 100,
    "pendingPercent": 0,
    "other": 0,
    "hasOther": false,
    "skipped": 0,
    "hasSkipped": false
  },
  "results": [
    {
      "uuid": "2e2d5d5e-6256-49ba-af38-905968002ad8",
      "title": "",
      "fullFile": "cypress/integration/01-publisher/002-api-resources/01-add-advance-throttling-policies-for-api.spec.js",
      "file": "cypress/integration/01-publisher/002-api-resources/01-add-advance-throttling-policies-for-api.spec.js",
      "beforeHooks": [],
      "afterHooks": [],
      "tests": [],
      "suites": [
        {
          "uuid": "0be00de6-48f4-49b7-be93-207017ec85dd",
          "title": "Add advanced throttling policies",
          "fullFile": "",
          "file": "",
          "beforeHooks": [],
          "afterHooks": [],
          "tests": [
            {
              "title": "Add Authorization Header for the api",
              "fullTitle": "Add advanced throttling policies Add Authorization Header for the api",
              "timedOut": null,
              "duration": 16402,
              "state": "passed",
              "speed": "slow",
              "pass": true,
              "fail": false,
              "pending": false,
              "context": null,
              "code": "cy.createAPIByRestAPIDesign(apiName, apiVersion);\ncy.get('[data-testid=\"left-menu-itemresources\"]').click();\ncy.get('[data-testid=\"api-rate-limiting-api-level\"]').click();\ncy.get('#operation_throttling_policy').click();\ncy.get('[data-testid=\"api-rate-limiting-api-level-10KPerMin\"]').then(() => {\n  cy.get('[data-testid=\"api-rate-limiting-api-level-10KPerMin\"]').click();\n});\ncy.get('[data-testid=\"resources-save-operations\"]').click();\ncy.get('[data-testid=\"resources-save-operations\"]').then(function () {\n  cy.get('#operation_throttling_policy').contains('10KPerMin').should('be.visible');\n});",
              "err": {},
              "uuid": "829cba05-c4b9-4aef-9ef9-1de9731302d1",
              "parentUUID": "0be00de6-48f4-49b7-be93-207017ec85dd",
              "isHook": false,
              "skipped": false
            }
          ],
          "suites": [],
          "passes": [
            "829cba05-c4b9-4aef-9ef9-1de9731302d1"
          ],
          "failures": [],
          "pending": [],
          "skipped": [],
          "duration": 16402,
          "root": false,
          "rootEmpty": false,
          "_timeout": 2000
        }
      ],
      "passes": [],
      "failures": [],
      "pending": [],
      "skipped": [],
      "duration": 0,
      "root": true,
      "rootEmpty": true,
      "_timeout": 2000
    }
  ],
  "meta": {
    "mocha": {
      "version": "7.0.1"
    },
    "mochawesome": {
      "options": {
        "quiet": false,
        "reportFilename": "mochawesome",
        "saveHtml": false,
        "saveJson": true,
        "consoleReporter": "spec",
        "useInlineDiffs": false,
        "code": true
      },
      "version": "6.2.2"
    },
    "marge": {
      "options": {
        "id": "default",
        "charts": true,
        "reportPageTitle": "custom-title",
        "overwrite": false,
        "html": false,
        "json": true,
        "reportDir": "cypress/reports/html/.jsons"
      },
      "version": "5.2.0"
    }
  }
}