{
  "stats": {
    "suites": 1,
    "tests": 4,
    "passes": 4,
    "pending": 0,
    "failures": 0,
    "start": "2022-03-01T07:48:37.801Z",
    "end": "2022-03-01T07:49:30.841Z",
    "duration": 53040,
    "testsRegistered": 4,
    "passPercent": 100,
    "pendingPercent": 0,
    "other": 0,
    "hasOther": false,
    "skipped": 0,
    "hasSkipped": false
  },
  "results": [
    {
      "uuid": "dcda7f8f-c48c-4437-af7e-d69b950874ad",
      "title": "",
      "fullFile": "cypress/integration/02-devportal/000-general/01-anonymous-user-view-public-apis.spec.js",
      "file": "cypress/integration/02-devportal/000-general/01-anonymous-user-view-public-apis.spec.js",
      "beforeHooks": [],
      "afterHooks": [],
      "tests": [],
      "suites": [
        {
          "uuid": "6846f24c-008c-47db-9b32-944d839ecf28",
          "title": "Anonymous view apis",
          "fullFile": "",
          "file": "",
          "beforeHooks": [],
          "afterHooks": [],
          "tests": [
            {
              "title": "Anonymous view apis",
              "fullTitle": "Anonymous view apis Anonymous view apis",
              "timedOut": null,
              "duration": 24905,
              "state": "passed",
              "speed": "slow",
              "pass": true,
              "fail": false,
              "pending": false,
              "context": null,
              "code": "cy.visit('/devportal/apis?tenant=carbon.super');\ncy.url().should('contain', '/logout?referrer=/apis?tenant=carbon.super');\ncy.url().should('contain', '/apis?tenant=carbon.super'); // After publishing the api appears in devportal with a delay.\n// We need to keep refresing and look for the api in the listing page\n// following waitUntilApiExists function does that recursively.\nlet remainingAttempts = 30;\nfunction waitUntilApiExists() {\n  let $apis = Cypress.$(`[title=\"${apiName}\"]`);\n  if ($apis.length) {\n    // At least one with api name was found.\n    // Return a jQuery object.\n    return $apis;\n  }\n  if (--remainingAttempts) {\n    cy.log('Table not found yet. Remaining attempts: ' + remainingAttempts); // Requesting the page to reload (F5)\n    cy.reload(); // Wait a second for the server to respond and the DOM to be present.\n    return cy.wait(4000).then(() => {\n      return waitUntilApiExists();\n    });\n  }\n  throw Error('Table was not found.');\n}\nwaitUntilApiExists().then($apis => {\n  cy.log('apis: ' + $apis.text());\n});",
              "err": {},
              "uuid": "33a3fe87-6020-4311-bd29-f51096946e4f",
              "parentUUID": "6846f24c-008c-47db-9b32-944d839ecf28",
              "isHook": false,
              "skipped": false
            },
            {
              "title": "Download swagger",
              "fullTitle": "Anonymous view apis Download swagger",
              "timedOut": null,
              "duration": 3141,
              "state": "passed",
              "speed": "fast",
              "pass": true,
              "fail": false,
              "pending": false,
              "context": null,
              "code": "cy.visit('/devportal/apis?tenant=carbon.super');\ncy.url().should('contain', '/apis?tenant=carbon.super');\ncy.get(`[title=\"${apiName}\"]`, {\n  timeout: 30000\n});\ncy.get(`[title=\"${apiName}\"]`).click();\ncy.get('[data-testid=\"left-menu-overview\"]').click(); // Downloading swagger\ncy.get('#panel1a-header').click();\ncy.get('[data-testid=\"swagger-download-btn\"]').click();\nconst downloadsFolder = Cypress.config('downloadsFolder');\nconst downloadedFilename = `${downloadsFolder}/swagger.json`;\ncy.readFile(downloadedFilename).its('info.title').should('eq', apiName);",
              "err": {},
              "uuid": "0f560375-ee7b-4270-add2-e429c474c993",
              "parentUUID": "6846f24c-008c-47db-9b32-944d839ecf28",
              "isHook": false,
              "skipped": false
            },
            {
              "title": "Download client sdks",
              "fullTitle": "Anonymous view apis Download client sdks",
              "timedOut": null,
              "duration": 8213,
              "state": "passed",
              "speed": "medium",
              "pass": true,
              "fail": false,
              "pending": false,
              "context": null,
              "code": "cy.loginToDevportal(developer, password);\ncy.visit('/devportal/apis?tenant=carbon.super');\ncy.url().should('contain', '/apis?tenant=carbon.super');\ncy.get(`[title=\"${apiName}\"]`, {\n  timeout: 30000\n});\ncy.get(`[title=\"${apiName}\"]`).click();\ncy.get('[data-testid=\"left-menu-sdk\"]').click(); // Download all sdks one by one\ncy.get('[data-testid=\"download-sdk-btn\"]').each($btn => {\n  const fileName = $btn.get()[0].getAttribute('data-download-file');\n  cy.wrap($btn).click(); // Downloading SDK\n  const downloadsFolder = Cypress.config('downloadsFolder');\n  const downloadedFilename = `${downloadsFolder}/${fileName}.zip`;\n  cy.readFile(downloadedFilename, 'binary', {\n    timeout: 15000\n  }).should(buffer => expect(buffer.length).to.be.gt(100));\n});",
              "err": {},
              "uuid": "d61e0118-9039-4220-8d30-f97062dd7aee",
              "parentUUID": "6846f24c-008c-47db-9b32-944d839ecf28",
              "isHook": false,
              "skipped": false
            },
            {
              "title": "Login to devportal by supper tenant user",
              "fullTitle": "Anonymous view apis Login to devportal by supper tenant user",
              "timedOut": null,
              "duration": 5927,
              "state": "passed",
              "speed": "medium",
              "pass": true,
              "fail": false,
              "pending": false,
              "context": null,
              "code": "cy.carbonLogin(carbonUsername, carbonPassword);\ncy.addNewTenant('wso2.com', 'admin');\ncy.portalLogin('admin@wso2.com', 'admin', 'devportal');",
              "err": {},
              "uuid": "7a30beb1-2b1b-4079-8305-5145089749cd",
              "parentUUID": "6846f24c-008c-47db-9b32-944d839ecf28",
              "isHook": false,
              "skipped": false
            }
          ],
          "suites": [],
          "passes": [
            "33a3fe87-6020-4311-bd29-f51096946e4f",
            "0f560375-ee7b-4270-add2-e429c474c993",
            "d61e0118-9039-4220-8d30-f97062dd7aee",
            "7a30beb1-2b1b-4079-8305-5145089749cd"
          ],
          "failures": [],
          "pending": [],
          "skipped": [],
          "duration": 42186,
          "root": false,
          "rootEmpty": false,
          "_timeout": 2000
        }
      ],
      "passes": [],
      "failures": [],
      "pending": [],
      "skipped": [],
      "duration": 0,
      "root": true,
      "rootEmpty": true,
      "_timeout": 2000
    }
  ],
  "meta": {
    "mocha": {
      "version": "7.0.1"
    },
    "mochawesome": {
      "options": {
        "quiet": false,
        "reportFilename": "mochawesome",
        "saveHtml": false,
        "saveJson": true,
        "consoleReporter": "spec",
        "useInlineDiffs": false,
        "code": true
      },
      "version": "6.2.2"
    },
    "marge": {
      "options": {
        "id": "default",
        "charts": true,
        "reportPageTitle": "custom-title",
        "overwrite": false,
        "html": false,
        "json": true,
        "reportDir": "cypress/reports/html/.jsons"
      },
      "version": "5.2.0"
    }
  }
}