{
  "stats": {
    "suites": 1,
    "tests": 4,
    "passes": 4,
    "pending": 0,
    "failures": 0,
    "start": "2022-03-01T07:34:26.668Z",
    "end": "2022-03-01T07:35:40.039Z",
    "duration": 73371,
    "testsRegistered": 4,
    "passPercent": 100,
    "pendingPercent": 0,
    "other": 0,
    "hasOther": false,
    "skipped": 0,
    "hasSkipped": false
  },
  "results": [
    {
      "uuid": "0e0f52ba-136b-4f72-92d8-7349872271f1",
      "title": "",
      "fullFile": "cypress/integration/01-publisher/002-api-resources/00-api-resource-create.spec.js",
      "file": "cypress/integration/01-publisher/002-api-resources/00-api-resource-create.spec.js",
      "beforeHooks": [],
      "afterHooks": [],
      "tests": [],
      "suites": [
        {
          "uuid": "ee422f60-be6c-4d40-bbe5-49ffd6161292",
          "title": "Resource add edit operations",
          "fullFile": "",
          "file": "",
          "beforeHooks": [],
          "afterHooks": [],
          "tests": [
            {
              "title": "Add new resource",
              "fullTitle": "Resource add edit operations Add new resource",
              "timedOut": null,
              "duration": 18555,
              "state": "passed",
              "speed": "slow",
              "pass": true,
              "fail": false,
              "pending": false,
              "context": null,
              "code": "const apiName = 'newapi' + Math.floor(Date.now() / 1000);\nconst apiVersion = '1.0.0';\ncy.createAPIByRestAPIDesign(apiName, apiVersion); // Typing the resource name\ncy.get('[data-testid=\"left-menu-itemresources\"]').click();\ncy.get('#operation-target').type(target);\ncy.get('body').click();\ncy.get('[data-testid=\"add-operation-selection-dropdown\"]').click(); // Checking all the operations\ncy.get('[data-testid=\"add-operation-get\"]').click();\ncy.get('[data-testid=\"add-operation-post\"]').click();\ncy.get('[data-testid=\"add-operation-put\"]').click();\ncy.get('[data-testid=\"add-operation-patch\"]').click();\ncy.get('[data-testid=\"add-operation-delete\"]').click();\ncy.get('[data-testid=\"add-operation-head\"]').click();\ncy.get('body').click();\ncy.get('[data-testid=\"add-operation-button\"]').click();\ncy.get('[data-testid=\"resources-save-operations\"]').click(); // Validating if the resource exists after saving\ncy.get('[data-testid=\"resources-save-operations\"]', {\n  timeout: 30000\n});\ncy.get(`[data-testid=\"operation-${target}-get\"]`).should('be.visible');\ncy.get(`[data-testid=\"operation-${target}-post\"]`).should('be.visible');\ncy.get(`[data-testid=\"operation-${target}-put\"]`).should('be.visible');\ncy.get(`[data-testid=\"operation-${target}-patch\"]`).should('be.visible');\ncy.get(`[data-testid=\"operation-${target}-delete\"]`).should('be.visible');\ncy.get(`[data-testid=\"operation-${target}-head\"]`).should('be.visible'); // Test is done. Now delete the api\ncy.get(`[data-testid=\"itest-id-deleteapi-icon-button\"]`).click();\ncy.get(`[data-testid=\"itest-id-deleteconf\"]`).click();",
              "err": {},
              "uuid": "7a53cde3-61c0-420a-b606-1ffee6bbecf4",
              "parentUUID": "ee422f60-be6c-4d40-bbe5-49ffd6161292",
              "isHook": false,
              "skipped": false
            },
            {
              "title": "Add delete query path parameters for resources",
              "fullTitle": "Resource add edit operations Add delete query path parameters for resources",
              "timedOut": null,
              "duration": 16444,
              "state": "passed",
              "speed": "slow",
              "pass": true,
              "fail": false,
              "pending": false,
              "context": null,
              "code": "const verb = 'get';\nconst paramType = 'query';\nconst paramName = 'count';\nconst paramDataType = 'string';\nconst apiName = 'newapi' + Math.floor(Date.now() / 1000);\nconst apiVersion = '1.0.0';\ncy.createAPIByRestAPIDesign(apiName, apiVersion);\naddApiAndResource(verb);\ncy.get(`[data-testid=\"operation-${target}-${verb}\"]`).click();\ncy.get(`[data-testid=\"add-parameter-${target}-${verb}-param-type\"]`).click();\ncy.get(`[data-testid=\"add-parameter-${target}-${verb}-${paramType}\"]`).click();\ncy.get(`[data-testid=\"add-parameter-${target}-${verb}-param-name\"]`).click();\ncy.get(`[data-testid=\"add-parameter-${target}-${verb}-param-name\"] input`).type(paramName); // Clicking the parameter data type drop down\ncy.get(`[data-testid=\"add-parameter-${target}-${verb}-param-data-type\"]`).click();\ncy.get(`[data-testid=\"add-parameter-${target}-${verb}-${paramDataType}\"]`).click();\ncy.get(`[data-testid=\"add-parameter-${target}-${verb}-add-btn\"]`).click(); // Save the resources\ncy.get('[data-testid=\"resources-save-operations\"]').click(); // Validating if the param exists after saving\ncy.get('[data-testid=\"resources-save-operations\"]', {\n  timeout: 30000\n});\ncy.get(`[data-testid=\"param-list-${paramType}-${paramName}-${paramDataType}\"]`).should('be.visible'); // Test is done. Now delete the api\ncy.get(`[data-testid=\"itest-id-deleteapi-icon-button\"]`).click();\ncy.get(`[data-testid=\"itest-id-deleteconf\"]`).click();",
              "err": {},
              "uuid": "8eb0067c-e814-44fc-8a51-efb76aa95273",
              "parentUUID": "ee422f60-be6c-4d40-bbe5-49ffd6161292",
              "isHook": false,
              "skipped": false
            },
            {
              "title": "Add advance throttling policies per resource",
              "fullTitle": "Resource add edit operations Add advance throttling policies per resource",
              "timedOut": null,
              "duration": 14828,
              "state": "passed",
              "speed": "slow",
              "pass": true,
              "fail": false,
              "pending": false,
              "context": null,
              "code": "const verb = 'get';\nconst rateLimitName = '50KPerMin';\nconst apiName = 'newapi' + Math.floor(Date.now() / 1000);\nconst apiVersion = '1.0.0';\ncy.createAPIByRestAPIDesign(apiName, apiVersion);\naddApiAndResource(verb); // Click the operation level radio button on the top\ncy.get('[data-testid=\"api-rate-limiting-operation-level\"]').click(); // expand the section\ncy.get(`[data-testid=\"operation-${target}-${verb}\"]`).click();\ncy.get(`[data-testid=\"${target}-${verb}-operation-rate-limiting-policy\"]`).click();\ncy.get(`[data-testid=\"${target}-${verb}-operation-rate-limiting-policy-${rateLimitName}\"]`).click(); // Save the resources\ncy.get('[data-testid=\"resources-save-operations\"]').click();\ncy.get('[data-testid=\"resources-save-operations\"]', {\n  timeout: 30000\n});\ncy.get(`[data-testid=\"${target}-${verb}-operation-rate-limiting-policy\"] .selected`).contains(rateLimitName).should('be.visible'); // Test is done. Now delete the api\ncy.get(`[data-testid=\"itest-id-deleteapi-icon-button\"]`).click();\ncy.get(`[data-testid=\"itest-id-deleteconf\"]`).click();",
              "err": {},
              "uuid": "7a562808-e9f6-4963-8aa4-f6ddd0eb70fd",
              "parentUUID": "ee422f60-be6c-4d40-bbe5-49ffd6161292",
              "isHook": false,
              "skipped": false
            },
            {
              "title": "Add and assign scopes for API resources",
              "fullTitle": "Resource add edit operations Add and assign scopes for API resources",
              "timedOut": null,
              "duration": 20538,
              "state": "passed",
              "speed": "slow",
              "pass": true,
              "fail": false,
              "pending": false,
              "context": null,
              "code": "const random_number = Math.floor(Date.now() / 1000);\nconst verb = 'post';\nconst scopeName = 'test' + random_number;\nconst scopeDescription = 'test scope description';\nconst role = 'internal/publisher';\nconst apiName = 'newapi' + Math.floor(Date.now() / 1000);\nconst apiVersion = '1.0.0';\ncy.createAPIByRestAPIDesign(apiName, apiVersion);\naddApiAndResource(verb); // Go to local scope page\ncy.get('[data-testid=\"left-menu-itemLocalScopes\"]').click(); // Create a local scope\ncy.get('[data-testid=\"create-scope-start-btn\"]').click();\ncy.get('[data-testid=\"scope-name\"]').click();\ncy.get('[data-testid=\"scope-name\"]').type(scopeName);\ncy.get('[data-testid=\"scope-description\"]').click();\ncy.get('[data-testid=\"scope-description\"]').type(scopeDescription);\ncy.get('[data-testid=\"scope-roles-input\"]').click();\ncy.get('[data-testid=\"scope-roles-input\"]').type(`${role}{enter}`);\ncy.get('[data-testid=\"scope-save-btn\"]').click();\ncy.contains('[data-testid=\"scope-list-table\"]', scopeName).should('be.visible'); // Go to resources page\ncy.get('[data-testid=\"left-menu-itemresources\"]').click(); // Open the operation sub section\ncy.get(`[data-testid=\"operation-${target}-${verb}\"]`).click();\ncy.get(`[data-testid=\"${target}-${verb}-operation-scope-select\"] > div`, {\n  timeout: 3000\n});\ncy.get(`[data-testid=\"${target}-${verb}-operation-scope-select\"] > div`).click();\ncy.get(`[data-testid=\"${target}-${verb}-operation-scope-${scopeName}\"]`).click();\ncy.get(`[data-testid=\"${target}-${verb}-operation-scope-${scopeName}\"]`).type('{esc}'); // // Save the resources\ncy.get('[data-testid=\"resources-save-operations\"]').click();\ncy.get('[data-testid=\"resources-save-operations\"]', {\n  timeout: 30000\n});\ncy.get(`[data-testid=\"${target}-${verb}-operation-scope-select\"] .selected`).contains(scopeName).should('be.visible'); // Test is done. Now delete the api\ncy.get(`[data-testid=\"itest-id-deleteapi-icon-button\"]`).click();\ncy.get(`[data-testid=\"itest-id-deleteconf\"]`).click();",
              "err": {},
              "uuid": "5e12a140-73ca-41a1-8398-ff4a94fdb631",
              "parentUUID": "ee422f60-be6c-4d40-bbe5-49ffd6161292",
              "isHook": false,
              "skipped": false
            }
          ],
          "suites": [],
          "passes": [
            "7a53cde3-61c0-420a-b606-1ffee6bbecf4",
            "8eb0067c-e814-44fc-8a51-efb76aa95273",
            "7a562808-e9f6-4963-8aa4-f6ddd0eb70fd",
            "5e12a140-73ca-41a1-8398-ff4a94fdb631"
          ],
          "failures": [],
          "pending": [],
          "skipped": [],
          "duration": 70365,
          "root": false,
          "rootEmpty": false,
          "_timeout": 2000
        }
      ],
      "passes": [],
      "failures": [],
      "pending": [],
      "skipped": [],
      "duration": 0,
      "root": true,
      "rootEmpty": true,
      "_timeout": 2000
    }
  ],
  "meta": {
    "mocha": {
      "version": "7.0.1"
    },
    "mochawesome": {
      "options": {
        "quiet": false,
        "reportFilename": "mochawesome",
        "saveHtml": false,
        "saveJson": true,
        "consoleReporter": "spec",
        "useInlineDiffs": false,
        "code": true
      },
      "version": "6.2.2"
    },
    "marge": {
      "options": {
        "id": "default",
        "charts": true,
        "reportPageTitle": "custom-title",
        "overwrite": false,
        "html": false,
        "json": true,
        "reportDir": "cypress/reports/html/.jsons"
      },
      "version": "5.2.0"
    }
  }
}