{
  "stats": {
    "suites": 1,
    "tests": 1,
    "passes": 1,
    "pending": 0,
    "failures": 0,
    "start": "2022-03-01T07:50:02.728Z",
    "end": "2022-03-01T07:50:40.244Z",
    "duration": 37516,
    "testsRegistered": 1,
    "passPercent": 100,
    "pendingPercent": 0,
    "other": 0,
    "hasOther": false,
    "skipped": 0,
    "hasSkipped": false
  },
  "results": [
    {
      "uuid": "81552940-4e1a-469f-8970-d751884f9890",
      "title": "",
      "fullFile": "cypress/integration/02-devportal/001-applications/02-generate-keys.spec.js",
      "file": "cypress/integration/02-devportal/001-applications/02-generate-keys.spec.js",
      "beforeHooks": [],
      "afterHooks": [],
      "tests": [],
      "suites": [
        {
          "uuid": "7927f998-0209-4e24-bfd5-050cdbfe0379",
          "title": "Application tests",
          "fullFile": "",
          "file": "",
          "beforeHooks": [],
          "afterHooks": [],
          "tests": [
            {
              "title": "Generate and update application production and sandbox keys, show hide keys",
              "fullTitle": "Application tests Generate and update application production and sandbox keys, show hide keys",
              "timedOut": null,
              "duration": 33253,
              "state": "passed",
              "speed": "slow",
              "pass": true,
              "fail": false,
              "pending": false,
              "context": null,
              "code": "cy.loginToDevportal(developer, password);\ncy.visit('/devportal/applications/create?tenant=carbon.super'); // Filling the form\ncy.get('#application-name').dblclick();\ncy.get('#application-name').type(appName);\ncy.get('#application-description').click();\ncy.get('#application-description').type('{backspace}');\ncy.get('#application-description').type(appDescription);\ncy.get('[data-testid=\"application-save-btn\"]').click(); // Checking the app name exists in the overview page.\ncy.url().should('contain', '/overview');\ncy.get('[data-testid=\"application-title\"]').contains(appName).should('exist'); // Generating keys production\ncy.get('[data-testid=\"left-menu-productionkeys/oauth\"]').click();\ncy.get('input#client_credentials').check();\ncy.get('input#password').check();\ncy.get('[data-testid=\"generate-application-keys\"]').click();\ncy.get('#consumer-key', {\n  timeout: 30000\n});\ncy.get('#consumer-key').should('exist'); // Updating the keys\n// Enabling authorization code grant type and updating keys\ncy.get('input#authorization_code').check();\ncy.get('#callbackURL').click();\ncy.get('#callbackURL').type('https://localhost');\ncy.get('[data-testid=\"generate-application-keys\"]').click(); // Checking if the code grant is still selected.\ncy.get('input#authorization_code').should('be.checked'); // Generating keys sandbox\ncy.get('[data-testid=\"left-menu-sandboxkeys/oauth\"]').click();\ncy.get('input#client_credentials').check();\ncy.get('input#password').check();\ncy.get('[data-testid=\"generate-application-keys\"]').click();\ncy.get('#consumer-key', {\n  timeout: 30000\n});\ncy.get('#consumer-key').should('exist'); // Updating the keys\n// Enabling authorization code grant type and updating keys\ncy.get('input#authorization_code').check();\ncy.get('#callbackURL').click();\ncy.get('#callbackURL').type('https://localhost');\ncy.get('[data-testid=\"generate-application-keys\"]').click(); // Checking if the code grant is still selected.\ncy.get('input#authorization_code').should('be.checked'); // Show hide keys\ncy.get('[data-testid=\"visibility-toggle-btn\"]').click();\ncy.get('input#consumer-secret').should('have.attr', 'type', 'text');\ncy.contains('visibility_off').should('be.visible');",
              "err": {},
              "uuid": "54cc20e0-d6ba-4aea-b930-0fc41e1237f6",
              "parentUUID": "7927f998-0209-4e24-bfd5-050cdbfe0379",
              "isHook": false,
              "skipped": false
            }
          ],
          "suites": [],
          "passes": [
            "54cc20e0-d6ba-4aea-b930-0fc41e1237f6"
          ],
          "failures": [],
          "pending": [],
          "skipped": [],
          "duration": 33253,
          "root": false,
          "rootEmpty": false,
          "_timeout": 2000
        }
      ],
      "passes": [],
      "failures": [],
      "pending": [],
      "skipped": [],
      "duration": 0,
      "root": true,
      "rootEmpty": true,
      "_timeout": 2000
    }
  ],
  "meta": {
    "mocha": {
      "version": "7.0.1"
    },
    "mochawesome": {
      "options": {
        "quiet": false,
        "reportFilename": "mochawesome",
        "saveHtml": false,
        "saveJson": true,
        "consoleReporter": "spec",
        "useInlineDiffs": false,
        "code": true
      },
      "version": "6.2.2"
    },
    "marge": {
      "options": {
        "id": "default",
        "charts": true,
        "reportPageTitle": "custom-title",
        "overwrite": false,
        "html": false,
        "json": true,
        "reportDir": "cypress/reports/html/.jsons"
      },
      "version": "5.2.0"
    }
  }
}