{
  "stats": {
    "suites": 1,
    "tests": 1,
    "passes": 1,
    "pending": 0,
    "failures": 0,
    "start": "2022-03-01T07:45:32.568Z",
    "end": "2022-03-01T07:45:53.801Z",
    "duration": 21233,
    "testsRegistered": 1,
    "passPercent": 100,
    "pendingPercent": 0,
    "other": 0,
    "hasOther": false,
    "skipped": 0,
    "hasSkipped": false
  },
  "results": [
    {
      "uuid": "19800da8-e3e4-44a7-9224-5b4532d41e27",
      "title": "",
      "fullFile": "cypress/integration/01-publisher/009-api-definition/03-upload-api.spec.js",
      "file": "cypress/integration/01-publisher/009-api-definition/03-upload-api.spec.js",
      "beforeHooks": [],
      "afterHooks": [],
      "tests": [],
      "suites": [
        {
          "uuid": "c5969544-cfbd-4fa3-b163-62c563bfe131",
          "title": "Upload api spec from the api definition page",
          "fullFile": "",
          "file": "",
          "beforeHooks": [],
          "afterHooks": [],
          "tests": [
            {
              "title": "Upload api spec from the api definition page",
              "fullTitle": "Upload api spec from the api definition page Upload api spec from the api definition page",
              "timedOut": null,
              "duration": 17203,
              "state": "passed",
              "speed": "slow",
              "pass": true,
              "fail": false,
              "pending": false,
              "context": null,
              "code": "cy.createAPIByRestAPIDesign(apiName, apiVersion);\ncy.get('[data-testid=\"left-menu-itemAPIdefinition\"]').click();\ncy.get('[data-testid=\"import-definition-btn\"]').click();\ncy.get('[data-testid=\"open-api-file-select-radio\"]').click(); // upload the swagger\ncy.get('[data-testid=\"browse-to-upload-btn\"]').then(function () {\n  const filepath = 'api_artifacts/swagger_2.0_.json';\n  cy.get('input[type=\"file\"]').attachFile(filepath); // provide the swagger url\n  cy.get('[data-testid=\"import-open-api-btn\"]').click(); // Wait until the api is saved\n  cy.intercept('**/apis/**').as('apiGet');\n  cy.wait('@apiGet'); // Check the resource exists\n  cy.get('[data-testid=\"left-menu-itemresources\"]').click();\n  cy.get('[data-testid=\"operation-/toy/{petId}/uploadImage-post\"]', {\n    timeout: 30000\n  });\n  cy.get('[data-testid=\"operation-/toy/{petId}/uploadImage-post\"]').should('be.visible');\n});",
              "err": {},
              "uuid": "b2f3c5ec-b215-4b87-90d1-100fab429eeb",
              "parentUUID": "c5969544-cfbd-4fa3-b163-62c563bfe131",
              "isHook": false,
              "skipped": false
            }
          ],
          "suites": [],
          "passes": [
            "b2f3c5ec-b215-4b87-90d1-100fab429eeb"
          ],
          "failures": [],
          "pending": [],
          "skipped": [],
          "duration": 17203,
          "root": false,
          "rootEmpty": false,
          "_timeout": 2000
        }
      ],
      "passes": [],
      "failures": [],
      "pending": [],
      "skipped": [],
      "duration": 0,
      "root": true,
      "rootEmpty": true,
      "_timeout": 2000
    }
  ],
  "meta": {
    "mocha": {
      "version": "7.0.1"
    },
    "mochawesome": {
      "options": {
        "quiet": false,
        "reportFilename": "mochawesome",
        "saveHtml": false,
        "saveJson": true,
        "consoleReporter": "spec",
        "useInlineDiffs": false,
        "code": true
      },
      "version": "6.2.2"
    },
    "marge": {
      "options": {
        "id": "default",
        "charts": true,
        "reportPageTitle": "custom-title",
        "overwrite": false,
        "html": false,
        "json": true,
        "reportDir": "cypress/reports/html/.jsons"
      },
      "version": "5.2.0"
    }
  }
}