{
  "stats": {
    "suites": 1,
    "tests": 1,
    "passes": 1,
    "pending": 0,
    "failures": 0,
    "start": "2022-03-01T07:38:34.549Z",
    "end": "2022-03-01T07:38:53.142Z",
    "duration": 18593,
    "testsRegistered": 1,
    "passPercent": 100,
    "pendingPercent": 0,
    "other": 0,
    "hasOther": false,
    "skipped": 0,
    "hasSkipped": false
  },
  "results": [
    {
      "uuid": "b79e686c-7942-463a-86f0-8eafb0a2f47b",
      "title": "",
      "fullFile": "cypress/integration/01-publisher/004-endpoints/00-add-rest-endpoints-production-sandbox.spec.js",
      "file": "cypress/integration/01-publisher/004-endpoints/00-add-rest-endpoints-production-sandbox.spec.js",
      "beforeHooks": [],
      "afterHooks": [],
      "tests": [],
      "suites": [
        {
          "uuid": "fb4bab53-2f57-4c13-99af-c4999fb3b666",
          "title": "Add Authorization Header for the api",
          "fullFile": "",
          "file": "",
          "beforeHooks": [],
          "afterHooks": [],
          "tests": [
            {
              "title": "Add Authorization Header for the api",
              "fullTitle": "Add Authorization Header for the api Add Authorization Header for the api",
              "timedOut": null,
              "duration": 16411,
              "state": "passed",
              "speed": "slow",
              "pass": true,
              "fail": false,
              "pending": false,
              "context": null,
              "code": "const endpoint = 'https://petstore.swagger.io/v2/store/inventory';\ncy.createAPIWithoutEndpoint();\ncy.get('[data-testid=\"left-menu-itemendpoints\"]').click();\ncy.get('[data-testid=\"http__rest_endpoint-start\"]').click(); // Add the prod and sandbox endpoints\ncy.get('[data-testid=\"sandbox-endpoint-checkbox\"] input').check();\ncy.get('[data-testid=\"production-endpoint-checkbox\"]').click();\ncy.get('#primaryEndpoint').focus().type(endpoint);\ncy.get('#sandboxEndpoint').focus().type(endpoint); // Save\ncy.get('[data-testid=\"endpoint-save-btn\"]').click(); // Check the values\ncy.get('#primaryEndpoint').should('have.value', endpoint);\ncy.get('#sandboxEndpoint').should('have.value', endpoint);",
              "err": {},
              "uuid": "3d53c02b-619a-49b5-9bca-8ec9f5b23c0a",
              "parentUUID": "fb4bab53-2f57-4c13-99af-c4999fb3b666",
              "isHook": false,
              "skipped": false
            }
          ],
          "suites": [],
          "passes": [
            "3d53c02b-619a-49b5-9bca-8ec9f5b23c0a"
          ],
          "failures": [],
          "pending": [],
          "skipped": [],
          "duration": 16411,
          "root": false,
          "rootEmpty": false,
          "_timeout": 2000
        }
      ],
      "passes": [],
      "failures": [],
      "pending": [],
      "skipped": [],
      "duration": 0,
      "root": true,
      "rootEmpty": true,
      "_timeout": 2000
    }
  ],
  "meta": {
    "mocha": {
      "version": "7.0.1"
    },
    "mochawesome": {
      "options": {
        "quiet": false,
        "reportFilename": "mochawesome",
        "saveHtml": false,
        "saveJson": true,
        "consoleReporter": "spec",
        "useInlineDiffs": false,
        "code": true
      },
      "version": "6.2.2"
    },
    "marge": {
      "options": {
        "id": "default",
        "charts": true,
        "reportPageTitle": "custom-title",
        "overwrite": false,
        "html": false,
        "json": true,
        "reportDir": "cypress/reports/html/.jsons"
      },
      "version": "5.2.0"
    }
  }
}