{
  "stats": {
    "suites": 1,
    "tests": 1,
    "passes": 1,
    "pending": 0,
    "failures": 0,
    "start": "2022-03-01T07:56:32.667Z",
    "end": "2022-03-01T07:56:40.074Z",
    "duration": 7407,
    "testsRegistered": 1,
    "passPercent": 100,
    "pendingPercent": 0,
    "other": 0,
    "hasOther": false,
    "skipped": 0,
    "hasSkipped": false
  },
  "results": [
    {
      "uuid": "82cdb0bd-08bc-4e6d-bcf3-b579caed2d80",
      "title": "",
      "fullFile": "cypress/integration/03-admin/01-add-edit-delete-advance-throttle-policies.spec.js",
      "file": "cypress/integration/03-admin/01-add-edit-delete-advance-throttle-policies.spec.js",
      "beforeHooks": [],
      "afterHooks": [],
      "tests": [],
      "suites": [
        {
          "uuid": "c858c981-08b0-4dcc-a27e-a54e32eff9e5",
          "title": "Add Edit Delete advance throttle policies",
          "fullFile": "",
          "file": "",
          "beforeHooks": [],
          "afterHooks": [],
          "tests": [
            {
              "title": "Add Edit Delete advance throttle policies",
              "fullTitle": "Add Edit Delete advance throttle policies Add Edit Delete advance throttle policies",
              "timedOut": null,
              "duration": 7328,
              "state": "passed",
              "speed": "medium",
              "pass": true,
              "fail": false,
              "pending": false,
              "context": null,
              "code": "const policyName = '030PerMin';\ncy.get('[data-testid=\"Advanced Policies-child-link\"]').click();\ncy.get('.MuiButton-label').contains('Add New Policy').click();\ncy.get('input[name=\"policyName\"]').type(policyName);\ncy.get('textarea[name=\"description\"]').type('allow 30 requests per minute');\ncy.get('input[name=\"requestCount\"]').type('30');\ncy.get('input[name=\"unitTime\"]').type('1');\ncy.get('button.MuiButton-containedPrimary > span').contains('Add').click();\ncy.get('table tr td a').contains(policyName).should('exist'); // editing\ncy.intercept('**/throttling/policies/advanced/*').as('getPolicy');\ncy.get('table tr td a').contains(policyName).click();\ncy.wait('@getPolicy');\ncy.get('input[name=\"requestCount\"]').clear().type('31');\ncy.get('button.MuiButton-containedPrimary > span').contains('Update').click();\ncy.get('table tr td').contains('31').should('exist'); // delete\ncy.get(`[data-testid=\"${policyName}-actions\"] > span svg`).click();\ncy.get('button > span').contains('Delete').click();\ncy.get('table tr td a').contains(policyName).should('not.exist');",
              "err": {},
              "uuid": "1356652b-e49c-400b-beaa-d5da1db78e9d",
              "parentUUID": "c858c981-08b0-4dcc-a27e-a54e32eff9e5",
              "isHook": false,
              "skipped": false
            }
          ],
          "suites": [],
          "passes": [
            "1356652b-e49c-400b-beaa-d5da1db78e9d"
          ],
          "failures": [],
          "pending": [],
          "skipped": [],
          "duration": 7328,
          "root": false,
          "rootEmpty": false,
          "_timeout": 2000
        }
      ],
      "passes": [],
      "failures": [],
      "pending": [],
      "skipped": [],
      "duration": 0,
      "root": true,
      "rootEmpty": true,
      "_timeout": 2000
    }
  ],
  "meta": {
    "mocha": {
      "version": "7.0.1"
    },
    "mochawesome": {
      "options": {
        "quiet": false,
        "reportFilename": "mochawesome",
        "saveHtml": false,
        "saveJson": true,
        "consoleReporter": "spec",
        "useInlineDiffs": false,
        "code": true
      },
      "version": "6.2.2"
    },
    "marge": {
      "options": {
        "id": "default",
        "charts": true,
        "reportPageTitle": "custom-title",
        "overwrite": false,
        "html": false,
        "json": true,
        "reportDir": "cypress/reports/html/.jsons"
      },
      "version": "5.2.0"
    }
  }
}