{
  "stats": {
    "suites": 1,
    "tests": 1,
    "passes": 0,
    "pending": 0,
    "failures": 1,
    "start": "2022-03-01T07:30:51.031Z",
    "end": "2022-03-01T07:31:11.706Z",
    "duration": 20675,
    "testsRegistered": 1,
    "passPercent": 0,
    "pendingPercent": 0,
    "other": 1,
    "hasOther": true,
    "skipped": 0,
    "hasSkipped": false
  },
  "results": [
    {
      "uuid": "08f7fd31-940d-4f9c-aa91-2742208c1022",
      "title": "",
      "fullFile": "cypress/integration/01-publisher/000-general/01-create-new-version-of-api.spec.js",
      "file": "cypress/integration/01-publisher/000-general/01-create-new-version-of-api.spec.js",
      "beforeHooks": [],
      "afterHooks": [],
      "tests": [],
      "suites": [
        {
          "uuid": "20a9e6c7-fcdc-41fe-906c-91cb6f483dea",
          "title": "Create a new version of API",
          "fullFile": "",
          "file": "",
          "beforeHooks": [],
          "afterHooks": [],
          "tests": [
            {
              "title": "Create a new version of API",
              "fullTitle": "Create a new version of API Create a new version of API",
              "timedOut": null,
              "duration": 534,
              "state": "failed",
              "speed": null,
              "pass": false,
              "fail": true,
              "pending": false,
              "context": "[\n  {\n    \"title\": \"Failed screenshot\",\n    \"value\": \"screenshots/01-publisher/000-general/01-create-new-version-of-api.spec.js/Create a new version of API -- Create a new version of API (failed).png\"\n  },\n  {\n    \"title\": \"Failed screenshot\",\n    \"value\": \"screenshots/01-publisher/000-general/01-create-new-version-of-api.spec.js/Create a new version of API -- Create a new version of API -- after all hook (failed).png\"\n  }\n]",
              "code": "cy.loginToPublisher(publisher, password);\ncy.createAPIByRestAPIDesign(apiName, apiVersion);\ncy.get('[data-testid=\"create-new-version-btn\"]').click();\ncy.get('[data-testid=\"new-version-textbox\"] input').type(newVersion);\ncy.get('[data-testid=\"new-version-save-btn\"]').click(); // Validate\ncy.get('[data-testid=\"api-name-version-title\"]', {\n  timeout: 30000\n}).should('be.visible');\ncy.get('[data-testid=\"api-name-version-title\"]').contains(`${apiName} :${apiVersion}`);",
              "err": {
                "message": "CypressError: `cy.click()` failed because it requires a DOM element.\n\nThe subject received was:\n\n  > `undefined`\n\nThe previous command that ran was:\n\n  > `cy.get()`\n\nBecause this error occurred during a `after all` hook we are skipping the remaining tests in the current suite: `Create a new version of API`",
                "estack": "CypressError: `cy.click()` failed because it requires a DOM element.\n\nThe subject received was:\n\n  > `undefined`\n\nThe previous command that ran was:\n\n  > `cy.get()`\n\nBecause this error occurred during a `after all` hook we are skipping the remaining tests in the current suite: `Create a new version of API`\n    at ensureElement (https://localhost:9443/__cypress/runner/cypress_runner.js:162678:76)\n    at validateType (https://localhost:9443/__cypress/runner/cypress_runner.js:162501:16)\n    at $Cy.ensureSubjectByType (https://localhost:9443/__cypress/runner/cypress_runner.js:162537:9)\n    at pushSubjectAndValidate (https://localhost:9443/__cypress/runner/cypress_runner.js:171827:12)\n    at Context.<anonymous> (https://localhost:9443/__cypress/runner/cypress_runner.js:172102:20)\nFrom Your Spec Code:\n    at Context.eval (https://localhost:9443/__cypress/tests?p=cypress/support/index.js:285:52)",
                "diff": null
              },
              "uuid": "505e1380-ef8b-490b-92f1-81bbdc514a2a",
              "parentUUID": "20a9e6c7-fcdc-41fe-906c-91cb6f483dea",
              "isHook": false,
              "skipped": false
            }
          ],
          "suites": [],
          "passes": [],
          "failures": [
            "505e1380-ef8b-490b-92f1-81bbdc514a2a"
          ],
          "pending": [],
          "skipped": [],
          "duration": 534,
          "root": false,
          "rootEmpty": false,
          "_timeout": 2000
        }
      ],
      "passes": [],
      "failures": [],
      "pending": [],
      "skipped": [],
      "duration": 0,
      "root": true,
      "rootEmpty": true,
      "_timeout": 2000
    }
  ],
  "meta": {
    "mocha": {
      "version": "7.0.1"
    },
    "mochawesome": {
      "options": {
        "quiet": false,
        "reportFilename": "mochawesome",
        "saveHtml": false,
        "saveJson": true,
        "consoleReporter": "spec",
        "useInlineDiffs": false,
        "code": true
      },
      "version": "6.2.2"
    },
    "marge": {
      "options": {
        "id": "default",
        "charts": true,
        "reportPageTitle": "custom-title",
        "overwrite": false,
        "html": false,
        "json": true,
        "reportDir": "cypress/reports/html/.jsons"
      },
      "version": "5.2.0"
    }
  }
}