{
  "stats": {
    "suites": 1,
    "tests": 1,
    "passes": 1,
    "pending": 0,
    "failures": 0,
    "start": "2022-03-01T07:36:22.436Z",
    "end": "2022-03-01T07:36:41.527Z",
    "duration": 19091,
    "testsRegistered": 1,
    "passPercent": 100,
    "pendingPercent": 0,
    "other": 0,
    "hasOther": false,
    "skipped": 0,
    "hasSkipped": false
  },
  "results": [
    {
      "uuid": "8ec1a2ce-e0af-4554-9c88-5ea204e3808b",
      "title": "",
      "fullFile": "cypress/integration/01-publisher/003-run-time-configs/01-select-transport-types.spec.js",
      "file": "cypress/integration/01-publisher/003-run-time-configs/01-select-transport-types.spec.js",
      "beforeHooks": [],
      "afterHooks": [],
      "tests": [],
      "suites": [
        {
          "uuid": "5f3bcd86-c884-4796-b7aa-194433042230",
          "title": "Runtime configuration",
          "fullFile": "",
          "file": "",
          "beforeHooks": [],
          "afterHooks": [],
          "tests": [
            {
              "title": "Select transport type",
              "fullTitle": "Runtime configuration Select transport type",
              "timedOut": null,
              "duration": 15062,
              "state": "passed",
              "speed": "slow",
              "pass": true,
              "fail": false,
              "pending": false,
              "context": null,
              "code": "cy.createAPIByRestAPIDesign(apiName, apiVersion);\ncy.get('[data-testid=\"left-menu-itemRuntimeConfigurations\"]').click();\ncy.get('[data-testid=\"transport-level-security-head\"]').click();\ncy.get('[data-testid=\"http-transport\"]').click();\ncy.get('[data-testid=\"save-runtime-configurations\"]').click();\ncy.get('[data-testid=\"transport-level-security-head\"]').click();\ncy.get('[data-testid=\"http-transport\"] input').should('not.be.checked');",
              "err": {},
              "uuid": "ba3c3073-4fb8-444b-a9b6-808571cad90a",
              "parentUUID": "5f3bcd86-c884-4796-b7aa-194433042230",
              "isHook": false,
              "skipped": false
            }
          ],
          "suites": [],
          "passes": [
            "ba3c3073-4fb8-444b-a9b6-808571cad90a"
          ],
          "failures": [],
          "pending": [],
          "skipped": [],
          "duration": 15062,
          "root": false,
          "rootEmpty": false,
          "_timeout": 2000
        }
      ],
      "passes": [],
      "failures": [],
      "pending": [],
      "skipped": [],
      "duration": 0,
      "root": true,
      "rootEmpty": true,
      "_timeout": 2000
    }
  ],
  "meta": {
    "mocha": {
      "version": "7.0.1"
    },
    "mochawesome": {
      "options": {
        "quiet": false,
        "reportFilename": "mochawesome",
        "saveHtml": false,
        "saveJson": true,
        "consoleReporter": "spec",
        "useInlineDiffs": false,
        "code": true
      },
      "version": "6.2.2"
    },
    "marge": {
      "options": {
        "id": "default",
        "charts": true,
        "reportPageTitle": "custom-title",
        "overwrite": false,
        "html": false,
        "json": true,
        "reportDir": "cypress/reports/html/.jsons"
      },
      "version": "5.2.0"
    }
  }
}