{
  "stats": {
    "suites": 1,
    "tests": 1,
    "passes": 1,
    "pending": 0,
    "failures": 0,
    "start": "2022-03-01T07:42:12.419Z",
    "end": "2022-03-01T07:42:33.095Z",
    "duration": 20676,
    "testsRegistered": 1,
    "passPercent": 100,
    "pendingPercent": 0,
    "other": 0,
    "hasOther": false,
    "skipped": 0,
    "hasSkipped": false
  },
  "results": [
    {
      "uuid": "aa7ceeb2-c3ea-4fb4-b278-c4060718ec55",
      "title": "",
      "fullFile": "cypress/integration/01-publisher/005-design-config/02-set-publisher-access-control-and-visibility-by-roles.spec.js",
      "file": "cypress/integration/01-publisher/005-design-config/02-set-publisher-access-control-and-visibility-by-roles.spec.js",
      "beforeHooks": [],
      "afterHooks": [],
      "tests": [],
      "suites": [
        {
          "uuid": "44fdc6e7-7ff6-44ae-ab7b-86f30caef8ac",
          "title": "Set publisher access control and visibility by roles",
          "fullFile": "",
          "file": "",
          "beforeHooks": [],
          "afterHooks": [],
          "tests": [
            {
              "title": "Set role based API Store visibility and access control for the api",
              "fullTitle": "Set publisher access control and visibility by roles Set role based API Store visibility and access control for the api",
              "timedOut": null,
              "duration": 16665,
              "state": "passed",
              "speed": "slow",
              "pass": true,
              "fail": false,
              "pending": false,
              "context": null,
              "code": "const role = 'internal/everyone';\ncy.createAPIByRestAPIDesign(apiName, apiVersion);\ncy.get('[data-testid=\"left-menu-itemDesignConfigurations\"]').click(); // Select the restricted by role option for access control\ncy.get('[data-testid=\"access-control-select\"]').click();\ncy.get('[data-testid=\"access-control-restricted-by-roles\"]').click(); // fill the chip input and press enter\ncy.get('[data-testid=\"access-control-select-role\"]').type(`${role}{enter}`); // Select the restricted by role option for devportal visibility\ncy.get('[data-testid=\"visibility-select\"]').click();\ncy.get('[data-testid=\"visibility-restricted-by-roles\"]').click(); // fill the chip input and press enter\ncy.get('[data-testid=\"visibility-select-role\"]').type(`${role}{enter}`);\ncy.get('[data-testid=\"design-config-save-btn\"]').click();\ncy.get('[data-testid=\"design-config-save-btn\"]').then(function () {\n  cy.get('div[data-testid=\"access-control-select-role\"] span').contains(role).should('exist');\n  cy.get('div[data-testid=\"visibility-select-role\"] span').contains(role).should('exist');\n});",
              "err": {},
              "uuid": "2eaad5fb-679b-45f2-97f0-2b1ed5e256fe",
              "parentUUID": "44fdc6e7-7ff6-44ae-ab7b-86f30caef8ac",
              "isHook": false,
              "skipped": false
            }
          ],
          "suites": [],
          "passes": [
            "2eaad5fb-679b-45f2-97f0-2b1ed5e256fe"
          ],
          "failures": [],
          "pending": [],
          "skipped": [],
          "duration": 16665,
          "root": false,
          "rootEmpty": false,
          "_timeout": 2000
        }
      ],
      "passes": [],
      "failures": [],
      "pending": [],
      "skipped": [],
      "duration": 0,
      "root": true,
      "rootEmpty": true,
      "_timeout": 2000
    }
  ],
  "meta": {
    "mocha": {
      "version": "7.0.1"
    },
    "mochawesome": {
      "options": {
        "quiet": false,
        "reportFilename": "mochawesome",
        "saveHtml": false,
        "saveJson": true,
        "consoleReporter": "spec",
        "useInlineDiffs": false,
        "code": true
      },
      "version": "6.2.2"
    },
    "marge": {
      "options": {
        "id": "default",
        "charts": true,
        "reportPageTitle": "custom-title",
        "overwrite": false,
        "html": false,
        "json": true,
        "reportDir": "cypress/reports/html/.jsons"
      },
      "version": "5.2.0"
    }
  }
}