{
  "stats": {
    "suites": 1,
    "tests": 1,
    "passes": 1,
    "pending": 0,
    "failures": 0,
    "start": "2022-03-01T07:44:13.474Z",
    "end": "2022-03-01T07:44:32.660Z",
    "duration": 19186,
    "testsRegistered": 1,
    "passPercent": 100,
    "pendingPercent": 0,
    "other": 0,
    "hasOther": false,
    "skipped": 0,
    "hasSkipped": false
  },
  "results": [
    {
      "uuid": "b6d6b2f0-65a3-4722-b871-5e5794afa371",
      "title": "",
      "fullFile": "cypress/integration/01-publisher/007-environments/00-select-gateway-environments.spec.js",
      "file": "cypress/integration/01-publisher/007-environments/00-select-gateway-environments.spec.js",
      "beforeHooks": [],
      "afterHooks": [],
      "tests": [],
      "suites": [
        {
          "uuid": "cad383a4-56ff-4957-9257-b7e2381f5f4a",
          "title": "Select gateway environments",
          "fullFile": "",
          "file": "",
          "beforeHooks": [],
          "afterHooks": [],
          "tests": [
            {
              "title": "Select gateway environments",
              "fullTitle": "Select gateway environments Select gateway environments",
              "timedOut": null,
              "duration": 15340,
              "state": "passed",
              "speed": "slow",
              "pass": true,
              "fail": false,
              "pending": false,
              "context": null,
              "code": "cy.createAPIByRestAPIDesign(apiName, apiVersion);\ncy.get('[data-testid=\"left-menu-itemenvironments\"]').click();\ncy.get('[data-testid=\"environments-checkbox-Production and Sandbox\"]').click();\ncy.get('[data-testid=\"save-environments-btn\"]').click();\ncy.get('[data-testid=\"save-environments-btn\"]').then(function () {\n  cy.get('[data-testid=\"environments-checkbox-Production and Sandbox\"] input').should('not.be.checked');\n});\ncy.get('[data-testid=\"environments-checkbox-Production and Sandbox\"]').click();\ncy.get('[data-testid=\"save-environments-btn\"]').click();\ncy.get('[data-testid=\"save-environments-btn\"]').then(function () {\n  cy.get('[data-testid=\"environments-checkbox-Production and Sandbox\"] input').should('be.checked');\n});",
              "err": {},
              "uuid": "b9af92bf-9eab-4270-8a25-a2e438c73e86",
              "parentUUID": "cad383a4-56ff-4957-9257-b7e2381f5f4a",
              "isHook": false,
              "skipped": false
            }
          ],
          "suites": [],
          "passes": [
            "b9af92bf-9eab-4270-8a25-a2e438c73e86"
          ],
          "failures": [],
          "pending": [],
          "skipped": [],
          "duration": 15340,
          "root": false,
          "rootEmpty": false,
          "_timeout": 2000
        }
      ],
      "passes": [],
      "failures": [],
      "pending": [],
      "skipped": [],
      "duration": 0,
      "root": true,
      "rootEmpty": true,
      "_timeout": 2000
    }
  ],
  "meta": {
    "mocha": {
      "version": "7.0.1"
    },
    "mochawesome": {
      "options": {
        "quiet": false,
        "reportFilename": "mochawesome",
        "saveHtml": false,
        "saveJson": true,
        "consoleReporter": "spec",
        "useInlineDiffs": false,
        "code": true
      },
      "version": "6.2.2"
    },
    "marge": {
      "options": {
        "id": "default",
        "charts": true,
        "reportPageTitle": "custom-title",
        "overwrite": false,
        "html": false,
        "json": true,
        "reportDir": "cypress/reports/html/.jsons"
      },
      "version": "5.2.0"
    }
  }
}