{
  "stats": {
    "suites": 1,
    "tests": 1,
    "passes": 1,
    "pending": 0,
    "failures": 0,
    "start": "2022-03-01T07:40:44.326Z",
    "end": "2022-03-01T07:41:06.617Z",
    "duration": 22291,
    "testsRegistered": 1,
    "passPercent": 100,
    "pendingPercent": 0,
    "other": 0,
    "hasOther": false,
    "skipped": 0,
    "hasSkipped": false
  },
  "results": [
    {
      "uuid": "d9662b6f-31ce-4c38-9213-6e5f4685efc9",
      "title": "",
      "fullFile": "cypress/integration/01-publisher/004-endpoints/06-Import-delete-certificates.spec.js",
      "file": "cypress/integration/01-publisher/004-endpoints/06-Import-delete-certificates.spec.js",
      "beforeHooks": [],
      "afterHooks": [],
      "tests": [],
      "suites": [
        {
          "uuid": "6595d0b3-50db-41d6-9319-b6d09d72bb23",
          "title": "Endpoint testing",
          "fullFile": "",
          "file": "",
          "beforeHooks": [],
          "afterHooks": [],
          "tests": [
            {
              "title": "Add REST endpoints for production and sandbox endpoints with failover",
              "fullTitle": "Endpoint testing Add REST endpoints for production and sandbox endpoints with failover",
              "timedOut": null,
              "duration": 20404,
              "state": "passed",
              "speed": "slow",
              "pass": true,
              "fail": false,
              "pending": false,
              "context": null,
              "code": "const random_number = Math.floor(Date.now() / 1000);\nconst testAlias = `endpointCert`;\nconst endpoint = `https://petstore.swagger.io/v2/store/inventory/${random_number}`;\ncy.createAPIWithoutEndpoint();\ncy.get('[data-testid=\"left-menu-itemendpoints\"]').click();\ncy.get('[data-testid=\"http__rest_endpoint-start\"]').click(); // Add the prod and sandbox endpoints\ncy.get('[data-testid=\"production-endpoint-checkbox\"]').click();\ncy.get('#primaryEndpoint').focus().type(endpoint); //Expanding the general config section\ncy.get('[data-testid=\"general-configuration-certs\"]').trigger('click');\ncy.get('[data-testid=\"general-configuration-certs-add-btn\"]').click();\ncy.get('[data-testid=\"certificate-endpoint-select\"]').click();\ncy.get(`[data-value=\"${endpoint}\"]`).click();\ncy.get('#certificateAlias').click();\ncy.get('#certificateAlias').type(testAlias); // upload the cert\nconst filepath = 'api_artifacts/sample.crt.pem';\ncy.get('input[type=\"file\"]').attachFile(filepath); // Click away\ncy.get('#certificateAlias').click(); // Save the cert\ncy.get('[data-testid=\"upload-cert-save-btn\"]').type(filepath);\ncy.wait(1000); // Save the endpoint\ncy.get('[data-testid=\"endpoint-save-btn\"]').click();\ncy.get('[data-testid=\"endpoint-save-btn\"]').then(function (el) {\n  // Check the values\n  cy.get('[data-testid=\"general-configuration-certs\"]').trigger('click');\n  cy.get('[data-testid=\"endpoint-cert-list\"]').contains(testAlias).should('be.visible');\n});\ncy.get('[data-testid=\"delete-cert-btn\"]').trigger('click');\ncy.get('[data-testid=\"delete-cert-confirm-btn\"]').click();\ncy.get('[data-testid=\"endpoint-cert-list\"]').contains(testAlias).should('not.exist');",
              "err": {},
              "uuid": "9a1806d1-1b4f-49d0-928e-c81c3622c29a",
              "parentUUID": "6595d0b3-50db-41d6-9319-b6d09d72bb23",
              "isHook": false,
              "skipped": false
            }
          ],
          "suites": [],
          "passes": [
            "9a1806d1-1b4f-49d0-928e-c81c3622c29a"
          ],
          "failures": [],
          "pending": [],
          "skipped": [],
          "duration": 20404,
          "root": false,
          "rootEmpty": false,
          "_timeout": 2000
        }
      ],
      "passes": [],
      "failures": [],
      "pending": [],
      "skipped": [],
      "duration": 0,
      "root": true,
      "rootEmpty": true,
      "_timeout": 2000
    }
  ],
  "meta": {
    "mocha": {
      "version": "7.0.1"
    },
    "mochawesome": {
      "options": {
        "quiet": false,
        "reportFilename": "mochawesome",
        "saveHtml": false,
        "saveJson": true,
        "consoleReporter": "spec",
        "useInlineDiffs": false,
        "code": true
      },
      "version": "6.2.2"
    },
    "marge": {
      "options": {
        "id": "default",
        "charts": true,
        "reportPageTitle": "custom-title",
        "overwrite": false,
        "html": false,
        "json": true,
        "reportDir": "cypress/reports/html/.jsons"
      },
      "version": "5.2.0"
    }
  }
}