{
  "stats": {
    "suites": 1,
    "tests": 1,
    "passes": 1,
    "pending": 0,
    "failures": 0,
    "start": "2022-06-10T10:46:36.572Z",
    "end": "2022-06-10T10:46:49.981Z",
    "duration": 13409,
    "testsRegistered": 1,
    "passPercent": 100,
    "pendingPercent": 0,
    "other": 0,
    "hasOther": false,
    "skipped": 0,
    "hasSkipped": false
  },
  "results": [
    {
      "uuid": "1d29351c-5ac2-44de-b5b3-488936cf5e58",
      "title": "",
      "fullFile": "cypress/integration/admin/04-add-edit-delete-api-categories.spec.js",
      "file": "cypress/integration/admin/04-add-edit-delete-api-categories.spec.js",
      "beforeHooks": [],
      "afterHooks": [],
      "tests": [],
      "suites": [
        {
          "uuid": "7162b419-5037-4343-97b3-9bb222202c63",
          "title": "Add Edit Delete api categories",
          "fullFile": "",
          "file": "",
          "beforeHooks": [],
          "afterHooks": [],
          "tests": [
            {
              "title": "Add Edit Delete api categories",
              "fullTitle": "Add Edit Delete api categories Add Edit Delete api categories",
              "timedOut": null,
              "duration": 13366,
              "state": "passed",
              "speed": "slow",
              "pass": true,
              "fail": false,
              "pending": false,
              "context": null,
              "code": "var categoryName = 'Finance';\ncy.get('[data-testid=\"API Categories\"]').click();\ncy.get('.MuiButton-label').contains('Add API Category').click();\ncy.get('input[name=\"name\"]').type(categoryName);\ncy.get('textarea[name=\"description\"]').type('finance related apis');\ncy.get('button.MuiButton-containedPrimary > span').contains('Save').click();\ncy.get('[data-testid=\"MuiDataTableBodyCell-2-0\"]').contains('finance related apis').should('exist'); // editing\ncy.get(\"[data-testid=\\\"MuiDataTableBodyCell-4-0\\\"] > div > div > span:first-child\").click();\ncy.get('textarea[name=\"description\"]').clear().type('finance apis');\ncy.intercept('GET', '**/api-categories').as('getCategories');\ncy.get('button.MuiButton-containedPrimary > span').contains('Save').click();\ncy.wait('@getCategories', {\n  timeout: 3000\n}).then(function () {\n  cy.get('[data-testid=\"MuiDataTableBodyCell-2-0\"]').contains('finance apis').should('exist');\n}); // delete\ncy.get(\"[data-testid=\\\"MuiDataTableBodyCell-4-0\\\"] > div > div > span:nth-child(2)\").click();\ncy.get('button > span').contains('Delete').click();\ncy.get('div[role=\"status\"]').should('have.text', 'API Category deleted successfully');",
              "err": {},
              "uuid": "8f6acaa6-00bf-45c8-8e19-aed2150842ad",
              "parentUUID": "7162b419-5037-4343-97b3-9bb222202c63",
              "isHook": false,
              "skipped": false
            }
          ],
          "suites": [],
          "passes": [
            "8f6acaa6-00bf-45c8-8e19-aed2150842ad"
          ],
          "failures": [],
          "pending": [],
          "skipped": [],
          "duration": 13366,
          "root": false,
          "rootEmpty": false,
          "_timeout": 2000
        }
      ],
      "passes": [],
      "failures": [],
      "pending": [],
      "skipped": [],
      "duration": 0,
      "root": true,
      "rootEmpty": true,
      "_timeout": 2000
    }
  ],
  "meta": {
    "mocha": {
      "version": "7.0.1"
    },
    "mochawesome": {
      "options": {
        "quiet": false,
        "reportFilename": "mochawesome",
        "saveHtml": false,
        "saveJson": true,
        "consoleReporter": "spec",
        "useInlineDiffs": false,
        "code": true
      },
      "version": "6.3.1"
    },
    "marge": {
      "options": {
        "id": "default",
        "charts": true,
        "reportPageTitle": "custom-title",
        "overwrite": false,
        "html": false,
        "json": true,
        "reportDir": "cypress/reports/html/.jsons"
      },
      "version": "5.2.0"
    }
  }
}