{
  "stats": {
    "suites": 1,
    "tests": 1,
    "passes": 1,
    "pending": 0,
    "failures": 0,
    "start": "2022-03-01T07:49:46.328Z",
    "end": "2022-03-01T07:50:01.675Z",
    "duration": 15347,
    "testsRegistered": 1,
    "passPercent": 100,
    "pendingPercent": 0,
    "other": 0,
    "hasOther": false,
    "skipped": 0,
    "hasSkipped": false
  },
  "results": [
    {
      "uuid": "5e8a9321-4308-4e57-af06-321e79d15435",
      "title": "",
      "fullFile": "cypress/integration/02-devportal/001-applications/01-create-jwt-app-generate-keys.spec.js",
      "file": "cypress/integration/02-devportal/001-applications/01-create-jwt-app-generate-keys.spec.js",
      "beforeHooks": [],
      "afterHooks": [],
      "tests": [],
      "suites": [
        {
          "uuid": "14c89273-ff46-4352-a0e2-70e2d91441ae",
          "title": "Application tests",
          "fullFile": "",
          "file": "",
          "beforeHooks": [],
          "afterHooks": [],
          "tests": [
            {
              "title": "Add Applications for JWT token Type",
              "fullTitle": "Application tests Add Applications for JWT token Type",
              "timedOut": null,
              "duration": 11753,
              "state": "passed",
              "speed": "slow",
              "pass": true,
              "fail": false,
              "pending": false,
              "context": null,
              "code": "cy.loginToDevportal();\ncy.createApp(appName, appDescription);",
              "err": {},
              "uuid": "01b7a0a4-762a-4a65-b94f-14dcb7070712",
              "parentUUID": "14c89273-ff46-4352-a0e2-70e2d91441ae",
              "isHook": false,
              "skipped": false
            }
          ],
          "suites": [],
          "passes": [
            "01b7a0a4-762a-4a65-b94f-14dcb7070712"
          ],
          "failures": [],
          "pending": [],
          "skipped": [],
          "duration": 11753,
          "root": false,
          "rootEmpty": false,
          "_timeout": 2000
        }
      ],
      "passes": [],
      "failures": [],
      "pending": [],
      "skipped": [],
      "duration": 0,
      "root": true,
      "rootEmpty": true,
      "_timeout": 2000
    }
  ],
  "meta": {
    "mocha": {
      "version": "7.0.1"
    },
    "mochawesome": {
      "options": {
        "quiet": false,
        "reportFilename": "mochawesome",
        "saveHtml": false,
        "saveJson": true,
        "consoleReporter": "spec",
        "useInlineDiffs": false,
        "code": true
      },
      "version": "6.2.2"
    },
    "marge": {
      "options": {
        "id": "default",
        "charts": true,
        "reportPageTitle": "custom-title",
        "overwrite": false,
        "html": false,
        "json": true,
        "reportDir": "cypress/reports/html/.jsons"
      },
      "version": "5.2.0"
    }
  }
}