{
  "stats": {
    "suites": 1,
    "tests": 2,
    "passes": 2,
    "pending": 0,
    "failures": 0,
    "start": "2022-03-01T07:31:12.640Z",
    "end": "2022-03-01T07:31:37.681Z",
    "duration": 25041,
    "testsRegistered": 2,
    "passPercent": 100,
    "pendingPercent": 0,
    "other": 0,
    "hasOther": false,
    "skipped": 0,
    "hasSkipped": false
  },
  "results": [
    {
      "uuid": "a0752b5c-7111-4497-ac52-eee43fd6cd85",
      "title": "",
      "fullFile": "cypress/integration/01-publisher/001-api-create/01-login-logout-from-publisher-as-super-tenant-user.spec.js",
      "file": "cypress/integration/01-publisher/001-api-create/01-login-logout-from-publisher-as-super-tenant-user.spec.js",
      "beforeHooks": [],
      "afterHooks": [],
      "tests": [],
      "suites": [
        {
          "uuid": "4b47c7c2-b7f0-4c86-899e-8fba981ec684",
          "title": "Login logout from publisher as supper tenant",
          "fullFile": "",
          "file": "",
          "beforeHooks": [],
          "afterHooks": [],
          "tests": [
            {
              "title": "Login and logout from publisher",
              "fullTitle": "Login logout from publisher as supper tenant Login and logout from publisher",
              "timedOut": null,
              "duration": 3397,
              "state": "passed",
              "speed": "fast",
              "pass": true,
              "fail": false,
              "pending": false,
              "context": null,
              "code": "cy.loginToPublisher(carbonUsername, carbonPassword);\ncy.get('[data-testid=\"api-table-view\"]').then(() => {\n  cy.get('[data-testid=\"logout-menu-dropdown\"]').click();\n  cy.get('[data-testid=\"logout-menu-item\"]').click();\n  cy.get('#usernameUserInput').should('exist');\n});",
              "err": {},
              "uuid": "f14773b5-c036-4b54-91d0-d6f274be7ccb",
              "parentUUID": "4b47c7c2-b7f0-4c86-899e-8fba981ec684",
              "isHook": false,
              "skipped": false
            },
            {
              "title": "Login and logout from publisher - tenant user",
              "fullTitle": "Login logout from publisher as supper tenant Login and logout from publisher - tenant user",
              "timedOut": null,
              "duration": 19772,
              "state": "passed",
              "speed": "slow",
              "pass": true,
              "fail": false,
              "pending": false,
              "context": null,
              "code": "const tenant = 'wso2.com';\nconst tenantAdminUsername = 'admin';\nconst tenantAdminPassword = 'admin';\ncy.carbonLogin(carbonUsername, carbonPassword);\ncy.addNewTenant(tenant, tenantAdminUsername, tenantAdminPassword);\ncy.visit('/carbon/tenant-mgt/add_tenant.jsp?region=region1&item=govern_add_tenants_menu');\ncy.carbonLogout();\ncy.carbonLogin(`${tenantAdminUsername}@${tenant}`, tenantAdminPassword);\ncy.addNewUser(tenantUser, ['Internal/publisher', 'Internal/creator', 'Internal/everyone'], 'test123');\ncy.loginToPublisher(`${tenantUser}@${tenant}`, 'test123');\ncy.get('[data-testid=\"api-table-view\"]').then(() => {\n  cy.get('[data-testid=\"logout-menu-dropdown\"]').click();\n  cy.get('[data-testid=\"logout-menu-item\"]').click();\n  cy.get('#usernameUserInput').should('exist');\n});",
              "err": {},
              "uuid": "741e9ef9-2a1f-4c07-8734-0ac7d8431d40",
              "parentUUID": "4b47c7c2-b7f0-4c86-899e-8fba981ec684",
              "isHook": false,
              "skipped": false
            }
          ],
          "suites": [],
          "passes": [
            "f14773b5-c036-4b54-91d0-d6f274be7ccb",
            "741e9ef9-2a1f-4c07-8734-0ac7d8431d40"
          ],
          "failures": [],
          "pending": [],
          "skipped": [],
          "duration": 23169,
          "root": false,
          "rootEmpty": false,
          "_timeout": 2000
        }
      ],
      "passes": [],
      "failures": [],
      "pending": [],
      "skipped": [],
      "duration": 0,
      "root": true,
      "rootEmpty": true,
      "_timeout": 2000
    }
  ],
  "meta": {
    "mocha": {
      "version": "7.0.1"
    },
    "mochawesome": {
      "options": {
        "quiet": false,
        "reportFilename": "mochawesome",
        "saveHtml": false,
        "saveJson": true,
        "consoleReporter": "spec",
        "useInlineDiffs": false,
        "code": true
      },
      "version": "6.2.2"
    },
    "marge": {
      "options": {
        "id": "default",
        "charts": true,
        "reportPageTitle": "custom-title",
        "overwrite": false,
        "html": false,
        "json": true,
        "reportDir": "cypress/reports/html/.jsons"
      },
      "version": "5.2.0"
    }
  }
}