{
  "stats": {
    "suites": 1,
    "tests": 1,
    "passes": 1,
    "pending": 0,
    "failures": 0,
    "start": "2021-09-22T12:51:25.413Z",
    "end": "2021-09-22T12:51:29.129Z",
    "duration": 3716,
    "testsRegistered": 1,
    "passPercent": 100,
    "pendingPercent": 0,
    "other": 0,
    "hasOther": false,
    "skipped": 0,
    "hasSkipped": false
  },
  "results": [
    {
      "uuid": "b2e030c9-929b-4bfb-96db-4f8d3286ea3e",
      "title": "",
      "fullFile": "cypress/integration/publisher/API/REST/Create/defaultAPI.create.spec.js",
      "file": "cypress/integration/publisher/API/REST/Create/defaultAPI.create.spec.js",
      "beforeHooks": [],
      "afterHooks": [],
      "tests": [],
      "suites": [
        {
          "uuid": "bfd70ab6-5c1d-494e-9271-7172dd71e678",
          "title": "API Create flow",
          "fullFile": "",
          "file": "",
          "beforeHooks": [],
          "afterHooks": [],
          "tests": [
            {
              "title": "Login to publisher",
              "fullTitle": "API Create flow Login to publisher",
              "timedOut": null,
              "duration": 3627,
              "state": "passed",
              "speed": "slow",
              "pass": true,
              "fail": false,
              "pending": false,
              "context": null,
              "code": "cy.loginToPublisher(username, password);",
              "err": {},
              "uuid": "b6927699-e431-4bfc-ba9f-89e7a053fe5c",
              "parentUUID": "bfd70ab6-5c1d-494e-9271-7172dd71e678",
              "isHook": false,
              "skipped": false
            }
          ],
          "suites": [],
          "passes": [
            "b6927699-e431-4bfc-ba9f-89e7a053fe5c"
          ],
          "failures": [],
          "pending": [],
          "skipped": [],
          "duration": 3627,
          "root": false,
          "rootEmpty": false,
          "_timeout": 2000
        }
      ],
      "passes": [],
      "failures": [],
      "pending": [],
      "skipped": [],
      "duration": 0,
      "root": true,
      "rootEmpty": true,
      "_timeout": 2000
    }
  ],
  "meta": {
    "mocha": {
      "version": "7.0.1"
    },
    "mochawesome": {
      "options": {
        "quiet": false,
        "reportFilename": "mochawesome",
        "saveHtml": false,
        "saveJson": true,
        "consoleReporter": "spec",
        "useInlineDiffs": false,
        "code": true
      },
      "version": "6.2.2"
    },
    "marge": {
      "options": {
        "id": "default",
        "charts": true,
        "reportPageTitle": "custom-title",
        "overwrite": false,
        "html": false,
        "json": true,
        "reportDir": "cypress/reports/html/.jsons"
      },
      "version": "5.2.0"
    }
  }
}