{
  "stats": {
    "suites": 1,
    "tests": 1,
    "passes": 1,
    "pending": 0,
    "failures": 0,
    "start": "2022-03-01T07:45:12.867Z",
    "end": "2022-03-01T07:45:31.557Z",
    "duration": 18690,
    "testsRegistered": 1,
    "passPercent": 100,
    "pendingPercent": 0,
    "other": 0,
    "hasOther": false,
    "skipped": 0,
    "hasSkipped": false
  },
  "results": [
    {
      "uuid": "bbcf6454-2f11-4ab1-859c-34c5bd97682c",
      "title": "",
      "fullFile": "cypress/integration/01-publisher/009-api-definition/01-download-swagger.spec.js",
      "file": "cypress/integration/01-publisher/009-api-definition/01-download-swagger.spec.js",
      "beforeHooks": [],
      "afterHooks": [],
      "tests": [],
      "suites": [
        {
          "uuid": "d3046841-494e-4baa-9a7e-045c855fb9b6",
          "title": "Download swagger",
          "fullFile": "",
          "file": "",
          "beforeHooks": [],
          "afterHooks": [],
          "tests": [
            {
              "title": "Download swagger",
              "fullTitle": "Download swagger Download swagger",
              "timedOut": null,
              "duration": 14613,
              "state": "passed",
              "speed": "slow",
              "pass": true,
              "fail": false,
              "pending": false,
              "context": null,
              "code": "cy.createAPIByRestAPIDesign(apiName, apiVersion);\ncy.get('[data-testid=\"left-menu-itemAPIdefinition\"]').click();\ncy.get('.lines-content.monaco-editor-background div.view-lines div.view-line', {\n  timeout: 30000\n});\ncy.get('[data-testid=\"download-definition-btn\"] > span > svg', {\n  timeout: 30000\n});\ncy.get('[data-testid=\"download-definition-btn\"] > span > svg').click(); // Downloading swagger\nconst downloadsFolder = Cypress.config('downloadsFolder');\nconst downloadedFilename = `${downloadsFolder}/swagger.yaml`;\ncy.readFile(downloadedFilename).then(str => {\n  // TODO. The content is there when we test the same from the UI\n  // But somehow the content coming as null here. Need to validate the content here.\n  const english = YAML.parse(str);\n});",
              "err": {},
              "uuid": "f5aa95eb-6f4b-4ae7-8b73-301eb004ada0",
              "parentUUID": "d3046841-494e-4baa-9a7e-045c855fb9b6",
              "isHook": false,
              "skipped": false
            }
          ],
          "suites": [],
          "passes": [
            "f5aa95eb-6f4b-4ae7-8b73-301eb004ada0"
          ],
          "failures": [],
          "pending": [],
          "skipped": [],
          "duration": 14613,
          "root": false,
          "rootEmpty": false,
          "_timeout": 2000
        }
      ],
      "passes": [],
      "failures": [],
      "pending": [],
      "skipped": [],
      "duration": 0,
      "root": true,
      "rootEmpty": true,
      "_timeout": 2000
    }
  ],
  "meta": {
    "mocha": {
      "version": "7.0.1"
    },
    "mochawesome": {
      "options": {
        "quiet": false,
        "reportFilename": "mochawesome",
        "saveHtml": false,
        "saveJson": true,
        "consoleReporter": "spec",
        "useInlineDiffs": false,
        "code": true
      },
      "version": "6.2.2"
    },
    "marge": {
      "options": {
        "id": "default",
        "charts": true,
        "reportPageTitle": "custom-title",
        "overwrite": false,
        "html": false,
        "json": true,
        "reportDir": "cypress/reports/html/.jsons"
      },
      "version": "5.2.0"
    }
  }
}