{
  "stats": {
    "suites": 1,
    "tests": 1,
    "passes": 1,
    "pending": 0,
    "failures": 0,
    "start": "2022-03-01T07:56:24.855Z",
    "end": "2022-03-01T07:56:31.838Z",
    "duration": 6983,
    "testsRegistered": 1,
    "passPercent": 100,
    "pendingPercent": 0,
    "other": 0,
    "hasOther": false,
    "skipped": 0,
    "hasSkipped": false
  },
  "results": [
    {
      "uuid": "c46bcf22-8124-47ac-a8e4-7589f389746d",
      "title": "",
      "fullFile": "cypress/integration/03-admin/00-add-edit-delete-microgateway-lables.spec.js",
      "file": "cypress/integration/03-admin/00-add-edit-delete-microgateway-lables.spec.js",
      "beforeHooks": [],
      "afterHooks": [],
      "tests": [],
      "suites": [
        {
          "uuid": "47ae8797-32a1-49e9-b655-162cbf339f23",
          "title": "Add Edit Delete Microgateway lables",
          "fullFile": "",
          "file": "",
          "beforeHooks": [],
          "afterHooks": [],
          "tests": [
            {
              "title": "Add Edit Delete Microgateway lables",
              "fullTitle": "Add Edit Delete Microgateway lables Add Edit Delete Microgateway lables",
              "timedOut": null,
              "duration": 6926,
              "state": "passed",
              "speed": "medium",
              "pass": true,
              "fail": false,
              "pending": false,
              "context": null,
              "code": "cy.get('[data-testid=\"Gateways-link\"]').click();\ncy.get('.MuiButton-label').contains('Add Gateway Label').click();\ncy.get('input[name=\"name\"]').type('MARKETING_STORE');\ncy.get('input[name=\"0\"]').type('https://localhost:9095'); // Wait until the label is saved\ncy.intercept('GET', '**/labels').as('labelsGet');\ncy.get('button > span').contains('Save').click();\ncy.wait('@labelsGet');\ncy.get('table tr td').contains('MARKETING_STORE').should('exist'); // editing\ncy.get('[data-testid=\"MuiDataTableBodyCell-4-0\"] div > span:first-child').click();\ncy.get('textarea[name=\"description\"]').type('marketing store'); // Wait until the label is saved\ncy.intercept('GET', '**/labels').as('labelsGet');\ncy.get('button > span').contains('Save').click();\ncy.wait('@labelsGet');\ncy.get('table tr td').contains('marketing store').should('exist'); // deleting\ncy.get('[data-testid=\"MuiDataTableBodyCell-4-0\"] div > span:nth-child(2)').click();\ncy.get('button > span').contains('Delete').click();\ncy.get('.MuiButton-label').contains('Add Gateway Label').should('exist');",
              "err": {},
              "uuid": "f447a99a-98b1-412a-89fa-e6b34f29099d",
              "parentUUID": "47ae8797-32a1-49e9-b655-162cbf339f23",
              "isHook": false,
              "skipped": false
            }
          ],
          "suites": [],
          "passes": [
            "f447a99a-98b1-412a-89fa-e6b34f29099d"
          ],
          "failures": [],
          "pending": [],
          "skipped": [],
          "duration": 6926,
          "root": false,
          "rootEmpty": false,
          "_timeout": 2000
        }
      ],
      "passes": [],
      "failures": [],
      "pending": [],
      "skipped": [],
      "duration": 0,
      "root": true,
      "rootEmpty": true,
      "_timeout": 2000
    }
  ],
  "meta": {
    "mocha": {
      "version": "7.0.1"
    },
    "mochawesome": {
      "options": {
        "quiet": false,
        "reportFilename": "mochawesome",
        "saveHtml": false,
        "saveJson": true,
        "consoleReporter": "spec",
        "useInlineDiffs": false,
        "code": true
      },
      "version": "6.2.2"
    },
    "marge": {
      "options": {
        "id": "default",
        "charts": true,
        "reportPageTitle": "custom-title",
        "overwrite": false,
        "html": false,
        "json": true,
        "reportDir": "cypress/reports/html/.jsons"
      },
      "version": "5.2.0"
    }
  }
}