{
  "stats": {
    "suites": 1,
    "tests": 1,
    "passes": 1,
    "pending": 0,
    "failures": 0,
    "start": "2022-03-01T07:50:41.024Z",
    "end": "2022-03-01T07:51:01.105Z",
    "duration": 20081,
    "testsRegistered": 1,
    "passPercent": 100,
    "pendingPercent": 0,
    "other": 0,
    "hasOther": false,
    "skipped": 0,
    "hasSkipped": false
  },
  "results": [
    {
      "uuid": "0fa2fe69-b2fa-4beb-bf9a-605ffb613d3b",
      "title": "",
      "fullFile": "cypress/integration/02-devportal/001-applications/03-generate-api-keys.spec.js",
      "file": "cypress/integration/02-devportal/001-applications/03-generate-api-keys.spec.js",
      "beforeHooks": [],
      "afterHooks": [],
      "tests": [],
      "suites": [
        {
          "uuid": "8f281c76-d783-4b48-95f2-da1d5e1e3ab1",
          "title": "Application tests",
          "fullFile": "",
          "file": "",
          "beforeHooks": [],
          "afterHooks": [],
          "tests": [
            {
              "title": "Generate API Keys",
              "fullTitle": "Application tests Generate API Keys",
              "timedOut": null,
              "duration": 16206,
              "state": "passed",
              "speed": "slow",
              "pass": true,
              "fail": false,
              "pending": false,
              "context": null,
              "code": "cy.loginToDevportal(developer, password);\ncy.visit('/devportal/applications/create?tenant=carbon.super'); // Filling the form\ncy.get('#application-name').dblclick();\ncy.get('#application-name').type(appName);\ncy.get('#application-description').click();\ncy.get('#application-description').type('{backspace}');\ncy.get('#application-description').type(appDescription);\ncy.get('[data-testid=\"application-save-btn\"]').click(); // Checking the app name exists in the overview page.\ncy.url().should('contain', '/overview');\ncy.get('[data-testid=\"application-title\"]').contains(appName).should('exist'); // Generating keys production\ncy.get('[data-testid=\"left-menu-productionkeys/apikey\"]').click(); // Generate with none option\ncy.get('[data-testid=\"generate-key-btn\"]').click();\ncy.get('[data-testid=\"generate-api-keys-btn\"]').click();\ncheckIfKeyExists(); // Generate with ip option\ncy.get('[data-testid=\"api-key-restriction-ip\"]').click();\ncy.get('[data-testid=\"ip-address-txt\"] input').type('192.168.1.2');\ncy.get('[data-testid=\"ip-address-add-btn\"]').click();\ncy.get('[data-testid=\"generate-key-btn\"]').click();\ncy.get('[data-testid=\"generate-api-keys-btn\"]').click();\ncheckIfKeyExists();\ncy.get('[data-testid=\"api-key-restriction-referer\"]').click();\ncy.get('[data-testid=\"referer-txt\"] input').type('www.example.com/path');\ncy.get('[data-testid=\"referer-add-btn\"]').click();\ncy.get('[data-testid=\"generate-key-btn\"]').click();\ncy.get('[data-testid=\"generate-api-keys-btn\"]').click();\ncheckIfKeyExists();",
              "err": {},
              "uuid": "592ce5e6-6c84-4876-8510-f24463b61a57",
              "parentUUID": "8f281c76-d783-4b48-95f2-da1d5e1e3ab1",
              "isHook": false,
              "skipped": false
            }
          ],
          "suites": [],
          "passes": [
            "592ce5e6-6c84-4876-8510-f24463b61a57"
          ],
          "failures": [],
          "pending": [],
          "skipped": [],
          "duration": 16206,
          "root": false,
          "rootEmpty": false,
          "_timeout": 2000
        }
      ],
      "passes": [],
      "failures": [],
      "pending": [],
      "skipped": [],
      "duration": 0,
      "root": true,
      "rootEmpty": true,
      "_timeout": 2000
    }
  ],
  "meta": {
    "mocha": {
      "version": "7.0.1"
    },
    "mochawesome": {
      "options": {
        "quiet": false,
        "reportFilename": "mochawesome",
        "saveHtml": false,
        "saveJson": true,
        "consoleReporter": "spec",
        "useInlineDiffs": false,
        "code": true
      },
      "version": "6.2.2"
    },
    "marge": {
      "options": {
        "id": "default",
        "charts": true,
        "reportPageTitle": "custom-title",
        "overwrite": false,
        "html": false,
        "json": true,
        "reportDir": "cypress/reports/html/.jsons"
      },
      "version": "5.2.0"
    }
  }
}