{
  "stats": {
    "suites": 1,
    "tests": 1,
    "passes": 1,
    "pending": 0,
    "failures": 0,
    "start": "2022-03-01T07:37:02.219Z",
    "end": "2022-03-01T07:37:30.113Z",
    "duration": 27894,
    "testsRegistered": 1,
    "passPercent": 100,
    "pendingPercent": 0,
    "other": 0,
    "hasOther": false,
    "skipped": 0,
    "hasSkipped": false
  },
  "results": [
    {
      "uuid": "8953ded4-b42c-4550-aa39-1a17751de6da",
      "title": "",
      "fullFile": "cypress/integration/01-publisher/003-run-time-configs/03-download-upload-mediators.spec.js",
      "file": "cypress/integration/01-publisher/003-run-time-configs/03-download-upload-mediators.spec.js",
      "beforeHooks": [],
      "afterHooks": [],
      "tests": [],
      "suites": [
        {
          "uuid": "2542ff22-e3c1-4508-af0f-468b8d75612c",
          "title": "Runtime configuration",
          "fullFile": "",
          "file": "",
          "beforeHooks": [],
          "afterHooks": [],
          "tests": [
            {
              "title": "Download mediation policies for In Flow, Out Flow, Fault Flow",
              "fullTitle": "Runtime configuration Download mediation policies for In Flow, Out Flow, Fault Flow",
              "timedOut": null,
              "duration": 23405,
              "state": "passed",
              "speed": "slow",
              "pass": true,
              "fail": false,
              "pending": false,
              "context": null,
              "code": "cy.createAPIByRestAPIDesign(apiName, apiVersion);\ncy.get('[data-testid=\"left-menu-itemRuntimeConfigurations\"]').click(); //Downloading\ndownloadMediator('IN');\ndownloadMediator('OUT');\ndownloadMediator('FAULT'); // Uploading\nuploadMediator('IN');\nuploadMediator('OUT');\nuploadMediator('FAULT');",
              "err": {},
              "uuid": "3e004b2b-f9de-4107-9bea-c80b5322caac",
              "parentUUID": "2542ff22-e3c1-4508-af0f-468b8d75612c",
              "isHook": false,
              "skipped": false
            }
          ],
          "suites": [],
          "passes": [
            "3e004b2b-f9de-4107-9bea-c80b5322caac"
          ],
          "failures": [],
          "pending": [],
          "skipped": [],
          "duration": 23405,
          "root": false,
          "rootEmpty": false,
          "_timeout": 2000
        }
      ],
      "passes": [],
      "failures": [],
      "pending": [],
      "skipped": [],
      "duration": 0,
      "root": true,
      "rootEmpty": true,
      "_timeout": 2000
    }
  ],
  "meta": {
    "mocha": {
      "version": "7.0.1"
    },
    "mochawesome": {
      "options": {
        "quiet": false,
        "reportFilename": "mochawesome",
        "saveHtml": false,
        "saveJson": true,
        "consoleReporter": "spec",
        "useInlineDiffs": false,
        "code": true
      },
      "version": "6.2.2"
    },
    "marge": {
      "options": {
        "id": "default",
        "charts": true,
        "reportPageTitle": "custom-title",
        "overwrite": false,
        "html": false,
        "json": true,
        "reportDir": "cypress/reports/html/.jsons"
      },
      "version": "5.2.0"
    }
  }
}