{
  "stats": {
    "suites": 1,
    "tests": 2,
    "passes": 2,
    "pending": 0,
    "failures": 0,
    "start": "2022-03-01T07:33:38.624Z",
    "end": "2022-03-01T07:34:09.239Z",
    "duration": 30615,
    "testsRegistered": 2,
    "passPercent": 100,
    "pendingPercent": 0,
    "other": 0,
    "hasOther": false,
    "skipped": 0,
    "hasSkipped": false
  },
  "results": [
    {
      "uuid": "217eb121-9d7f-4e2d-aea2-4a098faf2adb",
      "title": "",
      "fullFile": "cypress/integration/01-publisher/001-api-create/04-creating-web-socket-api-as-super-tenant-user.spec.js",
      "file": "cypress/integration/01-publisher/001-api-create/04-creating-web-socket-api-as-super-tenant-user.spec.js",
      "beforeHooks": [],
      "afterHooks": [],
      "tests": [],
      "suites": [
        {
          "uuid": "6872c5cd-5603-435c-9b5f-22b9227eea9e",
          "title": "Create websocket api - super tenant",
          "fullFile": "",
          "file": "",
          "beforeHooks": [],
          "afterHooks": [],
          "tests": [
            {
              "title": "Create websocket API from url",
              "fullTitle": "Create websocket api - super tenant Create websocket API from url",
              "timedOut": null,
              "duration": 10983,
              "state": "passed",
              "speed": "slow",
              "pass": true,
              "fail": false,
              "pending": false,
              "context": null,
              "code": "cy.loginToPublisher(publisher, password);\nwebsocketApiCreate();",
              "err": {},
              "uuid": "9ec4e75b-1de9-4669-a8e6-ab5bd6137299",
              "parentUUID": "6872c5cd-5603-435c-9b5f-22b9227eea9e",
              "isHook": false,
              "skipped": false
            },
            {
              "title": "Create websocket API from url - tenant user",
              "fullTitle": "Create websocket api - super tenant Create websocket API from url - tenant user",
              "timedOut": null,
              "duration": 16818,
              "state": "passed",
              "speed": "slow",
              "pass": true,
              "fail": false,
              "pending": false,
              "context": null,
              "code": "const tenant = 'wso2.com';\ncy.carbonLogin(carbonUsername, carbonPassword);\ncy.addNewTenantUser(tenantUser);\ncy.loginToPublisher(`${tenantUser}@${tenant}`, password);\nwebsocketApiCreate();\ncy.visit('carbon/user/user-mgt.jsp');\ncy.deleteUser(tenantUser);\ncy.carbonLogout();",
              "err": {},
              "uuid": "ff482a5e-8d1f-4271-823d-f3706c401e44",
              "parentUUID": "6872c5cd-5603-435c-9b5f-22b9227eea9e",
              "isHook": false,
              "skipped": false
            }
          ],
          "suites": [],
          "passes": [
            "9ec4e75b-1de9-4669-a8e6-ab5bd6137299",
            "ff482a5e-8d1f-4271-823d-f3706c401e44"
          ],
          "failures": [],
          "pending": [],
          "skipped": [],
          "duration": 27801,
          "root": false,
          "rootEmpty": false,
          "_timeout": 2000
        }
      ],
      "passes": [],
      "failures": [],
      "pending": [],
      "skipped": [],
      "duration": 0,
      "root": true,
      "rootEmpty": true,
      "_timeout": 2000
    }
  ],
  "meta": {
    "mocha": {
      "version": "7.0.1"
    },
    "mochawesome": {
      "options": {
        "quiet": false,
        "reportFilename": "mochawesome",
        "saveHtml": false,
        "saveJson": true,
        "consoleReporter": "spec",
        "useInlineDiffs": false,
        "code": true
      },
      "version": "6.2.2"
    },
    "marge": {
      "options": {
        "id": "default",
        "charts": true,
        "reportPageTitle": "custom-title",
        "overwrite": false,
        "html": false,
        "json": true,
        "reportDir": "cypress/reports/html/.jsons"
      },
      "version": "5.2.0"
    }
  }
}