{
  "stats": {
    "suites": 1,
    "tests": 1,
    "passes": 1,
    "pending": 0,
    "failures": 0,
    "start": "2022-03-01T07:36:02.456Z",
    "end": "2022-03-01T07:36:21.359Z",
    "duration": 18903,
    "testsRegistered": 1,
    "passPercent": 100,
    "pendingPercent": 0,
    "other": 0,
    "hasOther": false,
    "skipped": 0,
    "hasSkipped": false
  },
  "results": [
    {
      "uuid": "0db79339-7e97-4c51-bcc0-39aae6c06005",
      "title": "",
      "fullFile": "cypress/integration/01-publisher/003-run-time-configs/00-add-authorization-header.spec.js",
      "file": "cypress/integration/01-publisher/003-run-time-configs/00-add-authorization-header.spec.js",
      "beforeHooks": [],
      "afterHooks": [],
      "tests": [],
      "suites": [
        {
          "uuid": "e66e2578-fb13-4bda-9d25-7f0903598b6b",
          "title": "Runtime configuration",
          "fullFile": "",
          "file": "",
          "beforeHooks": [],
          "afterHooks": [],
          "tests": [
            {
              "title": "Add Authorization Header for the api",
              "fullTitle": "Runtime configuration Add Authorization Header for the api",
              "timedOut": null,
              "duration": 15035,
              "state": "passed",
              "speed": "slow",
              "pass": true,
              "fail": false,
              "pending": false,
              "context": null,
              "code": "const customAuthHeader = '-custom';\ncy.createAPIByRestAPIDesign(apiName, apiVersion);\ncy.get('[data-testid=\"left-menu-itemRuntimeConfigurations\"]').click();\ncy.get('[data-testid=\"application-level-security-head\"').click();\ncy.get('[data-testid=\"outlined-name-test\"] input').focus().type(customAuthHeader);\ncy.get('[data-testid=\"save-runtime-configurations\"]').click();\ncy.get('[data-testid=\"application-level-security-head\"]').click();\ncy.get('[data-testid=\"outlined-name-test\"] input').should('have.value', 'Authorization' + customAuthHeader);",
              "err": {},
              "uuid": "fdb527cf-16bf-4a72-bca6-cfff64923a7e",
              "parentUUID": "e66e2578-fb13-4bda-9d25-7f0903598b6b",
              "isHook": false,
              "skipped": false
            }
          ],
          "suites": [],
          "passes": [
            "fdb527cf-16bf-4a72-bca6-cfff64923a7e"
          ],
          "failures": [],
          "pending": [],
          "skipped": [],
          "duration": 15035,
          "root": false,
          "rootEmpty": false,
          "_timeout": 2000
        }
      ],
      "passes": [],
      "failures": [],
      "pending": [],
      "skipped": [],
      "duration": 0,
      "root": true,
      "rootEmpty": true,
      "_timeout": 2000
    }
  ],
  "meta": {
    "mocha": {
      "version": "7.0.1"
    },
    "mochawesome": {
      "options": {
        "quiet": false,
        "reportFilename": "mochawesome",
        "saveHtml": false,
        "saveJson": true,
        "consoleReporter": "spec",
        "useInlineDiffs": false,
        "code": true
      },
      "version": "6.2.2"
    },
    "marge": {
      "options": {
        "id": "default",
        "charts": true,
        "reportPageTitle": "custom-title",
        "overwrite": false,
        "html": false,
        "json": true,
        "reportDir": "cypress/reports/html/.jsons"
      },
      "version": "5.2.0"
    }
  }
}