{
  "stats": {
    "suites": 1,
    "tests": 1,
    "passes": 1,
    "pending": 0,
    "failures": 0,
    "start": "2022-06-10T10:47:14.148Z",
    "end": "2022-06-10T10:47:26.921Z",
    "duration": 12773,
    "testsRegistered": 1,
    "passPercent": 100,
    "pendingPercent": 0,
    "other": 0,
    "hasOther": false,
    "skipped": 0,
    "hasSkipped": false
  },
  "results": [
    {
      "uuid": "db7690fe-ce83-4b63-bc3c-1b2fb4e92efa",
      "title": "",
      "fullFile": "cypress/integration/admin/06-add-delete-black-list-policies.spec.js",
      "file": "cypress/integration/admin/06-add-delete-black-list-policies.spec.js",
      "beforeHooks": [],
      "afterHooks": [],
      "tests": [],
      "suites": [
        {
          "uuid": "28ba97db-2609-4018-aeb9-370fba4bdc0b",
          "title": "Add deny policies",
          "fullFile": "",
          "file": "",
          "beforeHooks": [],
          "afterHooks": [],
          "tests": [
            {
              "title": "Add deny policies",
              "fullTitle": "Add deny policies Add deny policies",
              "timedOut": null,
              "duration": 12704,
              "state": "passed",
              "speed": "slow",
              "pass": true,
              "fail": false,
              "pending": false,
              "context": null,
              "code": "var ipAddress = '127.0.0.1';\ncy.get('[data-testid=\"Deny Policies-child-link\"]').click();\ncy.get('.MuiButton-label').contains('Add Policy').click();\ncy.get('input[value=\"IP\"]').click();\ncy.get('input[name=\"fixedIp\"]').type(ipAddress);\ncy.get('button.MuiButton-containedPrimary > span').contains('Deny').click();\ncy.get('[data-testid=\"MuiDataTableBodyCell-1-0\"] div').contains(ipAddress).should('exist'); // delete\ncy.get(\"[data-testid=\\\"IP-actions\\\"] svg\").click();\ncy.get('button > span').contains('Delete').click();\ncy.get('div[role=\"status\"]').should('have.text', 'Deny Policy successfully deleted.');",
              "err": {},
              "uuid": "08fb84da-4d71-49c5-95f5-5816d0571dee",
              "parentUUID": "28ba97db-2609-4018-aeb9-370fba4bdc0b",
              "isHook": false,
              "skipped": false
            }
          ],
          "suites": [],
          "passes": [
            "08fb84da-4d71-49c5-95f5-5816d0571dee"
          ],
          "failures": [],
          "pending": [],
          "skipped": [],
          "duration": 12704,
          "root": false,
          "rootEmpty": false,
          "_timeout": 2000
        }
      ],
      "passes": [],
      "failures": [],
      "pending": [],
      "skipped": [],
      "duration": 0,
      "root": true,
      "rootEmpty": true,
      "_timeout": 2000
    }
  ],
  "meta": {
    "mocha": {
      "version": "7.0.1"
    },
    "mochawesome": {
      "options": {
        "quiet": false,
        "reportFilename": "mochawesome",
        "saveHtml": false,
        "saveJson": true,
        "consoleReporter": "spec",
        "useInlineDiffs": false,
        "code": true
      },
      "version": "6.3.1"
    },
    "marge": {
      "options": {
        "id": "default",
        "charts": true,
        "reportPageTitle": "custom-title",
        "overwrite": false,
        "html": false,
        "json": true,
        "reportDir": "cypress/reports/html/.jsons"
      },
      "version": "5.2.0"
    }
  }
}