{
  "stats": {
    "suites": 1,
    "tests": 1,
    "passes": 1,
    "pending": 0,
    "failures": 0,
    "start": "2022-06-10T10:45:38.995Z",
    "end": "2022-06-10T10:45:55.771Z",
    "duration": 16776,
    "testsRegistered": 1,
    "passPercent": 100,
    "pendingPercent": 0,
    "other": 0,
    "hasOther": false,
    "skipped": 0,
    "hasSkipped": false
  },
  "results": [
    {
      "uuid": "1dcc5382-134d-4a4a-8929-011ac2ad527b",
      "title": "",
      "fullFile": "cypress/integration/admin/01-add-edit-delete-advance-throttle-policies.spec.js",
      "file": "cypress/integration/admin/01-add-edit-delete-advance-throttle-policies.spec.js",
      "beforeHooks": [],
      "afterHooks": [],
      "tests": [],
      "suites": [
        {
          "uuid": "b0141c5e-7c89-4fb7-a4d9-babf87cb8ce5",
          "title": "Add Edit Delete advance throttle policies",
          "fullFile": "",
          "file": "",
          "beforeHooks": [],
          "afterHooks": [],
          "tests": [
            {
              "title": "Add Edit Delete advance throttle policies",
              "fullTitle": "Add Edit Delete advance throttle policies Add Edit Delete advance throttle policies",
              "timedOut": null,
              "duration": 16681,
              "state": "passed",
              "speed": "slow",
              "pass": true,
              "fail": false,
              "pending": false,
              "context": null,
              "code": "var policyName = '030PerMin';\ncy.get('[data-testid=\"Advanced Policies-child-link\"]').click();\ncy.get('[data-testid=\"Add New Policy-btn\"]').click();\ncy.get('input[name=\"policyName\"]').type(policyName);\ncy.get('textarea[name=\"description\"]').type('allow 30 requests per minute');\ncy.get('input[name=\"requestCount\"]').type('30');\ncy.get('input[name=\"unitTime\"]').type('1');\ncy.get('button.MuiButton-containedPrimary > span').contains('Add').click();\ncy.get('table tr td a').contains(policyName).should('exist'); // editing\ncy.intercept('**/throttling/policies/advanced/*').as('getPolicy');\ncy.get('table tr td a').contains(policyName).click();\ncy.wait('@getPolicy', {\n  timeout: 3000\n}).then(function () {\n  cy.get('input[name=\"requestCount\"]').clear().type('31');\n  cy.get('button.MuiButton-containedPrimary > span').contains('Update').click();\n  cy.get('table tr td').contains('31').should('exist');\n}); // delete\ncy.get(\"[data-testid=\\\"\".concat(policyName, \"-actions\\\"] > span svg\")).click();\ncy.get('button > span').contains('Delete').click();\ncy.get('table tr td a').contains(policyName).should('not.exist');",
              "err": {},
              "uuid": "9e08077f-9d3b-438e-a075-f8f65c5b65c0",
              "parentUUID": "b0141c5e-7c89-4fb7-a4d9-babf87cb8ce5",
              "isHook": false,
              "skipped": false
            }
          ],
          "suites": [],
          "passes": [
            "9e08077f-9d3b-438e-a075-f8f65c5b65c0"
          ],
          "failures": [],
          "pending": [],
          "skipped": [],
          "duration": 16681,
          "root": false,
          "rootEmpty": false,
          "_timeout": 2000
        }
      ],
      "passes": [],
      "failures": [],
      "pending": [],
      "skipped": [],
      "duration": 0,
      "root": true,
      "rootEmpty": true,
      "_timeout": 2000
    }
  ],
  "meta": {
    "mocha": {
      "version": "7.0.1"
    },
    "mochawesome": {
      "options": {
        "quiet": false,
        "reportFilename": "mochawesome",
        "saveHtml": false,
        "saveJson": true,
        "consoleReporter": "spec",
        "useInlineDiffs": false,
        "code": true
      },
      "version": "6.3.1"
    },
    "marge": {
      "options": {
        "id": "default",
        "charts": true,
        "reportPageTitle": "custom-title",
        "overwrite": false,
        "html": false,
        "json": true,
        "reportDir": "cypress/reports/html/.jsons"
      },
      "version": "5.2.0"
    }
  }
}