{
  "stats": {
    "suites": 1,
    "tests": 1,
    "passes": 1,
    "pending": 0,
    "failures": 0,
    "start": "2022-03-01T07:56:56.763Z",
    "end": "2022-03-01T07:57:02.579Z",
    "duration": 5816,
    "testsRegistered": 1,
    "passPercent": 100,
    "pendingPercent": 0,
    "other": 0,
    "hasOther": false,
    "skipped": 0,
    "hasSkipped": false
  },
  "results": [
    {
      "uuid": "fe0ba595-c2db-4ab8-9acf-6666b801e20b",
      "title": "",
      "fullFile": "cypress/integration/03-admin/04-add-edit-delete-api-categories.spec.js",
      "file": "cypress/integration/03-admin/04-add-edit-delete-api-categories.spec.js",
      "beforeHooks": [],
      "afterHooks": [],
      "tests": [],
      "suites": [
        {
          "uuid": "5fc3298d-5bbb-46b2-bf7d-2614f7f7113b",
          "title": "Add Edit Delete api categories",
          "fullFile": "",
          "file": "",
          "beforeHooks": [],
          "afterHooks": [],
          "tests": [
            {
              "title": "Add Edit Delete api categories",
              "fullTitle": "Add Edit Delete api categories Add Edit Delete api categories",
              "timedOut": null,
              "duration": 5735,
              "state": "passed",
              "speed": "medium",
              "pass": true,
              "fail": false,
              "pending": false,
              "context": null,
              "code": "const categoryName = 'Finance';\ncy.get('[data-testid=\"API Categories-link\"]').click();\ncy.get('.MuiButton-label').contains('Add API Category').click();\ncy.get('input[name=\"name\"]').type(categoryName);\ncy.get('textarea[name=\"description\"]').type('finance related apis');\ncy.get('button.MuiButton-containedPrimary > span').contains('Save').click();\ncy.get('[data-testid=\"MuiDataTableBodyCell-2-0\"]').contains('finance related apis').should('exist'); // editing\ncy.get(`[data-testid=\"MuiDataTableBodyCell-4-0\"] > div > span:first-child`).click();\ncy.get('textarea[name=\"description\"]').clear().type('finance apis');\ncy.intercept('GET', '**/api-categories').as('getCategories');\ncy.get('button.MuiButton-containedPrimary > span').contains('Save').click();\ncy.wait('@getCategories');\ncy.get('[data-testid=\"MuiDataTableBodyCell-2-0\"]').contains('finance apis').should('exist'); // delete\ncy.get(`[data-testid=\"MuiDataTableBodyCell-4-0\"] > div > span:nth-child(2)`).click();\ncy.get('button > span').contains('Delete').click();\ncy.get('#client-snackbar').contains('API Category deleted successfully').should('exist');",
              "err": {},
              "uuid": "0d971fbe-4043-4c39-a3eb-5bbac5d6cb74",
              "parentUUID": "5fc3298d-5bbb-46b2-bf7d-2614f7f7113b",
              "isHook": false,
              "skipped": false
            }
          ],
          "suites": [],
          "passes": [
            "0d971fbe-4043-4c39-a3eb-5bbac5d6cb74"
          ],
          "failures": [],
          "pending": [],
          "skipped": [],
          "duration": 5735,
          "root": false,
          "rootEmpty": false,
          "_timeout": 2000
        }
      ],
      "passes": [],
      "failures": [],
      "pending": [],
      "skipped": [],
      "duration": 0,
      "root": true,
      "rootEmpty": true,
      "_timeout": 2000
    }
  ],
  "meta": {
    "mocha": {
      "version": "7.0.1"
    },
    "mochawesome": {
      "options": {
        "quiet": false,
        "reportFilename": "mochawesome",
        "saveHtml": false,
        "saveJson": true,
        "consoleReporter": "spec",
        "useInlineDiffs": false,
        "code": true
      },
      "version": "6.2.2"
    },
    "marge": {
      "options": {
        "id": "default",
        "charts": true,
        "reportPageTitle": "custom-title",
        "overwrite": false,
        "html": false,
        "json": true,
        "reportDir": "cypress/reports/html/.jsons"
      },
      "version": "5.2.0"
    }
  }
}