{
  "stats": {
    "suites": 1,
    "tests": 2,
    "passes": 2,
    "pending": 0,
    "failures": 0,
    "start": "2022-03-01T07:31:38.919Z",
    "end": "2022-03-01T07:32:07.022Z",
    "duration": 28103,
    "testsRegistered": 2,
    "passPercent": 100,
    "pendingPercent": 0,
    "other": 0,
    "hasOther": false,
    "skipped": 0,
    "hasSkipped": false
  },
  "results": [
    {
      "uuid": "75558834-a70f-48f2-bf48-0396c353521b",
      "title": "",
      "fullFile": "cypress/integration/01-publisher/001-api-create/02-create-api-with-swagger-file-super-tenant.spec.js",
      "file": "cypress/integration/01-publisher/001-api-create/02-create-api-with-swagger-file-super-tenant.spec.js",
      "beforeHooks": [],
      "afterHooks": [],
      "tests": [],
      "suites": [
        {
          "uuid": "9e0bb9f4-5b8d-4ca6-88f1-b38a59954702",
          "title": "Create api with swagger file super tenant",
          "fullFile": "",
          "file": "",
          "beforeHooks": [],
          "afterHooks": [],
          "tests": [
            {
              "title": "Create API from swagger from file - supper admin",
              "fullTitle": "Create api with swagger file super tenant Create API from swagger from file - supper admin",
              "timedOut": null,
              "duration": 13566,
              "state": "passed",
              "speed": "slow",
              "pass": true,
              "fail": false,
              "pending": false,
              "context": null,
              "code": "cy.carbonLogin(carbonUsername, carbonPassword);\ncy.addNewUser(publisher, ['Internal/publisher', 'Internal/creator', 'Internal/everyone'], password);\ncreateApiFromSwagger(publisher, password); // Test is done. Now delete the api\ncy.get(`[data-testid=\"itest-id-deleteapi-icon-button\"]`).click();\ncy.get(`[data-testid=\"itest-id-deleteconf\"]`).click();\ncy.visit('carbon/user/user-mgt.jsp');\ncy.deleteUser(publisher);\ncy.carbonLogout();",
              "err": {},
              "uuid": "a226d12b-a45a-4bbd-8637-7f2480da0613",
              "parentUUID": "9e0bb9f4-5b8d-4ca6-88f1-b38a59954702",
              "isHook": false,
              "skipped": false
            },
            {
              "title": "Create API from swagger from file - tenant user",
              "fullTitle": "Create api with swagger file super tenant Create API from swagger from file - tenant user",
              "timedOut": null,
              "duration": 14448,
              "state": "passed",
              "speed": "slow",
              "pass": true,
              "fail": false,
              "pending": false,
              "context": null,
              "code": "const tenant = 'wso2.com';\ncy.carbonLogin(carbonUsername, carbonPassword);\ncy.addNewTenantUser(tenantUser);\ncreateApiFromSwagger(`${tenantUser}@${tenant}`, password); // Test is done. Now delete the api\ncy.get(`[data-testid=\"itest-id-deleteapi-icon-button\"]`).click();\ncy.get(`[data-testid=\"itest-id-deleteconf\"]`).click();\ncy.visit('carbon/user/user-mgt.jsp');\ncy.deleteUser(tenantUser);",
              "err": {},
              "uuid": "ac57bf75-11d1-44fd-bfb3-15c25125f29d",
              "parentUUID": "9e0bb9f4-5b8d-4ca6-88f1-b38a59954702",
              "isHook": false,
              "skipped": false
            }
          ],
          "suites": [],
          "passes": [
            "a226d12b-a45a-4bbd-8637-7f2480da0613",
            "ac57bf75-11d1-44fd-bfb3-15c25125f29d"
          ],
          "failures": [],
          "pending": [],
          "skipped": [],
          "duration": 28014,
          "root": false,
          "rootEmpty": false,
          "_timeout": 2000
        }
      ],
      "passes": [],
      "failures": [],
      "pending": [],
      "skipped": [],
      "duration": 0,
      "root": true,
      "rootEmpty": true,
      "_timeout": 2000
    }
  ],
  "meta": {
    "mocha": {
      "version": "7.0.1"
    },
    "mochawesome": {
      "options": {
        "quiet": false,
        "reportFilename": "mochawesome",
        "saveHtml": false,
        "saveJson": true,
        "consoleReporter": "spec",
        "useInlineDiffs": false,
        "code": true
      },
      "version": "6.2.2"
    },
    "marge": {
      "options": {
        "id": "default",
        "charts": true,
        "reportPageTitle": "custom-title",
        "overwrite": false,
        "html": false,
        "json": true,
        "reportDir": "cypress/reports/html/.jsons"
      },
      "version": "5.2.0"
    }
  }
}