{
  "stats": {
    "suites": 1,
    "tests": 1,
    "passes": 1,
    "pending": 0,
    "failures": 0,
    "start": "2022-03-01T07:47:18.695Z",
    "end": "2022-03-01T07:47:39.218Z",
    "duration": 20523,
    "testsRegistered": 1,
    "passPercent": 100,
    "pendingPercent": 0,
    "other": 0,
    "hasOther": false,
    "skipped": 0,
    "hasSkipped": false
  },
  "results": [
    {
      "uuid": "05b09e11-454b-48cd-8245-a41c49d009e8",
      "title": "",
      "fullFile": "cypress/integration/01-publisher/011-lifecycle/02-deploy-as-prototype.spec.js",
      "file": "cypress/integration/01-publisher/011-lifecycle/02-deploy-as-prototype.spec.js",
      "beforeHooks": [],
      "afterHooks": [],
      "tests": [],
      "suites": [
        {
          "uuid": "5e34351c-0555-4329-a5da-887afb112b37",
          "title": "Deploy as prototype",
          "fullFile": "",
          "file": "",
          "beforeHooks": [],
          "afterHooks": [],
          "tests": [
            {
              "title": "Deploy as prototype",
              "fullTitle": "Deploy as prototype Deploy as prototype",
              "timedOut": null,
              "duration": 18560,
              "state": "passed",
              "speed": "slow",
              "pass": true,
              "fail": false,
              "pending": false,
              "context": null,
              "code": "const endpoint = 'https://petstore.swagger.io/v2/store/inventory';\ncy.createAPIWithoutEndpoint();\ncy.get('[data-testid=\"left-menu-itemendpoints\"]').click();\ncy.get('[data-testid=\"Prototype Endpoint\"]').click();\ncy.get('[data-testid=\"prototype_endpoint-start\"]').click();\ncy.get('[data-testid=\"primaryEndpoint-endpoint-text-field\"]').then(() => {\n  cy.get('[data-testid=\"primaryEndpoint-endpoint-text-field\"] input').focus().type(endpoint);\n}); // Save\ncy.get('[data-testid=\"endpoint-save-btn\"]').then(() => {\n  cy.get('[data-testid=\"endpoint-save-btn\"]').click();\n});\ncy.get('[data-testid=\"left-menu-itemlifecycle\"]').click();\ncy.wait(2000);\ncy.get('button[data-testid=\"Deploy as a Prototype\"]').then(() => {\n  cy.get('button[data-testid=\"Deploy as a Prototype\"]').click();\n});\ncy.get('button[data-testid=\"Demote to Created\"]').should('exist');",
              "err": {},
              "uuid": "da6b6f50-7d46-4793-bdd4-7e729d1a9d1d",
              "parentUUID": "5e34351c-0555-4329-a5da-887afb112b37",
              "isHook": false,
              "skipped": false
            }
          ],
          "suites": [],
          "passes": [
            "da6b6f50-7d46-4793-bdd4-7e729d1a9d1d"
          ],
          "failures": [],
          "pending": [],
          "skipped": [],
          "duration": 18560,
          "root": false,
          "rootEmpty": false,
          "_timeout": 2000
        }
      ],
      "passes": [],
      "failures": [],
      "pending": [],
      "skipped": [],
      "duration": 0,
      "root": true,
      "rootEmpty": true,
      "_timeout": 2000
    }
  ],
  "meta": {
    "mocha": {
      "version": "7.0.1"
    },
    "mochawesome": {
      "options": {
        "quiet": false,
        "reportFilename": "mochawesome",
        "saveHtml": false,
        "saveJson": true,
        "consoleReporter": "spec",
        "useInlineDiffs": false,
        "code": true
      },
      "version": "6.2.2"
    },
    "marge": {
      "options": {
        "id": "default",
        "charts": true,
        "reportPageTitle": "custom-title",
        "overwrite": false,
        "html": false,
        "json": true,
        "reportDir": "cypress/reports/html/.jsons"
      },
      "version": "5.2.0"
    }
  }
}