{
  "stats": {
    "suites": 1,
    "tests": 1,
    "passes": 1,
    "pending": 0,
    "failures": 0,
    "start": "2022-03-01T07:40:00.763Z",
    "end": "2022-03-01T07:40:22.569Z",
    "duration": 21806,
    "testsRegistered": 1,
    "passPercent": 100,
    "pendingPercent": 0,
    "other": 0,
    "hasOther": false,
    "skipped": 0,
    "hasSkipped": false
  },
  "results": [
    {
      "uuid": "dd74c654-9c11-40ac-928e-73619a4969a2",
      "title": "",
      "fullFile": "cypress/integration/01-publisher/004-endpoints/04-add-loadbalance.spec.js",
      "file": "cypress/integration/01-publisher/004-endpoints/04-add-loadbalance.spec.js",
      "beforeHooks": [],
      "afterHooks": [],
      "tests": [],
      "suites": [
        {
          "uuid": "2c83a9c4-5e3f-4317-99dd-4e06e561c9cc",
          "title": "Endpoint testing",
          "fullFile": "",
          "file": "",
          "beforeHooks": [],
          "afterHooks": [],
          "tests": [
            {
              "title": "Add REST endpoints for production and sandbox endpoints with LOAD balanced",
              "fullTitle": "Endpoint testing Add REST endpoints for production and sandbox endpoints with LOAD balanced",
              "timedOut": null,
              "duration": 19857,
              "state": "passed",
              "speed": "slow",
              "pass": true,
              "fail": false,
              "pending": false,
              "context": null,
              "code": "const endpoint = 'https://petstore.swagger.io/v2/store/inventory';\ncy.createAPIWithoutEndpoint();\ncy.get('[data-testid=\"left-menu-itemendpoints\"]').click();\ncy.get('[data-testid=\"http__rest_endpoint-start\"]').click(); // Add the prod and sandbox endpoints\ncy.get('[data-testid=\"sandbox-endpoint-checkbox\"] input').check();\ncy.get('[data-testid=\"production-endpoint-checkbox\"]').click();\ncy.get('#primaryEndpoint').focus().type(endpoint);\ncy.get('#sandboxEndpoint').focus().type(endpoint); // load balance\ncy.get('[data-testid=\"loadbalance-failover-config-title\"]').click();\ncy.get('[data-testid=\"loadbalance-failover-config-type\"]').click();\ncy.get('[data-testid=\"loadbalance-failover-config-type-load_balance\"]').click(); // add prod endpoints for failover\ncy.get('[data-testid=\"production-endpoints\"] [data-testid=\"generic-endpoint-add-text-field\"] input').focus().type(endpoint);\ncy.get('[data-testid=\"production-endpoints\"] [data-testid=\"generic-endpoint-add\"]').click(); // add sandbox endpoints for failover\ncy.get('[data-testid=\"sandbox-endpoints\"] [data-testid=\"generic-endpoint-add-text-field\"] input').focus().type(endpoint);\ncy.get('[data-testid=\"sandbox-endpoints\"] [data-testid=\"generic-endpoint-add\"]').click(); // Save\ncy.get('[data-testid=\"endpoint-save-btn\"]').click(); // Check the values\ncy.get('[data-testid=\"production-endpoints\"] [data-testid=\"generic-endpoint-text-field\"] input').should('have.value', endpoint);\ncy.get('[data-testid=\"sandbox-endpoints\"] [data-testid=\"generic-endpoint-text-field\"] input').should('have.value', endpoint);",
              "err": {},
              "uuid": "3e76a753-f2a1-4730-8f9b-2f6385b74d1e",
              "parentUUID": "2c83a9c4-5e3f-4317-99dd-4e06e561c9cc",
              "isHook": false,
              "skipped": false
            }
          ],
          "suites": [],
          "passes": [
            "3e76a753-f2a1-4730-8f9b-2f6385b74d1e"
          ],
          "failures": [],
          "pending": [],
          "skipped": [],
          "duration": 19857,
          "root": false,
          "rootEmpty": false,
          "_timeout": 2000
        }
      ],
      "passes": [],
      "failures": [],
      "pending": [],
      "skipped": [],
      "duration": 0,
      "root": true,
      "rootEmpty": true,
      "_timeout": 2000
    }
  ],
  "meta": {
    "mocha": {
      "version": "7.0.1"
    },
    "mochawesome": {
      "options": {
        "quiet": false,
        "reportFilename": "mochawesome",
        "saveHtml": false,
        "saveJson": true,
        "consoleReporter": "spec",
        "useInlineDiffs": false,
        "code": true
      },
      "version": "6.2.2"
    },
    "marge": {
      "options": {
        "id": "default",
        "charts": true,
        "reportPageTitle": "custom-title",
        "overwrite": false,
        "html": false,
        "json": true,
        "reportDir": "cypress/reports/html/.jsons"
      },
      "version": "5.2.0"
    }
  }
}