{
  "stats": {
    "suites": 1,
    "tests": 1,
    "passes": 1,
    "pending": 0,
    "failures": 0,
    "start": "2022-03-01T07:34:10.332Z",
    "end": "2022-03-01T07:34:24.304Z",
    "duration": 13972,
    "testsRegistered": 1,
    "passPercent": 100,
    "pendingPercent": 0,
    "other": 0,
    "hasOther": false,
    "skipped": 0,
    "hasSkipped": false
  },
  "results": [
    {
      "uuid": "c5e8e92a-7482-41e9-9ab0-2679393273b2",
      "title": "",
      "fullFile": "cypress/integration/01-publisher/001-api-create/05-creating-graphql-api-as-super-tenant-user.spec.js",
      "file": "cypress/integration/01-publisher/001-api-create/05-creating-graphql-api-as-super-tenant-user.spec.js",
      "beforeHooks": [],
      "afterHooks": [],
      "tests": [],
      "suites": [
        {
          "uuid": "07813e3a-f1a2-421a-86cf-2da864f749f0",
          "title": "Create GraphQl API from file",
          "fullFile": "",
          "file": "",
          "beforeHooks": [],
          "afterHooks": [],
          "tests": [
            {
              "title": "Create GraphQl API from file",
              "fullTitle": "Create GraphQl API from file Create GraphQl API from file",
              "timedOut": null,
              "duration": 12056,
              "state": "passed",
              "speed": "slow",
              "pass": true,
              "fail": false,
              "pending": false,
              "context": null,
              "code": "const random_number = Math.floor(Date.now() / 1000);\nconst randomName = `sample_api_${random_number}`;\ncy.visit(`/publisher/apis`); // select the option from the menu item\ncy.get('[data-testid=\"itest-id-createapi\"]').click();\ncy.get('[data-testid=\"create-api-graphql\"]').click(); // upload the graphql file\ncy.get('[data-testid=\"browse-to-upload-btn\"]').then(function () {\n  const filepath = 'api_artifacts/schema_graphql.graphql';\n  cy.get('input[type=\"file\"]').attachFile(filepath);\n}); // Wait to upload and go to next page\ncy.get('[data-testid=\"uploaded-list-graphql\"]', {\n  timeout: 6000\n}).should('be.visible');\ncy.get('[data-testid=\"create-graphql-next-btn\"]').click(); // Filling the form\ncy.get('[data-testid=\"itest-id-apiname-input\"]').type(randomName);\ncy.get('[data-testid=\"itest-id-apicontext-input\"] input').click();\ncy.get('[data-testid=\"itest-id-apicontext-input\"] input').type(`/sample_context_${random_number}`);\ncy.get('[data-testid=\"itest-id-apiversion-input\"] input').click();\ncy.get('[data-testid=\"itest-id-apiversion-input\"] input').type(`v${random_number}`);\ncy.get('[data-testid=\"itest-id-apiendpoint-input\"]').click();\ncy.get('[data-testid=\"itest-id-apiendpoint-input\"]').type('https://graphql.api.wso2.com'); // Saving the form\ncy.get('[data-testid=\"itest-create-graphql-api-button\"]').click(); //Checking the version in the overview\ncy.get('[data-testid=\"itest-api-name-version\"]', {\n  timeout: 30000\n}).should('be.visible');\ncy.get('[data-testid=\"itest-api-name-version\"]').contains(`v${random_number}`);",
              "err": {},
              "uuid": "a14d753a-8546-4e19-b0e9-8ba54e2194ac",
              "parentUUID": "07813e3a-f1a2-421a-86cf-2da864f749f0",
              "isHook": false,
              "skipped": false
            }
          ],
          "suites": [],
          "passes": [
            "a14d753a-8546-4e19-b0e9-8ba54e2194ac"
          ],
          "failures": [],
          "pending": [],
          "skipped": [],
          "duration": 12056,
          "root": false,
          "rootEmpty": false,
          "_timeout": 2000
        }
      ],
      "passes": [],
      "failures": [],
      "pending": [],
      "skipped": [],
      "duration": 0,
      "root": true,
      "rootEmpty": true,
      "_timeout": 2000
    }
  ],
  "meta": {
    "mocha": {
      "version": "7.0.1"
    },
    "mochawesome": {
      "options": {
        "quiet": false,
        "reportFilename": "mochawesome",
        "saveHtml": false,
        "saveJson": true,
        "consoleReporter": "spec",
        "useInlineDiffs": false,
        "code": true
      },
      "version": "6.2.2"
    },
    "marge": {
      "options": {
        "id": "default",
        "charts": true,
        "reportPageTitle": "custom-title",
        "overwrite": false,
        "html": false,
        "json": true,
        "reportDir": "cypress/reports/html/.jsons"
      },
      "version": "5.2.0"
    }
  }
}