<?xml version="1.0" encoding="UTF-8"?>
<testsuites name="Mocha Tests" time="13.4100" tests="1" failures="0">
  <testsuite name="Root Suite" timestamp="2022-06-10T10:46:36" tests="0" file="cypress/integration/admin/04-add-edit-delete-api-categories.spec.js" time="0.0000" failures="0">
  </testsuite>
  <testsuite name="Add Edit Delete api categories" timestamp="2022-06-10T10:46:36" tests="1" time="13.3640" failures="0">
    <testcase name="Add Edit Delete api categories Add Edit Delete api categories" time="13.3660" classname="Add Edit Delete api categories">
    </testcase>
  </testsuite>
</testsuites>