<?xml version="1.0" encoding="UTF-8"?>
<testsuites name="Mocha Tests" time="17.3640" tests="1" failures="0">
  <testsuite name="Root Suite" timestamp="2022-06-10T10:45:18" tests="0" file="cypress/integration/admin/00-add-edit-delete-microgateway-environments.spec.js" time="0.0000" failures="0">
  </testsuite>
  <testsuite name="Add Edit Delete Microgateway Environments" timestamp="2022-06-10T10:45:18" tests="1" time="17.3200" failures="0">
    <testcase name="Add Edit Delete Microgateway Environments Add Edit Delete Microgateway Environments" time="17.3550" classname="Add Edit Delete Microgateway Environments">
    </testcase>
  </testsuite>
</testsuites>