<?xml version="1.0" encoding="UTF-8"?>
<testsuites name="Mocha Tests" time="33.2530" tests="1" failures="0">
  <testsuite name="Root Suite" timestamp="2022-03-01T07:50:02" tests="0" file="cypress/integration/02-devportal/001-applications/02-generate-keys.spec.js" time="0.0000" failures="0">
  </testsuite>
  <testsuite name="Application tests" timestamp="2022-03-01T07:50:02" tests="1" time="33.2530" failures="0">
    <testcase name="Application tests Generate and update application production and sandbox keys, show hide keys" time="33.2530" classname="Generate and update application production and sandbox keys, show hide keys">
    </testcase>
  </testsuite>
</testsuites>