<?xml version="1.0" encoding="UTF-8"?>
<testsuites name="Mocha Tests" time="14.4970" tests="1" failures="0">
  <testsuite name="Root Suite" timestamp="2022-03-01T07:41:53" tests="0" file="cypress/integration/01-publisher/005-design-config/01-make-api-the-default-version.spec.js" time="0.0000" failures="0">
  </testsuite>
  <testsuite name="Make api the default version" timestamp="2022-03-01T07:41:53" tests="1" time="14.4970" failures="0">
    <testcase name="Make api the default version Add Authorization Header for the api" time="14.4970" classname="Add Authorization Header for the api">
    </testcase>
  </testsuite>
</testsuites>