<?xml version="1.0" encoding="UTF-8"?>
<testsuites name="Mocha Tests" time="23.1690" tests="2" failures="0">
  <testsuite name="Root Suite" timestamp="2022-03-01T07:31:12" tests="0" file="cypress/integration/01-publisher/001-api-create/01-login-logout-from-publisher-as-super-tenant-user.spec.js" time="0.0000" failures="0">
  </testsuite>
  <testsuite name="Login logout from publisher as supper tenant" timestamp="2022-03-01T07:31:12" tests="2" time="23.1690" failures="0">
    <testcase name="Login logout from publisher as supper tenant Login and logout from publisher" time="3.3970" classname="Login and logout from publisher">
    </testcase>
    <testcase name="Login logout from publisher as supper tenant Login and logout from publisher - tenant user" time="19.7720" classname="Login and logout from publisher - tenant user">
    </testcase>
  </testsuite>
</testsuites>