<?xml version="1.0" encoding="UTF-8"?>
<testsuites name="Mocha Tests" time="17.2030" tests="1" failures="0">
  <testsuite name="Root Suite" timestamp="2022-03-01T07:45:32" tests="0" file="cypress/integration/01-publisher/009-api-definition/03-upload-api.spec.js" time="0.0000" failures="0">
  </testsuite>
  <testsuite name="Upload api spec from the api definition page" timestamp="2022-03-01T07:45:32" tests="1" time="17.2030" failures="0">
    <testcase name="Upload api spec from the api definition page Upload api spec from the api definition page" time="17.2030" classname="Upload api spec from the api definition page">
    </testcase>
  </testsuite>
</testsuites>