<?xml version="1.0" encoding="UTF-8"?>
<testsuites name="Mocha Tests" time="16.4110" tests="1" failures="0">
  <testsuite name="Root Suite" timestamp="2022-03-01T07:38:34" tests="0" file="cypress/integration/01-publisher/004-endpoints/00-add-rest-endpoints-production-sandbox.spec.js" time="0.0000" failures="0">
  </testsuite>
  <testsuite name="Add Authorization Header for the api" timestamp="2022-03-01T07:38:34" tests="1" time="16.4110" failures="0">
    <testcase name="Add Authorization Header for the api Add Authorization Header for the api" time="16.4110" classname="Add Authorization Header for the api">
    </testcase>
  </testsuite>
</testsuites>