<?xml version="1.0" encoding="UTF-8"?>
<testsuites name="Mocha Tests" time="14.3240" tests="1" failures="0">
  <testsuite name="Root Suite" timestamp="2022-03-01T07:36:42" tests="0" file="cypress/integration/01-publisher/003-run-time-configs/02-enable-response-caching.spec.js" time="0.0000" failures="0">
  </testsuite>
  <testsuite name="Runtime configuration" timestamp="2022-03-01T07:36:42" tests="1" time="14.3240" failures="0">
    <testcase name="Runtime configuration Add Authorization Header for the api" time="14.3240" classname="Add Authorization Header for the api">
    </testcase>
  </testsuite>
</testsuites>