<?xml version="1.0" encoding="UTF-8"?>
<testsuites name="Mocha Tests" time="15.3040" tests="1" failures="0">
  <testsuite name="Root Suite" timestamp="2022-03-01T07:41:32" tests="0" file="cypress/integration/01-publisher/005-design-config/00-add-thumbnail-image.spec.js" time="0.0000" failures="0">
  </testsuite>
  <testsuite name="Upload thumbnail" timestamp="2022-03-01T07:41:32" tests="1" time="15.3040" failures="0">
    <testcase name="Upload thumbnail Upload thumbnail" time="15.3040" classname="Upload thumbnail">
    </testcase>
  </testsuite>
</testsuites>