<?xml version="1.0" encoding="UTF-8"?>
<testsuites name="Mocha Tests" time="70.3650" tests="4" failures="0">
  <testsuite name="Root Suite" timestamp="2022-03-01T07:34:26" tests="0" file="cypress/integration/01-publisher/002-api-resources/00-api-resource-create.spec.js" time="0.0000" failures="0">
  </testsuite>
  <testsuite name="Resource add edit operations" timestamp="2022-03-01T07:34:26" tests="4" time="70.3650" failures="0">
    <testcase name="Resource add edit operations Add new resource" time="18.5550" classname="Add new resource">
    </testcase>
    <testcase name="Resource add edit operations Add delete query path parameters for resources" time="16.4440" classname="Add delete query path parameters for resources">
    </testcase>
    <testcase name="Resource add edit operations Add advance throttling policies per resource" time="14.8280" classname="Add advance throttling policies per resource">
    </testcase>
    <testcase name="Resource add edit operations Add and assign scopes for API resources" time="20.5380" classname="Add and assign scopes for API resources">
    </testcase>
  </testsuite>
</testsuites>