<?xml version="1.0" encoding="UTF-8"?>
<testsuites name="Mocha Tests" time="15.0350" tests="1" failures="0">
  <testsuite name="Root Suite" timestamp="2022-03-01T07:36:02" tests="0" file="cypress/integration/01-publisher/003-run-time-configs/00-add-authorization-header.spec.js" time="0.0000" failures="0">
  </testsuite>
  <testsuite name="Runtime configuration" timestamp="2022-03-01T07:36:02" tests="1" time="15.0350" failures="0">
    <testcase name="Runtime configuration Add Authorization Header for the api" time="15.0350" classname="Add Authorization Header for the api">
    </testcase>
  </testsuite>
</testsuites>