<?xml version="1.0" encoding="UTF-8"?>
<testsuites name="Mocha Tests" time="15.4180" tests="1" failures="0">
  <testsuite name="Root Suite" timestamp="2022-03-01T07:57:25" tests="0" file="cypress/integration/03-admin/08-add-api-categories.spec.js" time="0.0000" failures="0">
  </testsuite>
  <testsuite name="Add API Categories and assign via publisher portal" timestamp="2022-03-01T07:57:25" tests="1" time="15.4180" failures="0">
    <testcase name="Add API Categories and assign via publisher portal Add API Categories and assign via publisher portal" time="15.4180" classname="Add API Categories and assign via publisher portal">
    </testcase>
  </testsuite>
</testsuites>