<?xml version="1.0" encoding="UTF-8"?>
<testsuites name="Mocha Tests" time="5.7350" tests="1" failures="0">
  <testsuite name="Root Suite" timestamp="2022-03-01T07:56:56" tests="0" file="cypress/integration/03-admin/04-add-edit-delete-api-categories.spec.js" time="0.0000" failures="0">
  </testsuite>
  <testsuite name="Add Edit Delete api categories" timestamp="2022-03-01T07:56:56" tests="1" time="5.7350" failures="0">
    <testcase name="Add Edit Delete api categories Add Edit Delete api categories" time="5.7350" classname="Add Edit Delete api categories">
    </testcase>
  </testsuite>
</testsuites>