<?xml version="1.0" encoding="UTF-8"?>
<testsuites name="Mocha Tests" time="17.6530" tests="1" failures="0">
  <testsuite name="Root Suite" timestamp="2022-03-01T07:40:23" tests="0" file="cypress/integration/01-publisher/004-endpoints/05-add-security.spec.js" time="0.0000" failures="0">
  </testsuite>
  <testsuite name="Add security to the endpoint" timestamp="2022-03-01T07:40:23" tests="1" time="17.6530" failures="0">
    <testcase name="Add security to the endpoint Add security to the endpoint" time="17.6530" classname="Add security to the endpoint">
    </testcase>
  </testsuite>
</testsuites>