<?xml version="1.0" encoding="UTF-8"?>
<testsuites name="Mocha Tests" time="19.8570" tests="1" failures="0">
  <testsuite name="Root Suite" timestamp="2022-03-01T07:40:00" tests="0" file="cypress/integration/01-publisher/004-endpoints/04-add-loadbalance.spec.js" time="0.0000" failures="0">
  </testsuite>
  <testsuite name="Endpoint testing" timestamp="2022-03-01T07:40:00" tests="1" time="19.8570" failures="0">
    <testcase name="Endpoint testing Add REST endpoints for production and sandbox endpoints with LOAD balanced" time="19.8570" classname="Add REST endpoints for production and sandbox endpoints with LOAD balanced">
    </testcase>
  </testsuite>
</testsuites>