<?xml version="1.0" encoding="UTF-8"?>
<testsuites name="Mocha Tests" time="6.2470" tests="1" failures="0">
  <testsuite name="Root Suite" timestamp="2022-03-01T07:57:18" tests="0" file="cypress/integration/03-admin/07-add-scope-mapping.spec.js" time="0.0000" failures="0">
  </testsuite>
  <testsuite name="Add scope mapping" timestamp="2022-03-01T07:57:18" tests="1" time="6.2470" failures="0">
    <testcase name="Add scope mapping Add scope mapping" time="6.2470" classname="Add scope mapping">
    </testcase>
  </testsuite>
</testsuites>