<?xml version="1.0" encoding="UTF-8"?>
<testsuites name="Mocha Tests" time="83.7200" tests="4" failures="0">
  <testsuite name="Root Suite" timestamp="2022-03-01T07:32:08" tests="0" file="cypress/integration/01-publisher/001-api-create/03-create-api-with-swagger-url-super-tenant.spec.js" time="0.0000" failures="0">
  </testsuite>
  <testsuite name="Create api with swagger file super tenant" timestamp="2022-03-01T07:32:08" tests="4" time="83.7200" failures="0">
    <testcase name="Create api with swagger file super tenant Create API from swagger from file openapi 2" time="29.4150" classname="Create API from swagger from file openapi 2">
    </testcase>
    <testcase name="Create api with swagger file super tenant Create API from swagger from file openapi 3" time="19.3020" classname="Create API from swagger from file openapi 3">
    </testcase>
    <testcase name="Create api with swagger file super tenant Create API from swagger from file openapi 2 - tenant user" time="16.1790" classname="Create API from swagger from file openapi 2 - tenant user">
    </testcase>
    <testcase name="Create api with swagger file super tenant Create API from swagger from file openapi 3 - tenant user" time="18.8240" classname="Create API from swagger from file openapi 3 - tenant user">
    </testcase>
  </testsuite>
</testsuites>