<?xml version="1.0" encoding="UTF-8"?>
<testsuites name="Mocha Tests" time="18.5600" tests="1" failures="0">
  <testsuite name="Root Suite" timestamp="2022-03-01T07:47:18" tests="0" file="cypress/integration/01-publisher/011-lifecycle/02-deploy-as-prototype.spec.js" time="0.0000" failures="0">
  </testsuite>
  <testsuite name="Deploy as prototype" timestamp="2022-03-01T07:47:18" tests="1" time="18.5600" failures="0">
    <testcase name="Deploy as prototype Deploy as prototype" time="18.5600" classname="Deploy as prototype">
    </testcase>
  </testsuite>
</testsuites>