<?xml version="1.0" encoding="UTF-8"?>
<testsuites name="Mocha Tests" time="17.3310" tests="1" failures="0">
  <testsuite name="Root Suite" timestamp="2022-03-01T07:37:51" tests="0" file="cypress/integration/01-publisher/003-run-time-configs/04-enable-mutual-ssl-and-upload-certificate.spec.js" time="0.0000" failures="0">
  </testsuite>
  <testsuite name="Runtime configuration" timestamp="2022-03-01T07:37:51" tests="1" time="17.3310" failures="0">
    <testcase name="Runtime configuration Enable mutual ssl and upload cert" time="17.3310" classname="Enable mutual ssl and upload cert">
    </testcase>
  </testsuite>
</testsuites>