<?xml version="1.0" encoding="UTF-8"?>
<testsuites name="Mocha Tests" time="4.5650" tests="1" failures="0">
  <testsuite name="Root Suite" timestamp="2022-03-01T07:57:12" tests="0" file="cypress/integration/03-admin/06-add-delete-black-list-policies.spec.js" time="0.0000" failures="0">
  </testsuite>
  <testsuite name="Add deny policies" timestamp="2022-03-01T07:57:12" tests="1" time="4.5650" failures="0">
    <testcase name="Add deny policies Add deny policies" time="4.5650" classname="Add deny policies">
    </testcase>
  </testsuite>
</testsuites>