<?xml version="1.0" encoding="UTF-8"?>
<testsuites name="Mocha Tests" time="13.6910" tests="1" failures="0">
  <testsuite name="Root Suite" timestamp="2022-03-01T07:57:45" tests="0" file="cypress/integration/03-admin/09-add-km.spec.js" time="0.0000" failures="0">
  </testsuite>
  <testsuite name="Add key manager" timestamp="2022-03-01T07:57:45" tests="1" time="13.6910" failures="0">
    <testcase name="Add key manager Add key manager" time="13.6910" classname="Add key manager">
    </testcase>
  </testsuite>
</testsuites>