<?xml version="1.0" encoding="UTF-8"?>
<testsuites name="Mocha Tests" time="12.5930" tests="1" failures="0">
  <testsuite name="Root Suite" timestamp="2022-06-10T10:45:59" tests="0" file="cypress/integration/admin/02-add-edit-delete-application-throttle-policies.spec.js" time="0.0000" failures="0">
  </testsuite>
  <testsuite name="Add Edit Delete application throttle policies" timestamp="2022-06-10T10:45:59" tests="1" time="12.5100" failures="0">
    <testcase name="Add Edit Delete application throttle policies Add Edit Delete application throttle policies" time="12.4610" classname="Add Edit Delete application throttle policies">
    </testcase>
  </testsuite>
</testsuites>