<?xml version="1.0" encoding="UTF-8"?>
<testsuites name="Mocha Tests" time="8.6070" tests="1" failures="0">
  <testsuite name="Root Suite" timestamp="2022-03-01T07:57:03" tests="0" file="cypress/integration/03-admin/05-add-custom-throttle-policies.spec.js" time="0.0000" failures="0">
  </testsuite>
  <testsuite name="Add custom throttle policies" timestamp="2022-03-01T07:57:03" tests="1" time="8.6070" failures="0">
    <testcase name="Add custom throttle policies Add custom throttle policies" time="8.6070" classname="Add custom throttle policies">
    </testcase>
  </testsuite>
</testsuites>