<?xml version="1.0" encoding="UTF-8"?>
<testsuites name="Mocha Tests" time="17.9320" tests="1" failures="0">
  <testsuite name="Root Suite" timestamp="2022-06-10T10:46:15" tests="0" file="cypress/integration/admin/03-add-edit-delete-subscription-throttle-policies.spec.js" time="0.0000" failures="0">
  </testsuite>
  <testsuite name="Add Edit Delete subscription throttle policies" timestamp="2022-06-10T10:46:15" tests="1" time="17.8860" failures="0">
    <testcase name="Add Edit Delete subscription throttle policies Add Edit Delete subscription throttle policies" time="17.9060" classname="Add Edit Delete subscription throttle policies">
    </testcase>
  </testsuite>
</testsuites>