<?xml version="1.0" encoding="UTF-8"?>
<testsuites name="Mocha Tests" time="20.4040" tests="1" failures="0">
  <testsuite name="Root Suite" timestamp="2022-03-01T07:40:44" tests="0" file="cypress/integration/01-publisher/004-endpoints/06-Import-delete-certificates.spec.js" time="0.0000" failures="0">
  </testsuite>
  <testsuite name="Endpoint testing" timestamp="2022-03-01T07:40:44" tests="1" time="20.4040" failures="0">
    <testcase name="Endpoint testing Add REST endpoints for production and sandbox endpoints with failover" time="20.4040" classname="Add REST endpoints for production and sandbox endpoints with failover">
    </testcase>
  </testsuite>
</testsuites>