<?xml version="1.0" encoding="UTF-8"?>
<testsuites name="Mocha Tests" time="23.4050" tests="1" failures="0">
  <testsuite name="Root Suite" timestamp="2022-03-01T07:37:02" tests="0" file="cypress/integration/01-publisher/003-run-time-configs/03-download-upload-mediators.spec.js" time="0.0000" failures="0">
  </testsuite>
  <testsuite name="Runtime configuration" timestamp="2022-03-01T07:37:02" tests="1" time="23.4050" failures="0">
    <testcase name="Runtime configuration Download mediation policies for In Flow, Out Flow, Fault Flow" time="23.4050" classname="Download mediation policies for In Flow, Out Flow, Fault Flow">
    </testcase>
  </testsuite>
</testsuites>