<?xml version="1.0" encoding="UTF-8"?>
<testsuites name="Mocha Tests" time="19.8890" tests="1" failures="0">
  <testsuite name="Root Suite" timestamp="2022-06-10T10:48:24" tests="0" file="cypress/integration/admin/09-add-km.spec.js" time="0.0000" failures="0">
  </testsuite>
  <testsuite name="Add key manager" timestamp="2022-06-10T10:48:24" tests="1" time="19.7990" failures="0">
    <testcase name="Add key manager Add key manager" time="19.8060" classname="Add key manager">
    </testcase>
  </testsuite>
</testsuites>