<?xml version="1.0" encoding="UTF-8"?>
<testsuites name="Mocha Tests" time="15.0620" tests="1" failures="0">
  <testsuite name="Root Suite" timestamp="2022-03-01T07:36:22" tests="0" file="cypress/integration/01-publisher/003-run-time-configs/01-select-transport-types.spec.js" time="0.0000" failures="0">
  </testsuite>
  <testsuite name="Runtime configuration" timestamp="2022-03-01T07:36:22" tests="1" time="15.0620" failures="0">
    <testcase name="Runtime configuration Select transport type" time="15.0620" classname="Select transport type">
    </testcase>
  </testsuite>
</testsuites>