<?xml version="1.0" encoding="UTF-8"?>
<testsuites name="Mocha Tests" time="16.8210" tests="1" failures="0">
  <testsuite name="Root Suite" timestamp="2022-03-01T07:44:33" tests="0" file="cypress/integration/01-publisher/008-business-info/00-business-info.spec.js" time="0.0000" failures="0">
  </testsuite>
  <testsuite name="Add business information" timestamp="2022-03-01T07:44:33" tests="1" time="16.8210" failures="0">
    <testcase name="Add business information Add business information" time="16.8210" classname="Add business information">
    </testcase>
  </testsuite>
</testsuites>