<?xml version="1.0" encoding="UTF-8"?>
<testsuites name="Mocha Tests" time="16.6650" tests="1" failures="0">
  <testsuite name="Root Suite" timestamp="2022-03-01T07:42:12" tests="0" file="cypress/integration/01-publisher/005-design-config/02-set-publisher-access-control-and-visibility-by-roles.spec.js" time="0.0000" failures="0">
  </testsuite>
  <testsuite name="Set publisher access control and visibility by roles" timestamp="2022-03-01T07:42:12" tests="1" time="16.6650" failures="0">
    <testcase name="Set publisher access control and visibility by roles Set role based API Store visibility and access control for the api" time="16.6650" classname="Set role based API Store visibility and access control for the api">
    </testcase>
  </testsuite>
</testsuites>