<?xml version="1.0" encoding="UTF-8"?>
<testsuites name="Mocha Tests" time="16.2060" tests="1" failures="0">
  <testsuite name="Root Suite" timestamp="2022-03-01T07:50:41" tests="0" file="cypress/integration/02-devportal/001-applications/03-generate-api-keys.spec.js" time="0.0000" failures="0">
  </testsuite>
  <testsuite name="Application tests" timestamp="2022-03-01T07:50:41" tests="1" time="16.2060" failures="0">
    <testcase name="Application tests Generate API Keys" time="16.2060" classname="Generate API Keys">
    </testcase>
  </testsuite>
</testsuites>