<?xml version="1.0" encoding="UTF-8"?>
<testsuites name="Mocha Tests" time="7.4910" tests="1" failures="0">
  <testsuite name="Root Suite" timestamp="2022-03-01T07:56:48" tests="0" file="cypress/integration/03-admin/03-add-edit-delete-subscription-throttle-policies.spec.js" time="0.0000" failures="0">
  </testsuite>
  <testsuite name="Add Edit Delete subscription throttle policies" timestamp="2022-03-01T07:56:48" tests="1" time="7.4910" failures="0">
    <testcase name="Add Edit Delete subscription throttle policies Add Edit Delete subscription throttle policies" time="7.4910" classname="Add Edit Delete subscription throttle policies">
    </testcase>
  </testsuite>
</testsuites>