<?xml version="1.0" encoding="UTF-8"?>
<testsuites name="Mocha Tests" time="12.0560" tests="1" failures="0">
  <testsuite name="Root Suite" timestamp="2022-03-01T07:34:10" tests="0" file="cypress/integration/01-publisher/001-api-create/05-creating-graphql-api-as-super-tenant-user.spec.js" time="0.0000" failures="0">
  </testsuite>
  <testsuite name="Create GraphQl API from file" timestamp="2022-03-01T07:34:10" tests="1" time="12.0560" failures="0">
    <testcase name="Create GraphQl API from file Create GraphQl API from file" time="12.0560" classname="Create GraphQl API from file">
    </testcase>
  </testsuite>
</testsuites>